Using pre-set license
Built from '2021.3/release' branch; Version is '2021.3.27f1 (ca3ffb99bcc6) revision 13254651'; Using compiler version '192829333'; Build Type 'Release'
OS: 'Windows 11  (10.0.22621) 64bit Professional' Language: 'ru' Physical Memory: 32694 MB
BatchMode: 1, IsHumanControllingUs: 0, StartBugReporterOnCrash: 0, Is64bit: 1, IsPro: 1

COMMAND LINE ARGUMENTS:
C:\Program Files\Unity\Hub\Editor\2021.3.27f1\Editor\Unity.exe
-adb2
-batchMode
-noUpm
-name
AssetImportWorker13
-projectPath
C:/Unity Projects/My project
-logFile
Logs/AssetImportWorker13.log
-srvPort
57747
Successfully changed project path to: C:/Unity Projects/My project
C:/Unity Projects/My project
[UnityMemory] Configuration Parameters - Can be set up in boot.config
    "memorysetup-bucket-allocator-granularity=16"
    "memorysetup-bucket-allocator-bucket-count=8"
    "memorysetup-bucket-allocator-block-size=33554432"
    "memorysetup-bucket-allocator-block-count=8"
    "memorysetup-main-allocator-block-size=16777216"
    "memorysetup-thread-allocator-block-size=16777216"
    "memorysetup-gfx-main-allocator-block-size=16777216"
    "memorysetup-gfx-thread-allocator-block-size=16777216"
    "memorysetup-cache-allocator-block-size=4194304"
    "memorysetup-typetree-allocator-block-size=2097152"
    "memorysetup-profiler-bucket-allocator-granularity=16"
    "memorysetup-profiler-bucket-allocator-bucket-count=8"
    "memorysetup-profiler-bucket-allocator-block-size=33554432"
    "memorysetup-profiler-bucket-allocator-block-count=8"
    "memorysetup-profiler-allocator-block-size=16777216"
    "memorysetup-profiler-editor-allocator-block-size=1048576"
    "memorysetup-temp-allocator-size-main=16777216"
    "memorysetup-job-temp-allocator-block-size=2097152"
    "memorysetup-job-temp-allocator-block-size-background=1048576"
    "memorysetup-job-temp-allocator-reduction-small-platforms=262144"
    "memorysetup-temp-allocator-size-background-worker=32768"
    "memorysetup-temp-allocator-size-job-worker=262144"
    "memorysetup-temp-allocator-size-preload-manager=33554432"
    "memorysetup-temp-allocator-size-nav-mesh-worker=65536"
    "memorysetup-temp-allocator-size-audio-worker=65536"
    "memorysetup-temp-allocator-size-cloud-worker=32768"
    "memorysetup-temp-allocator-size-gi-baking-worker=262144"
    "memorysetup-temp-allocator-size-gfx=262144"
Player connection [71292] Host "[IP] 192.168.10.92 [Port] 0 [Flags] 2 [Guid] 2658625488 [EditorId] 2658625488 [Version] 1048832 [Id] WindowsEditor(7,DESKTOP-1CJ2JDT) [Debug] 1 [PackageName] WindowsEditor [ProjectName] Editor" joined multi-casting on [225.0.0.222:54997]...

Player connection [71292] Host "[IP] 192.168.10.92 [Port] 0 [Flags] 2 [Guid] 2658625488 [EditorId] 2658625488 [Version] 1048832 [Id] WindowsEditor(7,DESKTOP-1CJ2JDT) [Debug] 1 [PackageName] WindowsEditor [ProjectName] Editor" joined alternative multi-casting on [225.0.0.222:34997]...

Refreshing native plugins compatible for Editor in 57.67 ms, found 3 plugins.
Preloading 0 native plugins for Editor in 0.00 ms.
Initialize engine version: 2021.3.27f1 (ca3ffb99bcc6)
[Subsystems] Discovering subsystems at path C:/Program Files/Unity/Hub/Editor/2021.3.27f1/Editor/Data/Resources/UnitySubsystems
[Subsystems] Discovering subsystems at path C:/Unity Projects/My project/Assets
GfxDevice: creating device client; threaded=0; jobified=0
Direct3D:
    Version:  Direct3D 11.0 [level 11.1]
    Renderer: NVIDIA GeForce RTX 3060 (ID=0x2504)
    Vendor:   NVIDIA
    VRAM:     12129 MB
    Driver:   31.0.15.3734
Initialize mono
Mono path[0] = 'C:/Program Files/Unity/Hub/Editor/2021.3.27f1/Editor/Data/Managed'
Mono path[1] = 'C:/Program Files/Unity/Hub/Editor/2021.3.27f1/Editor/Data/MonoBleedingEdge/lib/mono/unityjit-win32'
Mono config path = 'C:/Program Files/Unity/Hub/Editor/2021.3.27f1/Editor/Data/MonoBleedingEdge/etc'
Using monoOptions --debugger-agent=transport=dt_socket,embedding=1,server=y,suspend=n,address=127.0.0.1:56580
Begin MonoManager ReloadAssembly
Registering precompiled unity dll's ...
Register platform support module: C:/Program Files/Unity/Hub/Editor/2021.3.27f1/Editor/Data/PlaybackEngines/AndroidPlayer/UnityEditor.Android.Extensions.dll
Register platform support module: C:/Program Files/Unity/Hub/Editor/2021.3.27f1/Editor/Data/PlaybackEngines/iOSSupport/UnityEditor.iOS.Extensions.dll
Register platform support module: C:/Program Files/Unity/Hub/Editor/2021.3.27f1/Editor/Data/PlaybackEngines/WindowsStandaloneSupport/UnityEditor.WindowsStandalone.Extensions.dll
Registered in 0.005788 seconds.
Native extension for WindowsStandalone target not found
[usbmuxd] Start listen thread
[usbmuxd] Listen thread started
Native extension for iOS target not found
Native extension for Android target not found
Android Extension - Scanning For ADB Devices 390 ms
Refreshing native plugins compatible for Editor in 54.95 ms, found 3 plugins.
Preloading 0 native plugins for Editor in 0.00 ms.
Mono: successfully reloaded assembly
- Completed reload, in  0.931 seconds
Domain Reload Profiling:
	ReloadAssembly (932ms)
		BeginReloadAssembly (65ms)
			ExecutionOrderSort (0ms)
			DisableScriptedObjects (0ms)
			BackupInstance (0ms)
			ReleaseScriptingObjects (0ms)
			CreateAndSetChildDomain (1ms)
		EndReloadAssembly (786ms)
			LoadAssemblies (64ms)
			RebuildTransferFunctionScriptingTraits (0ms)
			SetupTypeCache (85ms)
			ReleaseScriptCaches (0ms)
			RebuildScriptCaches (22ms)
			SetupLoadedEditorAssemblies (638ms)
				LogAssemblyErrors (0ms)
				InitializePlatformSupportModulesInManaged (479ms)
				SetLoadedEditorAssemblies (0ms)
				RefreshPlugins (55ms)
				BeforeProcessingInitializeOnLoad (1ms)
				ProcessInitializeOnLoadAttributes (67ms)
				ProcessInitializeOnLoadMethodAttributes (36ms)
				AfterProcessingInitializeOnLoad (0ms)
				EditorAssembliesLoaded (0ms)
			ExecutionOrderSort2 (0ms)
			AwakeInstancesAfterBackupRestoration (0ms)
Platform modules already initialized, skipping
Registering precompiled user dll's ...
Registered in 0.003542 seconds.
Begin MonoManager ReloadAssembly
Symbol file LoadedFromMemory doesn't match image C:\Unity Projects\My project\Library\PackageCache\com.unity.visualscripting@1.8.0\Editor\VisualScripting.Core\Dependencies\YamlDotNet\Unity.VisualScripting.YamlDotNet.dll
Symbol file LoadedFromMemory doesn't match image C:\Unity Projects\My project\Library\PackageCache\com.unity.visualscripting@1.8.0\Editor\VisualScripting.Core\Dependencies\DotNetZip\Unity.VisualScripting.IonicZip.dll
Native extension for WindowsStandalone target not found
Native extension for iOS target not found
Native extension for Android target not found
Refreshing native plugins compatible for Editor in 57.44 ms, found 3 plugins.
Preloading 0 native plugins for Editor in 0.00 ms.
Mono: successfully reloaded assembly
- Completed reload, in  0.865 seconds
Domain Reload Profiling:
	ReloadAssembly (866ms)
		BeginReloadAssembly (92ms)
			ExecutionOrderSort (0ms)
			DisableScriptedObjects (5ms)
			BackupInstance (0ms)
			ReleaseScriptingObjects (0ms)
			CreateAndSetChildDomain (19ms)
		EndReloadAssembly (696ms)
			LoadAssemblies (66ms)
			RebuildTransferFunctionScriptingTraits (0ms)
			SetupTypeCache (209ms)
			ReleaseScriptCaches (1ms)
			RebuildScriptCaches (41ms)
			SetupLoadedEditorAssemblies (332ms)
				LogAssemblyErrors (0ms)
				InitializePlatformSupportModulesInManaged (23ms)
				SetLoadedEditorAssemblies (0ms)
				RefreshPlugins (58ms)
				BeforeProcessingInitializeOnLoad (59ms)
				ProcessInitializeOnLoadAttributes (173ms)
				ProcessInitializeOnLoadMethodAttributes (14ms)
				AfterProcessingInitializeOnLoad (5ms)
				EditorAssembliesLoaded (0ms)
			ExecutionOrderSort2 (0ms)
			AwakeInstancesAfterBackupRestoration (4ms)
Platform modules already initialized, skipping
========================================================================
Worker process is ready to serve import requests
Launched and connected shader compiler UnityShaderCompiler.exe after 0.05 seconds
Refreshing native plugins compatible for Editor in 0.90 ms, found 3 plugins.
Preloading 0 native plugins for Editor in 0.00 ms.
Unloading 3165 Unused Serialized files (Serialized files now loaded: 0)
Unloading 28 unused Assets / (0.8 MB). Loaded Objects now: 3647.
Memory consumption went from 129.9 MB to 129.2 MB.
Total: 4.331100 ms (FindLiveObjects: 0.458600 ms CreateObjectMapping: 0.096800 ms MarkObjects: 3.488200 ms  DeleteObjects: 0.286600 ms)

AssetImportParameters requested are different than current active one (requested -> active):
  custom:video-decoder-ogg-theora: a1e56fd34408186e4bbccfd4996cb3dc -> 
  custom:container-muxer-webm: aa71ff27fc2769a1b78a27578f13a17b -> 
  custom:container-demuxer-webm: 4f35f7cbe854078d1ac9338744f61a02 -> 
  custom:video-encoder-webm-vp8: eb34c28f22e8b96e1ab97ce403110664 -> 
  custom:video-codec-MediaFoundation-h265: 746d11721c4dcdbdad8f713fa42b33f4 -> 
  custom:audio-encoder-webm-vorbis: bf7c407c2cedff20999df2af8eb42d56 -> 
  custom:framework-win-MediaFoundation: 216162199b28c13a410421893ffa2e32 -> 
  custom:container-demuxer-ogg: 62fdf1f143b41e24485cea50d1cbac27 -> 
  custom:video-decoder-webm-vp8: 9c59270c3fd7afecdb556c50c9e8de78 -> 
  custom:audio-decoder-ogg-vorbis: bf7c407c2cedff20999df2af8eb42d56 -> 
========================================================================
Received Import Request.
  Time since last request: 336281.439706 seconds.
  path: Assets/Wood_Boat/Prefab/shovel.prefab
  artifactKey: Guid(3f5d4a5718495e547bf571e2c640aa30) Importer(815301076,1909f56bfc062723c751e8b465ee728b)
Start importing Assets/Wood_Boat/Prefab/shovel.prefab using Guid(3f5d4a5718495e547bf571e2c640aa30) Importer(815301076,1909f56bfc062723c751e8b465ee728b)  -> (artifact id: '33f6757baa13e6d49c4a6f1b5e68066c') in 0.135655 seconds 
========================================================================
Received Import Request.
  Time since last request: 79.985936 seconds.
  path: Assets/Wood_Boat/Texture/Normal.png
  artifactKey: Guid(5e35beb7726c4d845be7756382898233) Importer(815301076,1909f56bfc062723c751e8b465ee728b)
Start importing Assets/Wood_Boat/Texture/Normal.png using Guid(5e35beb7726c4d845be7756382898233) Importer(815301076,1909f56bfc062723c751e8b465ee728b)  -> (artifact id: '47c32a2120b97286cc4e43a168f1d767') in 0.054528 seconds 
========================================================================
Received Import Request.
  Time since last request: 5.565344 seconds.
  path: Assets/Wood_Boat/Model/shovel.obj
  artifactKey: Guid(1eb2ba7c60cc8c0498030f18a131cf58) Importer(815301076,1909f56bfc062723c751e8b465ee728b)
Start importing Assets/Wood_Boat/Model/shovel.obj using Guid(1eb2ba7c60cc8c0498030f18a131cf58) Importer(815301076,1909f56bfc062723c751e8b465ee728b)  -> (artifact id: 'c3df5c36f46d6fb6c6d5d9b0356fe0d2') in 0.048493 seconds 
========================================================================
Received Import Request.
  Time since last request: 528.897466 seconds.
  path: Assets/Models/Island_low.fbx
  artifactKey: Guid(df645c3204020ad44a990655e01b56d1) Importer(815301076,1909f56bfc062723c751e8b465ee728b)
Start importing Assets/Models/Island_low.fbx using Guid(df645c3204020ad44a990655e01b56d1) Importer(815301076,1909f56bfc062723c751e8b465ee728b)  -> (artifact id: '4b7ffe4a183d61909b9f386042d9622c') in 0.014267 seconds 
========================================================================
Received Import Request.
  Time since last request: 0.009866 seconds.
  path: Assets/Models/Rock_3.FBX
  artifactKey: Guid(7d6ba04ff2b713248b1fa30cda241ecc) Importer(815301076,1909f56bfc062723c751e8b465ee728b)
Start importing Assets/Models/Rock_3.FBX using Guid(7d6ba04ff2b713248b1fa30cda241ecc) Importer(815301076,1909f56bfc062723c751e8b465ee728b)  -> (artifact id: '4e62ae7b71fcf545570e1c096ca88b47') in 0.015778 seconds 
========================================================================
Received Import Request.
  Time since last request: 0.000016 seconds.
  path: Assets/Models/RopeAndWood.fbx
  artifactKey: Guid(7f3d21aa3103fa945a6d68f180dac134) Importer(815301076,1909f56bfc062723c751e8b465ee728b)
Start importing Assets/Models/RopeAndWood.fbx using Guid(7f3d21aa3103fa945a6d68f180dac134) Importer(815301076,1909f56bfc062723c751e8b465ee728b)  -> (artifact id: '62ebcf5748a1f7707b826435399a788e') in 0.019502 seconds 
========================================================================
Received Import Request.
  Time since last request: 0.000016 seconds.
  path: Assets/Models/Tree_low.fbx
  artifactKey: Guid(003809c3ba05a704f9e77b21cb217358) Importer(815301076,1909f56bfc062723c751e8b465ee728b)
Start importing Assets/Models/Tree_low.fbx using Guid(003809c3ba05a704f9e77b21cb217358) Importer(815301076,1909f56bfc062723c751e8b465ee728b)  -> (artifact id: '84846f1ec349d0099d2ea50bae91a87f') in 0.114326 seconds 
========================================================================
Received Import Request.
  Time since last request: 1.560912 seconds.
  path: Assets/ASTROFISH_GAMES/MEDIEVAL_SERIES/MEDIEVAL_WELLS_PROPS/MODELS/MVillage_WellWall_02_Curved.FBX
  artifactKey: Guid(f0c49c31a30fb594bb4194d1a93d7963) Importer(815301076,1909f56bfc062723c751e8b465ee728b)
Start importing Assets/ASTROFISH_GAMES/MEDIEVAL_SERIES/MEDIEVAL_WELLS_PROPS/MODELS/MVillage_WellWall_02_Curved.FBX using Guid(f0c49c31a30fb594bb4194d1a93d7963) Importer(815301076,1909f56bfc062723c751e8b465ee728b)  -> (artifact id: '8d087d37112f4136fe453807916c73cb') in 0.044377 seconds 
========================================================================
Received Import Request.
  Time since last request: 0.000019 seconds.
  path: Assets/FantasyEnvironments/Environments/Materials/Plant.mat
  artifactKey: Guid(7805f02cde847fa488989988fbc3d7eb) Importer(815301076,1909f56bfc062723c751e8b465ee728b)
Start importing Assets/FantasyEnvironments/Environments/Materials/Plant.mat using Guid(7805f02cde847fa488989988fbc3d7eb) Importer(815301076,1909f56bfc062723c751e8b465ee728b)  -> (artifact id: 'ed0e7d28a911c7a3b9a936f23d8f8f3b') in 0.021941 seconds 
========================================================================
Received Import Request.
  Time since last request: 0.000020 seconds.
  path: Assets/FantasyEnvironments/Environments/Ambient-Occlusion-Trees/Materials/Birch_bark.mat
  artifactKey: Guid(7ed001e11f025264c8b5dfc5b0702319) Importer(815301076,1909f56bfc062723c751e8b465ee728b)
Start importing Assets/FantasyEnvironments/Environments/Ambient-Occlusion-Trees/Materials/Birch_bark.mat using Guid(7ed001e11f025264c8b5dfc5b0702319) Importer(815301076,1909f56bfc062723c751e8b465ee728b)  -> (artifact id: 'b7322e01e0cda2ff458fef19e3e9741b') in 0.044109 seconds 
========================================================================
Received Import Request.
  Time since last request: 0.000017 seconds.
  path: Assets/ASTROFISH_GAMES/MEDIEVAL_SERIES/MEDIEVAL_WELLS_PROPS/MODELS/MVillage_PlatformStone_Part_Sml.FBX
  artifactKey: Guid(3a44e3ab89b98fb409c3f3c587358b91) Importer(815301076,1909f56bfc062723c751e8b465ee728b)
Start importing Assets/ASTROFISH_GAMES/MEDIEVAL_SERIES/MEDIEVAL_WELLS_PROPS/MODELS/MVillage_PlatformStone_Part_Sml.FBX using Guid(3a44e3ab89b98fb409c3f3c587358b91) Importer(815301076,1909f56bfc062723c751e8b465ee728b)  -> (artifact id: 'c47c72595ab24ee97e44c17c6a19bc26') in 0.024837 seconds 
========================================================================
Received Import Request.
  Time since last request: 0.000025 seconds.
  path: Assets/ASTROFISH_GAMES/MEDIEVAL_SERIES/MEDIEVAL_WELLS_PROPS/MODELS/MVillage_CoinGround_Lrg.FBX
  artifactKey: Guid(1dd2ad8bb44a5614ea368345dead4bf8) Importer(815301076,1909f56bfc062723c751e8b465ee728b)
Start importing Assets/ASTROFISH_GAMES/MEDIEVAL_SERIES/MEDIEVAL_WELLS_PROPS/MODELS/MVillage_CoinGround_Lrg.FBX using Guid(1dd2ad8bb44a5614ea368345dead4bf8) Importer(815301076,1909f56bfc062723c751e8b465ee728b)  -> (artifact id: 'd4fd8d425e6d449956fda1ae808ab690') in 0.034773 seconds 
========================================================================
Received Import Request.
  Time since last request: 0.000020 seconds.
  path: Assets/ASTROFISH_GAMES/MEDIEVAL_SERIES/MEDIEVAL_WELLS_PROPS/MODELS/MVillage_WellWall_01.FBX
  artifactKey: Guid(20fa86f131f49e64884b9349d3609019) Importer(815301076,1909f56bfc062723c751e8b465ee728b)
Start importing Assets/ASTROFISH_GAMES/MEDIEVAL_SERIES/MEDIEVAL_WELLS_PROPS/MODELS/MVillage_WellWall_01.FBX using Guid(20fa86f131f49e64884b9349d3609019) Importer(815301076,1909f56bfc062723c751e8b465ee728b)  -> (artifact id: 'e1b2d2af38042fd9fea4f257822f5445') in 0.026661 seconds 
========================================================================
Received Import Request.
  Time since last request: 0.000027 seconds.
  path: Assets/ASTROFISH_GAMES/MEDIEVAL_SERIES/MEDIEVAL_WELLS_PROPS/MODELS/MVillage_WellWall_02_Half_A.FBX
  artifactKey: Guid(64704a1d382b6cc4f8a807ab4cf6a81b) Importer(815301076,1909f56bfc062723c751e8b465ee728b)
Start importing Assets/ASTROFISH_GAMES/MEDIEVAL_SERIES/MEDIEVAL_WELLS_PROPS/MODELS/MVillage_WellWall_02_Half_A.FBX using Guid(64704a1d382b6cc4f8a807ab4cf6a81b) Importer(815301076,1909f56bfc062723c751e8b465ee728b)  -> (artifact id: 'b3b9496584fa02f8c77d6c904a130ad8') in 0.026648 seconds 
========================================================================
Received Import Request.
  Time since last request: 0.000017 seconds.
  path: Assets/Wood_Boat/Materials/Wood_Boat.mat
  artifactKey: Guid(ee2e9cd34faf90c4e9beddac6b24cc44) Importer(815301076,1909f56bfc062723c751e8b465ee728b)
Start importing Assets/Wood_Boat/Materials/Wood_Boat.mat using Guid(ee2e9cd34faf90c4e9beddac6b24cc44) Importer(815301076,1909f56bfc062723c751e8b465ee728b)  -> (artifact id: 'f9f67a7e8efd9b03c63779e83188c6bc') in 0.010332 seconds 
========================================================================
Received Import Request.
  Time since last request: 0.000015 seconds.
  path: Assets/ASTROFISH_GAMES/MEDIEVAL_SERIES/MEDIEVAL_WELLS_PROPS/MODELS/MVillage_CoinGroup_Med.FBX
  artifactKey: Guid(001bb4dffca1ab7499d04138f0ebf9af) Importer(815301076,1909f56bfc062723c751e8b465ee728b)
Start importing Assets/ASTROFISH_GAMES/MEDIEVAL_SERIES/MEDIEVAL_WELLS_PROPS/MODELS/MVillage_CoinGroup_Med.FBX using Guid(001bb4dffca1ab7499d04138f0ebf9af) Importer(815301076,1909f56bfc062723c751e8b465ee728b)  -> (artifact id: '531c669844bf4a04b5dde17eaefd1bbc') in 0.021812 seconds 
========================================================================
Received Import Request.
  Time since last request: 0.000013 seconds.
  path: Assets/FantasyEnvironments/Environments/Ambient-Occlusion-Trees/Materials/Oak_bark.mat
  artifactKey: Guid(c5ace0970bb6e8a4db39822a65cfe2a2) Importer(815301076,1909f56bfc062723c751e8b465ee728b)
Start importing Assets/FantasyEnvironments/Environments/Ambient-Occlusion-Trees/Materials/Oak_bark.mat using Guid(c5ace0970bb6e8a4db39822a65cfe2a2) Importer(815301076,1909f56bfc062723c751e8b465ee728b)  -> (artifact id: '815cf1aacf8754cb97cc7ece79e35c5d') in 0.008584 seconds 
========================================================================
Received Import Request.
  Time since last request: 0.000014 seconds.
  path: Assets/ASTROFISH_GAMES/MEDIEVAL_SERIES/MEDIEVAL_WELLS_PROPS/MODELS/MVillage_SoilBorder_Lrg.FBX
  artifactKey: Guid(be0a75d1d8b5387469700671b5156311) Importer(815301076,1909f56bfc062723c751e8b465ee728b)
Start importing Assets/ASTROFISH_GAMES/MEDIEVAL_SERIES/MEDIEVAL_WELLS_PROPS/MODELS/MVillage_SoilBorder_Lrg.FBX using Guid(be0a75d1d8b5387469700671b5156311) Importer(815301076,1909f56bfc062723c751e8b465ee728b)  -> (artifact id: '937e75c84a5cf1853f6c21ab72e4badd') in 0.020882 seconds 
========================================================================
Received Import Request.
  Time since last request: 0.000019 seconds.
  path: Assets/ASTROFISH_GAMES/MEDIEVAL_SERIES/MEDIEVAL_WELLS_PROPS/MODELS/MVillage_BucketHandle.FBX
  artifactKey: Guid(46e2c2cda6ea32d4281f6cb5ba51d074) Importer(815301076,1909f56bfc062723c751e8b465ee728b)
Start importing Assets/ASTROFISH_GAMES/MEDIEVAL_SERIES/MEDIEVAL_WELLS_PROPS/MODELS/MVillage_BucketHandle.FBX using Guid(46e2c2cda6ea32d4281f6cb5ba51d074) Importer(815301076,1909f56bfc062723c751e8b465ee728b)  -> (artifact id: 'c4e535accb08527d693caededfe90b7c') in 0.025058 seconds 
========================================================================
Received Import Request.
  Time since last request: 0.000013 seconds.
  path: Assets/ASTROFISH_GAMES/MEDIEVAL_SERIES/MEDIEVAL_WELLS_PROPS/MODELS/MVillage_TreeTrunk_04.FBX
  artifactKey: Guid(6375ae24a5f26f84fbae03127101bb53) Importer(815301076,1909f56bfc062723c751e8b465ee728b)
Start importing Assets/ASTROFISH_GAMES/MEDIEVAL_SERIES/MEDIEVAL_WELLS_PROPS/MODELS/MVillage_TreeTrunk_04.FBX using Guid(6375ae24a5f26f84fbae03127101bb53) Importer(815301076,1909f56bfc062723c751e8b465ee728b)  -> (artifact id: '9b6d337ad061dd5d9c3c95db8f1cb867') in 0.026812 seconds 
========================================================================
Received Import Request.
  Time since last request: 0.000026 seconds.
  path: Assets/ASTROFISH_GAMES/MEDIEVAL_SERIES/MEDIEVAL_WELLS_PROPS/MODELS/MVillage_Jar_Sml.FBX
  artifactKey: Guid(526238aa6a2cea540beec3645864b606) Importer(815301076,1909f56bfc062723c751e8b465ee728b)
Start importing Assets/ASTROFISH_GAMES/MEDIEVAL_SERIES/MEDIEVAL_WELLS_PROPS/MODELS/MVillage_Jar_Sml.FBX using Guid(526238aa6a2cea540beec3645864b606) Importer(815301076,1909f56bfc062723c751e8b465ee728b)  -> (artifact id: '5da7aaea3ac90c89dad27bb619653bfb') in 0.028414 seconds 
========================================================================
Received Import Request.
  Time since last request: 0.000029 seconds.
  path: Assets/ASTROFISH_GAMES/MEDIEVAL_SERIES/MEDIEVAL_WELLS_PROPS/MODELS/MVillage_Well_02.FBX
  artifactKey: Guid(930c5946b00481e4991481d9852503b2) Importer(815301076,1909f56bfc062723c751e8b465ee728b)
Start importing Assets/ASTROFISH_GAMES/MEDIEVAL_SERIES/MEDIEVAL_WELLS_PROPS/MODELS/MVillage_Well_02.FBX using Guid(930c5946b00481e4991481d9852503b2) Importer(815301076,1909f56bfc062723c751e8b465ee728b)  -> (artifact id: '26e4b48218c7e57989d9fc5078365d51') in 0.030795 seconds 
========================================================================
Received Import Request.
  Time since last request: 0.000019 seconds.
  path: Assets/ASTROFISH_GAMES/MEDIEVAL_SERIES/MEDIEVAL_WELLS_PROPS/MODELS/MVillage_PortchRoof_01.FBX
  artifactKey: Guid(2548fcf78af94fc47bc94c9eaeaee55f) Importer(815301076,1909f56bfc062723c751e8b465ee728b)
Start importing Assets/ASTROFISH_GAMES/MEDIEVAL_SERIES/MEDIEVAL_WELLS_PROPS/MODELS/MVillage_PortchRoof_01.FBX using Guid(2548fcf78af94fc47bc94c9eaeaee55f) Importer(815301076,1909f56bfc062723c751e8b465ee728b)  -> (artifact id: 'c32c0c68e2ac0713ff5136f6e03476cf') in 0.027909 seconds 
========================================================================
Received Import Request.
  Time since last request: 0.000014 seconds.
  path: Assets/FantasyEnvironments/Environments/Ambient-Occlusion-Trees/Materials/Birch_leaves 1.mat
  artifactKey: Guid(ffc6ec73fb923634287e7dd921c9292d) Importer(815301076,1909f56bfc062723c751e8b465ee728b)
Start importing Assets/FantasyEnvironments/Environments/Ambient-Occlusion-Trees/Materials/Birch_leaves 1.mat using Guid(ffc6ec73fb923634287e7dd921c9292d) Importer(815301076,1909f56bfc062723c751e8b465ee728b)  -> (artifact id: 'c8978cdf05efb4754cb6b6653093410d') in 0.040546 seconds 
========================================================================
Received Import Request.
  Time since last request: 0.000015 seconds.
  path: Assets/ASTROFISH_GAMES/MEDIEVAL_SERIES/MEDIEVAL_WELLS_PROPS/MODELS/MVillage_Rope_01.FBX
  artifactKey: Guid(bd130f826fe14fc4c931ec2447e4e98c) Importer(815301076,1909f56bfc062723c751e8b465ee728b)
Start importing Assets/ASTROFISH_GAMES/MEDIEVAL_SERIES/MEDIEVAL_WELLS_PROPS/MODELS/MVillage_Rope_01.FBX using Guid(bd130f826fe14fc4c931ec2447e4e98c) Importer(815301076,1909f56bfc062723c751e8b465ee728b)  -> (artifact id: '01f4dbc56dde8241ca20bf29e2b78cac') in 0.022885 seconds 
========================================================================
Received Import Request.
  Time since last request: 0.000019 seconds.
  path: Assets/ASTROFISH_GAMES/MEDIEVAL_SERIES/MEDIEVAL_WELLS_PROPS/MODELS/MVillage_Driftwood_Lrg.FBX
  artifactKey: Guid(af2d82a72a7b3b240b20db1458877451) Importer(815301076,1909f56bfc062723c751e8b465ee728b)
Start importing Assets/ASTROFISH_GAMES/MEDIEVAL_SERIES/MEDIEVAL_WELLS_PROPS/MODELS/MVillage_Driftwood_Lrg.FBX using Guid(af2d82a72a7b3b240b20db1458877451) Importer(815301076,1909f56bfc062723c751e8b465ee728b)  -> (artifact id: '7d7b8748977024146172222141d99e0a') in 0.024017 seconds 
========================================================================
Received Import Request.
  Time since last request: 0.000017 seconds.
  path: Assets/ASTROFISH_GAMES/MEDIEVAL_SERIES/MEDIEVAL_WELLS_PROPS/MODELS/MVillage_Cup.FBX
  artifactKey: Guid(9fe115f4acce45a4c87deaae25d87645) Importer(815301076,1909f56bfc062723c751e8b465ee728b)
Start importing Assets/ASTROFISH_GAMES/MEDIEVAL_SERIES/MEDIEVAL_WELLS_PROPS/MODELS/MVillage_Cup.FBX using Guid(9fe115f4acce45a4c87deaae25d87645) Importer(815301076,1909f56bfc062723c751e8b465ee728b)  -> (artifact id: 'bfb57624186a7fc47566731dfbe30840') in 0.023124 seconds 
========================================================================
Received Import Request.
  Time since last request: 0.000024 seconds.
  path: Assets/ASTROFISH_GAMES/MEDIEVAL_SERIES/MEDIEVAL_WELLS_PROPS/MODELS/MVillage_PlatformStone_SemiCircle.FBX
  artifactKey: Guid(39c09c7aa82f8e847b39c30146e8be16) Importer(815301076,1909f56bfc062723c751e8b465ee728b)
Start importing Assets/ASTROFISH_GAMES/MEDIEVAL_SERIES/MEDIEVAL_WELLS_PROPS/MODELS/MVillage_PlatformStone_SemiCircle.FBX using Guid(39c09c7aa82f8e847b39c30146e8be16) Importer(815301076,1909f56bfc062723c751e8b465ee728b)  -> (artifact id: 'a4b707e49b01d60199f98055619a6726') in 0.024384 seconds 
========================================================================
Received Import Request.
  Time since last request: 0.000018 seconds.
  path: Assets/ASTROFISH_GAMES/MEDIEVAL_SERIES/MEDIEVAL_WELLS_PROPS/MODELS/MVillage_TreeTrunk_02.FBX
  artifactKey: Guid(318952b0f6a462243a200edfe79f5226) Importer(815301076,1909f56bfc062723c751e8b465ee728b)
Start importing Assets/ASTROFISH_GAMES/MEDIEVAL_SERIES/MEDIEVAL_WELLS_PROPS/MODELS/MVillage_TreeTrunk_02.FBX using Guid(318952b0f6a462243a200edfe79f5226) Importer(815301076,1909f56bfc062723c751e8b465ee728b)  -> (artifact id: '4587b5b04b7d68a7a77e4e8a12237645') in 0.021435 seconds 
========================================================================
Received Import Request.
  Time since last request: 0.000026 seconds.
  path: Assets/ASTROFISH_GAMES/MEDIEVAL_SERIES/MEDIEVAL_WELLS_PROPS/MODELS/MVillage_PlatformStone_Part_Lrg.FBX
  artifactKey: Guid(74d265058742d3b4eabe6ffedde45b81) Importer(815301076,1909f56bfc062723c751e8b465ee728b)
Start importing Assets/ASTROFISH_GAMES/MEDIEVAL_SERIES/MEDIEVAL_WELLS_PROPS/MODELS/MVillage_PlatformStone_Part_Lrg.FBX using Guid(74d265058742d3b4eabe6ffedde45b81) Importer(815301076,1909f56bfc062723c751e8b465ee728b)  -> (artifact id: '4d59e3717c435b63ce7f04b7929aaacd') in 0.022929 seconds 
========================================================================
Received Import Request.
  Time since last request: 0.000015 seconds.
  path: Assets/ASTROFISH_GAMES/MEDIEVAL_SERIES/MEDIEVAL_WELLS_PROPS/MODELS/MVillage_CoinGroup_Sml.FBX
  artifactKey: Guid(c4976e91a19ed3b468422043b365f31a) Importer(815301076,1909f56bfc062723c751e8b465ee728b)
Start importing Assets/ASTROFISH_GAMES/MEDIEVAL_SERIES/MEDIEVAL_WELLS_PROPS/MODELS/MVillage_CoinGroup_Sml.FBX using Guid(c4976e91a19ed3b468422043b365f31a) Importer(815301076,1909f56bfc062723c751e8b465ee728b)  -> (artifact id: 'f21cf098bc41b234cd6c078df79d057e') in 0.021870 seconds 
========================================================================
Received Import Request.
  Time since last request: 0.000015 seconds.
  path: Assets/ASTROFISH_GAMES/MEDIEVAL_SERIES/MEDIEVAL_WELLS_PROPS/MODELS/MVillage_TreeTrunk_03.FBX
  artifactKey: Guid(208747c040aac4d448497cdb35501aec) Importer(815301076,1909f56bfc062723c751e8b465ee728b)
Start importing Assets/ASTROFISH_GAMES/MEDIEVAL_SERIES/MEDIEVAL_WELLS_PROPS/MODELS/MVillage_TreeTrunk_03.FBX using Guid(208747c040aac4d448497cdb35501aec) Importer(815301076,1909f56bfc062723c751e8b465ee728b)  -> (artifact id: '858d8d66b5f24aa440232d27ee58526e') in 0.021464 seconds 
========================================================================
Received Import Request.
  Time since last request: 0.000015 seconds.
  path: Assets/ASTROFISH_GAMES/MEDIEVAL_SERIES/MEDIEVAL_WELLS_PROPS/MODELS/MVillage_Bucket.FBX
  artifactKey: Guid(7b5ec8cc19b31aa42b5f7b2abffb81de) Importer(815301076,1909f56bfc062723c751e8b465ee728b)
Start importing Assets/ASTROFISH_GAMES/MEDIEVAL_SERIES/MEDIEVAL_WELLS_PROPS/MODELS/MVillage_Bucket.FBX using Guid(7b5ec8cc19b31aa42b5f7b2abffb81de) Importer(815301076,1909f56bfc062723c751e8b465ee728b)  -> (artifact id: '31835a358db25d082ee3513bf500a698') in 0.023045 seconds 
========================================================================
Received Import Request.
  Time since last request: 0.000016 seconds.
  path: Assets/ASTROFISH_GAMES/MEDIEVAL_SERIES/MEDIEVAL_WELLS_PROPS/MVILLAGE_LEGACY/Foliage/Mats/Medieval_Foliage_Fern_1k.mat
  artifactKey: Guid(e08ae51b036921d4b9bccdb962a14c53) Importer(815301076,1909f56bfc062723c751e8b465ee728b)
Start importing Assets/ASTROFISH_GAMES/MEDIEVAL_SERIES/MEDIEVAL_WELLS_PROPS/MVILLAGE_LEGACY/Foliage/Mats/Medieval_Foliage_Fern_1k.mat using Guid(e08ae51b036921d4b9bccdb962a14c53) Importer(815301076,1909f56bfc062723c751e8b465ee728b)  -> (artifact id: 'cde0fad5bf47245fe21853ea0efcf297') in 0.035270 seconds 
========================================================================
Received Import Request.
  Time since last request: 0.000018 seconds.
  path: Assets/FantasyEnvironments/Environments/Ambient-Occlusion-Trees/Materials/Oak_leaves.mat
  artifactKey: Guid(2910e09faf380f442a4eda0427b3179b) Importer(815301076,1909f56bfc062723c751e8b465ee728b)
Start importing Assets/FantasyEnvironments/Environments/Ambient-Occlusion-Trees/Materials/Oak_leaves.mat using Guid(2910e09faf380f442a4eda0427b3179b) Importer(815301076,1909f56bfc062723c751e8b465ee728b)  -> (artifact id: '19b59ab9ab02bc6bcbdee598cb694889') in 0.008036 seconds 
========================================================================
Received Import Request.
  Time since last request: 0.000016 seconds.
  path: Assets/ASTROFISH_GAMES/MEDIEVAL_SERIES/MEDIEVAL_WELLS_PROPS/MATS/BASE/MVillage_Base.mat
  artifactKey: Guid(22555cc8734f19b498a3df95a910c056) Importer(815301076,1909f56bfc062723c751e8b465ee728b)
Start importing Assets/ASTROFISH_GAMES/MEDIEVAL_SERIES/MEDIEVAL_WELLS_PROPS/MATS/BASE/MVillage_Base.mat using Guid(22555cc8734f19b498a3df95a910c056) Importer(815301076,1909f56bfc062723c751e8b465ee728b)  -> (artifact id: 'e2984e467723550afe2869f47de7653f') in 0.006547 seconds 
========================================================================
Received Import Request.
  Time since last request: 0.000015 seconds.
  path: Assets/FantasyEnvironments/Environments/Materials/Rock1.mat
  artifactKey: Guid(a533ed8eb4eba624da8b36b62d2da8f8) Importer(815301076,1909f56bfc062723c751e8b465ee728b)
Start importing Assets/FantasyEnvironments/Environments/Materials/Rock1.mat using Guid(a533ed8eb4eba624da8b36b62d2da8f8) Importer(815301076,1909f56bfc062723c751e8b465ee728b)  -> (artifact id: 'ba12182e7c256daf4f225b5b26be11f7') in 0.008593 seconds 
========================================================================
Received Import Request.
  Time since last request: 0.000048 seconds.
  path: Assets/ASTROFISH_GAMES/MEDIEVAL_SERIES/MEDIEVAL_WELLS_PROPS/MODELS/MVillage_WheelHandle.FBX
  artifactKey: Guid(b2d0a51c08e174c40ad1aaea0b43098f) Importer(815301076,1909f56bfc062723c751e8b465ee728b)
Start importing Assets/ASTROFISH_GAMES/MEDIEVAL_SERIES/MEDIEVAL_WELLS_PROPS/MODELS/MVillage_WheelHandle.FBX using Guid(b2d0a51c08e174c40ad1aaea0b43098f) Importer(815301076,1909f56bfc062723c751e8b465ee728b)  -> (artifact id: 'b2179ef33d94b96d4686ae9dae939162') in 0.025492 seconds 
========================================================================
Received Import Request.
  Time since last request: 0.000019 seconds.
  path: Assets/ASTROFISH_GAMES/MEDIEVAL_SERIES/MEDIEVAL_WELLS_PROPS/MODELS/MVillage_Jar_Lrg.FBX
  artifactKey: Guid(889b4998767517f4cab580bc7ae673a7) Importer(815301076,1909f56bfc062723c751e8b465ee728b)
Start importing Assets/ASTROFISH_GAMES/MEDIEVAL_SERIES/MEDIEVAL_WELLS_PROPS/MODELS/MVillage_Jar_Lrg.FBX using Guid(889b4998767517f4cab580bc7ae673a7) Importer(815301076,1909f56bfc062723c751e8b465ee728b)  -> (artifact id: 'a59b80a107924c4282acd8d67b0bebfc') in 0.023872 seconds 
========================================================================
Received Import Request.
  Time since last request: 0.000028 seconds.
  path: Assets/ASTROFISH_GAMES/MEDIEVAL_SERIES/MEDIEVAL_WELLS_PROPS/MODELS/MVillage_Rope_02.FBX
  artifactKey: Guid(95e61b9541aac4148af07751de18bea5) Importer(815301076,1909f56bfc062723c751e8b465ee728b)
Start importing Assets/ASTROFISH_GAMES/MEDIEVAL_SERIES/MEDIEVAL_WELLS_PROPS/MODELS/MVillage_Rope_02.FBX using Guid(95e61b9541aac4148af07751de18bea5) Importer(815301076,1909f56bfc062723c751e8b465ee728b)  -> (artifact id: '58c17dbb17c9577fcd1385494e6c56aa') in 0.021329 seconds 
Editor requested this worker to shutdown with reason: Scaling down because of idle timeout
AssetImportWorker is now disconnected from the server
Process exiting
Exiting without the bug reporter. Application will terminate with return code 0