Using pre-set license
Built from '2021.3/release' branch; Version is '2021.3.27f1 (ca3ffb99bcc6) revision 13254651'; Using compiler version '192829333'; Build Type 'Release'
OS: 'Windows 11  (10.0.22621) 64bit Professional' Language: 'ru' Physical Memory: 32694 MB
BatchMode: 1, IsHumanControllingUs: 0, StartBugReporterOnCrash: 0, Is64bit: 1, IsPro: 1

COMMAND LINE ARGUMENTS:
C:\Program Files\Unity\Hub\Editor\2021.3.27f1\Editor\Unity.exe
-adb2
-batchMode
-noUpm
-name
AssetImportWorker4
-projectPath
C:/Unity Projects/My project
-logFile
Logs/AssetImportWorker4.log
-srvPort
57747
Successfully changed project path to: C:/Unity Projects/My project
C:/Unity Projects/My project
[UnityMemory] Configuration Parameters - Can be set up in boot.config
    "memorysetup-bucket-allocator-granularity=16"
    "memorysetup-bucket-allocator-bucket-count=8"
    "memorysetup-bucket-allocator-block-size=33554432"
    "memorysetup-bucket-allocator-block-count=8"
    "memorysetup-main-allocator-block-size=16777216"
    "memorysetup-thread-allocator-block-size=16777216"
    "memorysetup-gfx-main-allocator-block-size=16777216"
    "memorysetup-gfx-thread-allocator-block-size=16777216"
    "memorysetup-cache-allocator-block-size=4194304"
    "memorysetup-typetree-allocator-block-size=2097152"
    "memorysetup-profiler-bucket-allocator-granularity=16"
    "memorysetup-profiler-bucket-allocator-bucket-count=8"
    "memorysetup-profiler-bucket-allocator-block-size=33554432"
    "memorysetup-profiler-bucket-allocator-block-count=8"
    "memorysetup-profiler-allocator-block-size=16777216"
    "memorysetup-profiler-editor-allocator-block-size=1048576"
    "memorysetup-temp-allocator-size-main=16777216"
    "memorysetup-job-temp-allocator-block-size=2097152"
    "memorysetup-job-temp-allocator-block-size-background=1048576"
    "memorysetup-job-temp-allocator-reduction-small-platforms=262144"
    "memorysetup-temp-allocator-size-background-worker=32768"
    "memorysetup-temp-allocator-size-job-worker=262144"
    "memorysetup-temp-allocator-size-preload-manager=33554432"
    "memorysetup-temp-allocator-size-nav-mesh-worker=65536"
    "memorysetup-temp-allocator-size-audio-worker=65536"
    "memorysetup-temp-allocator-size-cloud-worker=32768"
    "memorysetup-temp-allocator-size-gi-baking-worker=262144"
    "memorysetup-temp-allocator-size-gfx=262144"
Player connection [14996] Host "[IP] 192.168.10.92 [Port] 0 [Flags] 2 [Guid] 3936655457 [EditorId] 3936655457 [Version] 1048832 [Id] WindowsEditor(7,DESKTOP-1CJ2JDT) [Debug] 1 [PackageName] WindowsEditor [ProjectName] Editor" joined multi-casting on [225.0.0.222:54997]...

Player connection [14996] Host "[IP] 192.168.10.92 [Port] 0 [Flags] 2 [Guid] 3936655457 [EditorId] 3936655457 [Version] 1048832 [Id] WindowsEditor(7,DESKTOP-1CJ2JDT) [Debug] 1 [PackageName] WindowsEditor [ProjectName] Editor" joined alternative multi-casting on [225.0.0.222:34997]...

Refreshing native plugins compatible for Editor in 59.14 ms, found 3 plugins.
Preloading 0 native plugins for Editor in 0.00 ms.
Initialize engine version: 2021.3.27f1 (ca3ffb99bcc6)
[Subsystems] Discovering subsystems at path C:/Program Files/Unity/Hub/Editor/2021.3.27f1/Editor/Data/Resources/UnitySubsystems
[Subsystems] Discovering subsystems at path C:/Unity Projects/My project/Assets
GfxDevice: creating device client; threaded=0; jobified=0
Direct3D:
    Version:  Direct3D 11.0 [level 11.1]
    Renderer: NVIDIA GeForce RTX 3060 (ID=0x2504)
    Vendor:   NVIDIA
    VRAM:     12129 MB
    Driver:   31.0.15.3734
Initialize mono
Mono path[0] = 'C:/Program Files/Unity/Hub/Editor/2021.3.27f1/Editor/Data/Managed'
Mono path[1] = 'C:/Program Files/Unity/Hub/Editor/2021.3.27f1/Editor/Data/MonoBleedingEdge/lib/mono/unityjit-win32'
Mono config path = 'C:/Program Files/Unity/Hub/Editor/2021.3.27f1/Editor/Data/MonoBleedingEdge/etc'
Using monoOptions --debugger-agent=transport=dt_socket,embedding=1,server=y,suspend=n,address=127.0.0.1:56448
Begin MonoManager ReloadAssembly
Registering precompiled unity dll's ...
Register platform support module: C:/Program Files/Unity/Hub/Editor/2021.3.27f1/Editor/Data/PlaybackEngines/AndroidPlayer/UnityEditor.Android.Extensions.dll
Register platform support module: C:/Program Files/Unity/Hub/Editor/2021.3.27f1/Editor/Data/PlaybackEngines/iOSSupport/UnityEditor.iOS.Extensions.dll
Register platform support module: C:/Program Files/Unity/Hub/Editor/2021.3.27f1/Editor/Data/PlaybackEngines/WindowsStandaloneSupport/UnityEditor.WindowsStandalone.Extensions.dll
Registered in 0.006223 seconds.
Native extension for WindowsStandalone target not found
[usbmuxd] Start listen thread
[usbmuxd] Listen thread started
Native extension for iOS target not found
Native extension for Android target not found
Android Extension - Scanning For ADB Devices 472 ms
Refreshing native plugins compatible for Editor in 51.92 ms, found 3 plugins.
Preloading 0 native plugins for Editor in 0.00 ms.
Mono: successfully reloaded assembly
- Completed reload, in  1.113 seconds
Domain Reload Profiling:
	ReloadAssembly (1114ms)
		BeginReloadAssembly (88ms)
			ExecutionOrderSort (0ms)
			DisableScriptedObjects (0ms)
			BackupInstance (0ms)
			ReleaseScriptingObjects (0ms)
			CreateAndSetChildDomain (1ms)
		EndReloadAssembly (938ms)
			LoadAssemblies (89ms)
			RebuildTransferFunctionScriptingTraits (0ms)
			SetupTypeCache (98ms)
			ReleaseScriptCaches (0ms)
			RebuildScriptCaches (22ms)
			SetupLoadedEditorAssemblies (775ms)
				LogAssemblyErrors (0ms)
				InitializePlatformSupportModulesInManaged (624ms)
				SetLoadedEditorAssemblies (0ms)
				RefreshPlugins (52ms)
				BeforeProcessingInitializeOnLoad (1ms)
				ProcessInitializeOnLoadAttributes (65ms)
				ProcessInitializeOnLoadMethodAttributes (33ms)
				AfterProcessingInitializeOnLoad (0ms)
				EditorAssembliesLoaded (0ms)
			ExecutionOrderSort2 (0ms)
			AwakeInstancesAfterBackupRestoration (0ms)
Platform modules already initialized, skipping
Registering precompiled user dll's ...
Registered in 0.006649 seconds.
Begin MonoManager ReloadAssembly
Symbol file LoadedFromMemory doesn't match image C:\Unity Projects\My project\Library\PackageCache\com.unity.visualscripting@1.8.0\Editor\VisualScripting.Core\Dependencies\YamlDotNet\Unity.VisualScripting.YamlDotNet.dll
Symbol file LoadedFromMemory doesn't match image C:\Unity Projects\My project\Library\PackageCache\com.unity.visualscripting@1.8.0\Editor\VisualScripting.Core\Dependencies\DotNetZip\Unity.VisualScripting.IonicZip.dll
Native extension for WindowsStandalone target not found
Native extension for iOS target not found
Native extension for Android target not found
Refreshing native plugins compatible for Editor in 58.83 ms, found 3 plugins.
Preloading 0 native plugins for Editor in 0.00 ms.
Mono: successfully reloaded assembly
- Completed reload, in  0.894 seconds
Domain Reload Profiling:
	ReloadAssembly (895ms)
		BeginReloadAssembly (92ms)
			ExecutionOrderSort (0ms)
			DisableScriptedObjects (5ms)
			BackupInstance (0ms)
			ReleaseScriptingObjects (0ms)
			CreateAndSetChildDomain (18ms)
		EndReloadAssembly (727ms)
			LoadAssemblies (117ms)
			RebuildTransferFunctionScriptingTraits (0ms)
			SetupTypeCache (195ms)
			ReleaseScriptCaches (0ms)
			RebuildScriptCaches (42ms)
			SetupLoadedEditorAssemblies (333ms)
				LogAssemblyErrors (0ms)
				InitializePlatformSupportModulesInManaged (22ms)
				SetLoadedEditorAssemblies (0ms)
				RefreshPlugins (59ms)
				BeforeProcessingInitializeOnLoad (59ms)
				ProcessInitializeOnLoadAttributes (175ms)
				ProcessInitializeOnLoadMethodAttributes (14ms)
				AfterProcessingInitializeOnLoad (5ms)
				EditorAssembliesLoaded (0ms)
			ExecutionOrderSort2 (0ms)
			AwakeInstancesAfterBackupRestoration (4ms)
Platform modules already initialized, skipping
========================================================================
Worker process is ready to serve import requests
Launched and connected shader compiler UnityShaderCompiler.exe after 0.06 seconds
Refreshing native plugins compatible for Editor in 0.64 ms, found 3 plugins.
Preloading 0 native plugins for Editor in 0.00 ms.
Unloading 3165 Unused Serialized files (Serialized files now loaded: 0)
Unloading 28 unused Assets / (0.8 MB). Loaded Objects now: 3634.
Memory consumption went from 124.2 MB to 123.4 MB.
Total: 2.440700 ms (FindLiveObjects: 0.203500 ms CreateObjectMapping: 0.066500 ms MarkObjects: 1.982600 ms  DeleteObjects: 0.187600 ms)

AssetImportParameters requested are different than current active one (requested -> active):
  custom:video-decoder-ogg-theora: a1e56fd34408186e4bbccfd4996cb3dc -> 
  custom:container-muxer-webm: aa71ff27fc2769a1b78a27578f13a17b -> 
  custom:container-demuxer-webm: 4f35f7cbe854078d1ac9338744f61a02 -> 
  custom:video-encoder-webm-vp8: eb34c28f22e8b96e1ab97ce403110664 -> 
  custom:video-codec-MediaFoundation-h265: 746d11721c4dcdbdad8f713fa42b33f4 -> 
  custom:audio-encoder-webm-vorbis: bf7c407c2cedff20999df2af8eb42d56 -> 
  custom:framework-win-MediaFoundation: 216162199b28c13a410421893ffa2e32 -> 
  custom:container-demuxer-ogg: 62fdf1f143b41e24485cea50d1cbac27 -> 
  custom:video-decoder-webm-vp8: 9c59270c3fd7afecdb556c50c9e8de78 -> 
  custom:audio-decoder-ogg-vorbis: bf7c407c2cedff20999df2af8eb42d56 -> 
========================================================================
Received Import Request.
  Time since last request: 334385.325908 seconds.
  path: Assets/A_piece_of_nature/Models/Ground.FBX
  artifactKey: Guid(273aafbd147aec044a0f20c7242a83ca) Importer(815301076,1909f56bfc062723c751e8b465ee728b)
Start importing Assets/A_piece_of_nature/Models/Ground.FBX using Guid(273aafbd147aec044a0f20c7242a83ca) Importer(815301076,1909f56bfc062723c751e8b465ee728b)  -> (artifact id: '09ca65f33304df6091ce0f5d035236ae') in 0.114184 seconds 
========================================================================
Received Import Request.
  Time since last request: 4.764176 seconds.
  path: Assets/A_piece_of_nature/Models/Ground.FBX
  artifactKey: Guid(273aafbd147aec044a0f20c7242a83ca) Importer(815301076,1909f56bfc062723c751e8b465ee728b)
Start importing Assets/A_piece_of_nature/Models/Ground.FBX using Guid(273aafbd147aec044a0f20c7242a83ca) Importer(815301076,1909f56bfc062723c751e8b465ee728b)  -> (artifact id: '384925bc0ea022b451c9637cc34e50d0') in 0.011281 seconds 
========================================================================
Received Import Request.
  Time since last request: 8.805876 seconds.
  path: Assets/Scenes/SampleScene.unity
  artifactKey: Guid(9fc0d4010bbf28b4594072e72b8655ab) Importer(815301076,1909f56bfc062723c751e8b465ee728b)
Start importing Assets/Scenes/SampleScene.unity using Guid(9fc0d4010bbf28b4594072e72b8655ab) Importer(815301076,1909f56bfc062723c751e8b465ee728b)  -> (artifact id: '70ad32b25d2f99c18035608db08e71d6') in 0.001272 seconds 
========================================================================
Received Import Request.
  Time since last request: 261.420269 seconds.
  path: Assets/ASTROFISH_GAMES
  artifactKey: Guid(20727cec50ad4ef4d9119409638edea3) Importer(815301076,1909f56bfc062723c751e8b465ee728b)
Start importing Assets/ASTROFISH_GAMES using Guid(20727cec50ad4ef4d9119409638edea3) Importer(815301076,1909f56bfc062723c751e8b465ee728b)  -> (artifact id: 'ea05d25e450e076e33d2626ca4704025') in 0.001503 seconds 
========================================================================
Received Import Request.
  Time since last request: 0.753953 seconds.
  path: Assets/ASTROFISH_GAMES/MEDIEVAL_SERIES
  artifactKey: Guid(34e9403ef770b76498cd838af78dbc2f) Importer(815301076,1909f56bfc062723c751e8b465ee728b)
Start importing Assets/ASTROFISH_GAMES/MEDIEVAL_SERIES using Guid(34e9403ef770b76498cd838af78dbc2f) Importer(815301076,1909f56bfc062723c751e8b465ee728b)  -> (artifact id: '82553aac427b6dc47835e744ce21bb4b') in 0.001278 seconds 
========================================================================
Received Import Request.
  Time since last request: 0.450212 seconds.
  path: Assets/ASTROFISH_GAMES/MEDIEVAL_SERIES/MEDIEVAL_WELLS_PROPS
  artifactKey: Guid(88a77bb893081a44199f10f21a91a8a8) Importer(815301076,1909f56bfc062723c751e8b465ee728b)
Start importing Assets/ASTROFISH_GAMES/MEDIEVAL_SERIES/MEDIEVAL_WELLS_PROPS using Guid(88a77bb893081a44199f10f21a91a8a8) Importer(815301076,1909f56bfc062723c751e8b465ee728b)  -> (artifact id: '931f18513e96db719b572da2b5b794be') in 0.001448 seconds 
========================================================================
Received Import Request.
  Time since last request: 2.065363 seconds.
  path: Assets/ASTROFISH_GAMES/MEDIEVAL_SERIES/MEDIEVAL_WELLS_PROPS/PREFABS
  artifactKey: Guid(64bcf5624fa5199429acd6143fdee586) Importer(815301076,1909f56bfc062723c751e8b465ee728b)
Start importing Assets/ASTROFISH_GAMES/MEDIEVAL_SERIES/MEDIEVAL_WELLS_PROPS/PREFABS using Guid(64bcf5624fa5199429acd6143fdee586) Importer(815301076,1909f56bfc062723c751e8b465ee728b)  -> (artifact id: 'bfe2ef4062d5a5b7e3133ae4d8fa1816') in 0.001300 seconds 
========================================================================
Received Import Request.
  Time since last request: 1.268912 seconds.
  path: Assets/ASTROFISH_GAMES/MEDIEVAL_SERIES/MEDIEVAL_WELLS_PROPS/PREFABS/Consolidated
  artifactKey: Guid(0759b5638f39908479eb59d6f1466fee) Importer(815301076,1909f56bfc062723c751e8b465ee728b)
Start importing Assets/ASTROFISH_GAMES/MEDIEVAL_SERIES/MEDIEVAL_WELLS_PROPS/PREFABS/Consolidated using Guid(0759b5638f39908479eb59d6f1466fee) Importer(815301076,1909f56bfc062723c751e8b465ee728b)  -> (artifact id: 'db8498261361343c595af92eb8ce0b2d') in 0.001581 seconds 
========================================================================
Received Import Request.
  Time since last request: 0.085024 seconds.
  path: Assets/ASTROFISH_GAMES/MEDIEVAL_SERIES/MEDIEVAL_WELLS_PROPS/PREFABS/Consolidated/MVillage_BucketJars_Set_01.prefab
  artifactKey: Guid(f4556f820e13c1143b4732a65df48a3f) Importer(815301076,1909f56bfc062723c751e8b465ee728b)
Start importing Assets/ASTROFISH_GAMES/MEDIEVAL_SERIES/MEDIEVAL_WELLS_PROPS/PREFABS/Consolidated/MVillage_BucketJars_Set_01.prefab using Guid(f4556f820e13c1143b4732a65df48a3f) Importer(815301076,1909f56bfc062723c751e8b465ee728b)  -> (artifact id: 'ba07be772b7f52b70c8b00803c22210f') in 0.089507 seconds 
========================================================================
Received Import Request.
  Time since last request: 0.000015 seconds.
  path: Assets/ASTROFISH_GAMES/MEDIEVAL_SERIES/MEDIEVAL_WELLS_PROPS/PREFABS/Consolidated/MVillage_WellSteps_Large_01.prefab
  artifactKey: Guid(ecf40c06d38d8374a9136128291678de) Importer(815301076,1909f56bfc062723c751e8b465ee728b)
Start importing Assets/ASTROFISH_GAMES/MEDIEVAL_SERIES/MEDIEVAL_WELLS_PROPS/PREFABS/Consolidated/MVillage_WellSteps_Large_01.prefab using Guid(ecf40c06d38d8374a9136128291678de) Importer(815301076,1909f56bfc062723c751e8b465ee728b)  -> (artifact id: '78816eb430a730b5c65f1b01e4510506') in 0.056959 seconds 
========================================================================
Received Import Request.
  Time since last request: 0.000017 seconds.
  path: Assets/ASTROFISH_GAMES/MEDIEVAL_SERIES/MEDIEVAL_WELLS_PROPS/PREFABS/Consolidated/MVillage_JarCups_Set_01.prefab
  artifactKey: Guid(3db370a0cf51d3b4486736fb665325a6) Importer(815301076,1909f56bfc062723c751e8b465ee728b)
Start importing Assets/ASTROFISH_GAMES/MEDIEVAL_SERIES/MEDIEVAL_WELLS_PROPS/PREFABS/Consolidated/MVillage_JarCups_Set_01.prefab using Guid(3db370a0cf51d3b4486736fb665325a6) Importer(815301076,1909f56bfc062723c751e8b465ee728b)  -> (artifact id: '9cd976c289522bcd016c871ac4f4c110') in 0.045932 seconds 
========================================================================
Received Import Request.
  Time since last request: 0.000022 seconds.
  path: Assets/ASTROFISH_GAMES/MEDIEVAL_SERIES/MEDIEVAL_WELLS_PROPS/PREFABS/Consolidated/MVillage_Well03_Props.prefab
  artifactKey: Guid(29751d957b5110c4b986d987ec3f7c67) Importer(815301076,1909f56bfc062723c751e8b465ee728b)
Start importing Assets/ASTROFISH_GAMES/MEDIEVAL_SERIES/MEDIEVAL_WELLS_PROPS/PREFABS/Consolidated/MVillage_Well03_Props.prefab using Guid(29751d957b5110c4b986d987ec3f7c67) Importer(815301076,1909f56bfc062723c751e8b465ee728b)  -> (artifact id: 'e50cb95a4f606ebeb547e934b7df72ec') in 0.062569 seconds 
========================================================================
Received Import Request.
  Time since last request: 0.000034 seconds.
  path: Assets/ASTROFISH_GAMES/MEDIEVAL_SERIES/MEDIEVAL_WELLS_PROPS/PREFABS/Consolidated/MVillage_LargeJars_Set_01.prefab
  artifactKey: Guid(d826db3f993ab0040afbb5644e5d1aa6) Importer(815301076,1909f56bfc062723c751e8b465ee728b)
Start importing Assets/ASTROFISH_GAMES/MEDIEVAL_SERIES/MEDIEVAL_WELLS_PROPS/PREFABS/Consolidated/MVillage_LargeJars_Set_01.prefab using Guid(d826db3f993ab0040afbb5644e5d1aa6) Importer(815301076,1909f56bfc062723c751e8b465ee728b)  -> (artifact id: 'b49a31b548479e599ef81682cac45e52') in 0.045759 seconds 
========================================================================
Received Import Request.
  Time since last request: 0.000029 seconds.
  path: Assets/ASTROFISH_GAMES/MEDIEVAL_SERIES/MEDIEVAL_WELLS_PROPS/PREFABS/Consolidated/MVillage_VaseJars_Set_01.prefab
  artifactKey: Guid(7793133a5532dbb49b34dfe4b35e4e20) Importer(815301076,1909f56bfc062723c751e8b465ee728b)
Start importing Assets/ASTROFISH_GAMES/MEDIEVAL_SERIES/MEDIEVAL_WELLS_PROPS/PREFABS/Consolidated/MVillage_VaseJars_Set_01.prefab using Guid(7793133a5532dbb49b34dfe4b35e4e20) Importer(815301076,1909f56bfc062723c751e8b465ee728b)  -> (artifact id: '88c14686394d461e018133422992c383') in 0.045781 seconds 
========================================================================
Received Import Request.
  Time since last request: 0.000022 seconds.
  path: Assets/ASTROFISH_GAMES/MEDIEVAL_SERIES/MEDIEVAL_WELLS_PROPS/PREFABS/Consolidated/MVillage_Well02_Compound_02.prefab
  artifactKey: Guid(e69b154d22a1ce14781ab29839fd6a40) Importer(815301076,1909f56bfc062723c751e8b465ee728b)
Start importing Assets/ASTROFISH_GAMES/MEDIEVAL_SERIES/MEDIEVAL_WELLS_PROPS/PREFABS/Consolidated/MVillage_Well02_Compound_02.prefab using Guid(e69b154d22a1ce14781ab29839fd6a40) Importer(815301076,1909f56bfc062723c751e8b465ee728b)  -> (artifact id: '18718171905a0f54c62ef7d895d6d3d5') in 0.073832 seconds 
========================================================================
Received Import Request.
  Time since last request: 0.000024 seconds.
  path: Assets/ASTROFISH_GAMES/MEDIEVAL_SERIES/MEDIEVAL_WELLS_PROPS/PREFABS/Consolidated/MVillage_WellSteps_Sml_01.prefab
  artifactKey: Guid(d478f2084548cef43ab4b89cf5abbd29) Importer(815301076,1909f56bfc062723c751e8b465ee728b)
Start importing Assets/ASTROFISH_GAMES/MEDIEVAL_SERIES/MEDIEVAL_WELLS_PROPS/PREFABS/Consolidated/MVillage_WellSteps_Sml_01.prefab using Guid(d478f2084548cef43ab4b89cf5abbd29) Importer(815301076,1909f56bfc062723c751e8b465ee728b)  -> (artifact id: 'a62c301e075aa01dec488c3931b35bd7') in 0.050947 seconds 
========================================================================
Received Import Request.
  Time since last request: 0.000022 seconds.
  path: Assets/ASTROFISH_GAMES/MEDIEVAL_SERIES/MEDIEVAL_WELLS_PROPS/PREFABS/Consolidated/MVillage_WellSteps_Corner_Sml_01.prefab
  artifactKey: Guid(99d10c4180f2f6244b179b866ab5d811) Importer(815301076,1909f56bfc062723c751e8b465ee728b)
Start importing Assets/ASTROFISH_GAMES/MEDIEVAL_SERIES/MEDIEVAL_WELLS_PROPS/PREFABS/Consolidated/MVillage_WellSteps_Corner_Sml_01.prefab using Guid(99d10c4180f2f6244b179b866ab5d811) Importer(815301076,1909f56bfc062723c751e8b465ee728b)  -> (artifact id: '63aa7977c601dd3ede1c33d06fc68485') in 0.056300 seconds 
========================================================================
Received Import Request.
  Time since last request: 0.000029 seconds.
  path: Assets/ASTROFISH_GAMES/MEDIEVAL_SERIES/MEDIEVAL_WELLS_PROPS/PREFABS/Consolidated/MVillage_TreeFellSet_Sml_01.prefab
  artifactKey: Guid(c09abc88225c76943b9915d66ad5dea1) Importer(815301076,1909f56bfc062723c751e8b465ee728b)
Start importing Assets/ASTROFISH_GAMES/MEDIEVAL_SERIES/MEDIEVAL_WELLS_PROPS/PREFABS/Consolidated/MVillage_TreeFellSet_Sml_01.prefab using Guid(c09abc88225c76943b9915d66ad5dea1) Importer(815301076,1909f56bfc062723c751e8b465ee728b)  -> (artifact id: 'dc9d4ffde442053b3bdf7393aa706cd9') in 0.057344 seconds 
========================================================================
Received Import Request.
  Time since last request: 0.000028 seconds.
  path: Assets/ASTROFISH_GAMES/MEDIEVAL_SERIES/MEDIEVAL_WELLS_PROPS/PREFABS/Consolidated/MVillage_TreeSet_Large_01.prefab
  artifactKey: Guid(daae56ec0b2f6434993b75ef14610fcb) Importer(815301076,1909f56bfc062723c751e8b465ee728b)
Start importing Assets/ASTROFISH_GAMES/MEDIEVAL_SERIES/MEDIEVAL_WELLS_PROPS/PREFABS/Consolidated/MVillage_TreeSet_Large_01.prefab using Guid(daae56ec0b2f6434993b75ef14610fcb) Importer(815301076,1909f56bfc062723c751e8b465ee728b)  -> (artifact id: '1bbdb0a8a7ffc94d141b4d8f32c33e7d') in 0.061527 seconds 
========================================================================
Received Import Request.
  Time since last request: 0.000023 seconds.
  path: Assets/ASTROFISH_GAMES/MEDIEVAL_SERIES/MEDIEVAL_WELLS_PROPS/PREFABS/Consolidated/MVillage_TreeSet_Med_01.prefab
  artifactKey: Guid(7182cc27017b67446af0cba0ebbc2b7e) Importer(815301076,1909f56bfc062723c751e8b465ee728b)
Start importing Assets/ASTROFISH_GAMES/MEDIEVAL_SERIES/MEDIEVAL_WELLS_PROPS/PREFABS/Consolidated/MVillage_TreeSet_Med_01.prefab using Guid(7182cc27017b67446af0cba0ebbc2b7e) Importer(815301076,1909f56bfc062723c751e8b465ee728b)  -> (artifact id: '8759980841ab13284981e0cbf1b84510') in 0.058632 seconds 
========================================================================
Received Import Request.
  Time since last request: 0.000016 seconds.
  path: Assets/ASTROFISH_GAMES/MEDIEVAL_SERIES/MEDIEVAL_WELLS_PROPS/PREFABS/Consolidated/MVillage_Well01_Props.prefab
  artifactKey: Guid(dd151113af7bdb34d9c1c947a762b900) Importer(815301076,1909f56bfc062723c751e8b465ee728b)
Start importing Assets/ASTROFISH_GAMES/MEDIEVAL_SERIES/MEDIEVAL_WELLS_PROPS/PREFABS/Consolidated/MVillage_Well01_Props.prefab using Guid(dd151113af7bdb34d9c1c947a762b900) Importer(815301076,1909f56bfc062723c751e8b465ee728b)  -> (artifact id: '4c68ea3164ef6724dad0d3f87b4c38de') in 0.073888 seconds 
========================================================================
Received Import Request.
  Time since last request: 0.000029 seconds.
  path: Assets/ASTROFISH_GAMES/MEDIEVAL_SERIES/MEDIEVAL_WELLS_PROPS/PREFABS/Consolidated/MVillage_Well02_Props.prefab
  artifactKey: Guid(66355ad9e6b5cf0428adc713a25c6a85) Importer(815301076,1909f56bfc062723c751e8b465ee728b)
Start importing Assets/ASTROFISH_GAMES/MEDIEVAL_SERIES/MEDIEVAL_WELLS_PROPS/PREFABS/Consolidated/MVillage_Well02_Props.prefab using Guid(66355ad9e6b5cf0428adc713a25c6a85) Importer(815301076,1909f56bfc062723c751e8b465ee728b)  -> (artifact id: 'ced34bf5ddb444dadf8085c78432e9aa') in 0.088176 seconds 
========================================================================
Received Import Request.
  Time since last request: 0.000036 seconds.
  path: Assets/ASTROFISH_GAMES/MEDIEVAL_SERIES/MEDIEVAL_WELLS_PROPS/PREFABS/Consolidated/MVillage_WellSteps_Corner_Large_01.prefab
  artifactKey: Guid(e68a68c62e7a1944b9e560af39584ada) Importer(815301076,1909f56bfc062723c751e8b465ee728b)
Start importing Assets/ASTROFISH_GAMES/MEDIEVAL_SERIES/MEDIEVAL_WELLS_PROPS/PREFABS/Consolidated/MVillage_WellSteps_Corner_Large_01.prefab using Guid(e68a68c62e7a1944b9e560af39584ada) Importer(815301076,1909f56bfc062723c751e8b465ee728b)  -> (artifact id: 'c6ee2cd6a2942df1a4a516f67f64eaf5') in 0.061343 seconds 
========================================================================
Received Import Request.
  Time since last request: 0.000017 seconds.
  path: Assets/ASTROFISH_GAMES/MEDIEVAL_SERIES/MEDIEVAL_WELLS_PROPS/PREFABS/Consolidated/MVillage_Well01_Compound_01.prefab
  artifactKey: Guid(8237407b8ec923c4dbeab424fb23dbf8) Importer(815301076,1909f56bfc062723c751e8b465ee728b)
Start importing Assets/ASTROFISH_GAMES/MEDIEVAL_SERIES/MEDIEVAL_WELLS_PROPS/PREFABS/Consolidated/MVillage_Well01_Compound_01.prefab using Guid(8237407b8ec923c4dbeab424fb23dbf8) Importer(815301076,1909f56bfc062723c751e8b465ee728b)  -> (artifact id: '3d6800c59d9edd5c6e026db2da39fff6') in 0.119228 seconds 
========================================================================
Received Import Request.
  Time since last request: 35.796013 seconds.
  path: Assets/ASTROFISH_GAMES/MEDIEVAL_SERIES/MEDIEVAL_WELLS_PROPS/MATS/MVillage_WellsProps_Albedo.tif
  artifactKey: Guid(690f0d13941dc1d409b9beb42be7b97e) Importer(815301076,1909f56bfc062723c751e8b465ee728b)
Start importing Assets/ASTROFISH_GAMES/MEDIEVAL_SERIES/MEDIEVAL_WELLS_PROPS/MATS/MVillage_WellsProps_Albedo.tif using Guid(690f0d13941dc1d409b9beb42be7b97e) Importer(815301076,1909f56bfc062723c751e8b465ee728b)  -> (artifact id: '0754a8d5f5ef229c9732ac07c0d1b452') in 0.018649 seconds 
========================================================================
Received Import Request.
  Time since last request: 8.087302 seconds.
  path: Assets/ASTROFISH_GAMES/MEDIEVAL_SERIES/MEDIEVAL_WELLS_PROPS/MATS
  artifactKey: Guid(8ab4bb9e5e830fe4cb9fbab522a8e2a3) Importer(815301076,1909f56bfc062723c751e8b465ee728b)
Start importing Assets/ASTROFISH_GAMES/MEDIEVAL_SERIES/MEDIEVAL_WELLS_PROPS/MATS using Guid(8ab4bb9e5e830fe4cb9fbab522a8e2a3) Importer(815301076,1909f56bfc062723c751e8b465ee728b)  -> (artifact id: 'cecaf68efa5e11c5863963e2c2ca2a89') in 0.001526 seconds 
========================================================================
Received Import Request.
  Time since last request: 2.274516 seconds.
  path: Assets/ASTROFISH_GAMES/MEDIEVAL_SERIES/MEDIEVAL_WELLS_PROPS/MATS/ASTROFISH
  artifactKey: Guid(3f6bd7df9a96b454caee87fcdddf2b6f) Importer(815301076,1909f56bfc062723c751e8b465ee728b)
Start importing Assets/ASTROFISH_GAMES/MEDIEVAL_SERIES/MEDIEVAL_WELLS_PROPS/MATS/ASTROFISH using Guid(3f6bd7df9a96b454caee87fcdddf2b6f) Importer(815301076,1909f56bfc062723c751e8b465ee728b)  -> (artifact id: '2e1d5c27b259fd795200ab1393b1f10e') in 0.001528 seconds 
========================================================================
Received Import Request.
  Time since last request: 1.765305 seconds.
  path: Assets/ASTROFISH_GAMES/MEDIEVAL_SERIES/MEDIEVAL_WELLS_PROPS/MATS/AstrofishGames_MVillage_WellsProps_LD_MRAO.tif
  artifactKey: Guid(73851e614686faa408f0d735f416a32e) Importer(815301076,1909f56bfc062723c751e8b465ee728b)
Start importing Assets/ASTROFISH_GAMES/MEDIEVAL_SERIES/MEDIEVAL_WELLS_PROPS/MATS/AstrofishGames_MVillage_WellsProps_LD_MRAO.tif using Guid(73851e614686faa408f0d735f416a32e) Importer(815301076,1909f56bfc062723c751e8b465ee728b)  -> (artifact id: '0a86372438f2c84b7f432692af9d36fc') in 0.018517 seconds 
========================================================================
Received Import Request.
  Time since last request: 0.379667 seconds.
  path: Assets/ASTROFISH_GAMES/MEDIEVAL_SERIES/MEDIEVAL_WELLS_PROPS/MATS/AstrofishGames_MVillage_WellsProps_LD_Normal.tif
  artifactKey: Guid(dcffcad96dd9cd44980feaaa8593ea03) Importer(815301076,1909f56bfc062723c751e8b465ee728b)
Start importing Assets/ASTROFISH_GAMES/MEDIEVAL_SERIES/MEDIEVAL_WELLS_PROPS/MATS/AstrofishGames_MVillage_WellsProps_LD_Normal.tif using Guid(dcffcad96dd9cd44980feaaa8593ea03) Importer(815301076,1909f56bfc062723c751e8b465ee728b)  -> (artifact id: '7ea83e17790c8168a6e5a3a34a096263') in 0.032231 seconds 
========================================================================
Received Import Request.
  Time since last request: 0.495334 seconds.
  path: Assets/ASTROFISH_GAMES/MEDIEVAL_SERIES/MEDIEVAL_WELLS_PROPS/MATS/MVillage_WellsProps_AO.tif
  artifactKey: Guid(21e09480bf7ebd845b9dba780a734616) Importer(815301076,1909f56bfc062723c751e8b465ee728b)
Start importing Assets/ASTROFISH_GAMES/MEDIEVAL_SERIES/MEDIEVAL_WELLS_PROPS/MATS/MVillage_WellsProps_AO.tif using Guid(21e09480bf7ebd845b9dba780a734616) Importer(815301076,1909f56bfc062723c751e8b465ee728b)  -> (artifact id: '61743ed45a20c2ada454a0f62b91d766') in 0.011744 seconds 
========================================================================
Received Import Request.
  Time since last request: 0.321224 seconds.
  path: Assets/ASTROFISH_GAMES/MEDIEVAL_SERIES/MEDIEVAL_WELLS_PROPS/MATS/MVillage_WellsProps_Normal.tif
  artifactKey: Guid(d1aa062cb36f47b4daf9e6a4f154343f) Importer(815301076,1909f56bfc062723c751e8b465ee728b)
Start importing Assets/ASTROFISH_GAMES/MEDIEVAL_SERIES/MEDIEVAL_WELLS_PROPS/MATS/MVillage_WellsProps_Normal.tif using Guid(d1aa062cb36f47b4daf9e6a4f154343f) Importer(815301076,1909f56bfc062723c751e8b465ee728b)  -> (artifact id: '0e5ca1906ba356ae4064fb2a11ee484f') in 0.019253 seconds 
========================================================================
Received Import Request.
  Time since last request: 28.690116 seconds.
  path: Assets/ASTROFISH_GAMES/MEDIEVAL_SERIES/MEDIEVAL_WELLS_PROPS/MODELS/MVillage_Well_03.FBX
  artifactKey: Guid(73c4523090f10654990f8e0c6d000623) Importer(815301076,1909f56bfc062723c751e8b465ee728b)
Start importing Assets/ASTROFISH_GAMES/MEDIEVAL_SERIES/MEDIEVAL_WELLS_PROPS/MODELS/MVillage_Well_03.FBX using Guid(73c4523090f10654990f8e0c6d000623) Importer(815301076,1909f56bfc062723c751e8b465ee728b)  -> (artifact id: '5cd5ff95db7aebd679f574a6497460a6') in 0.039098 seconds 
========================================================================
Received Import Request.
  Time since last request: 60.667930 seconds.
  path: Assets/ASTROFISH_GAMES/MEDIEVAL_SERIES/MEDIEVAL_WELLS_PROPS/PREFABS/Singles
  artifactKey: Guid(b0c7ea160c8309e47a7b4ca7276dd754) Importer(815301076,1909f56bfc062723c751e8b465ee728b)
Start importing Assets/ASTROFISH_GAMES/MEDIEVAL_SERIES/MEDIEVAL_WELLS_PROPS/PREFABS/Singles using Guid(b0c7ea160c8309e47a7b4ca7276dd754) Importer(815301076,1909f56bfc062723c751e8b465ee728b)  -> (artifact id: 'ba7826a78e29931a38ead047f256e5e8') in 0.001531 seconds 
========================================================================
Received Import Request.
  Time since last request: 0.040632 seconds.
  path: Assets/ASTROFISH_GAMES/MEDIEVAL_SERIES/MEDIEVAL_WELLS_PROPS/PREFABS/Singles/MVillage_Bucket.prefab
  artifactKey: Guid(6438e7fa033aa104384740553cf2f0c6) Importer(815301076,1909f56bfc062723c751e8b465ee728b)
Start importing Assets/ASTROFISH_GAMES/MEDIEVAL_SERIES/MEDIEVAL_WELLS_PROPS/PREFABS/Singles/MVillage_Bucket.prefab using Guid(6438e7fa033aa104384740553cf2f0c6) Importer(815301076,1909f56bfc062723c751e8b465ee728b)  -> (artifact id: 'c6c16a6f9ec58f70ad8baa051a319bf3') in 0.039020 seconds 
========================================================================
Received Import Request.
  Time since last request: 0.000018 seconds.
  path: Assets/ASTROFISH_GAMES/MEDIEVAL_SERIES/MEDIEVAL_WELLS_PROPS/PREFABS/Singles/MVillage_DriftWood_Axel.prefab
  artifactKey: Guid(58ebad6cc409c6c46a3beb64716fdf23) Importer(815301076,1909f56bfc062723c751e8b465ee728b)
Start importing Assets/ASTROFISH_GAMES/MEDIEVAL_SERIES/MEDIEVAL_WELLS_PROPS/PREFABS/Singles/MVillage_DriftWood_Axel.prefab using Guid(58ebad6cc409c6c46a3beb64716fdf23) Importer(815301076,1909f56bfc062723c751e8b465ee728b)  -> (artifact id: 'b9ee0cb5ddf7d70178ce91c3a819eaf5') in 0.045820 seconds 
========================================================================
Received Import Request.
  Time since last request: 0.000019 seconds.
  path: Assets/ASTROFISH_GAMES/MEDIEVAL_SERIES/MEDIEVAL_WELLS_PROPS/PREFABS/Singles/MVillage_Jar_Lrg.prefab
  artifactKey: Guid(57b04b9918bbf394fb073643f896cbfa) Importer(815301076,1909f56bfc062723c751e8b465ee728b)
Start importing Assets/ASTROFISH_GAMES/MEDIEVAL_SERIES/MEDIEVAL_WELLS_PROPS/PREFABS/Singles/MVillage_Jar_Lrg.prefab using Guid(57b04b9918bbf394fb073643f896cbfa) Importer(815301076,1909f56bfc062723c751e8b465ee728b)  -> (artifact id: 'b41625757b798d07213d711ee6df7948') in 0.041610 seconds 
========================================================================
Received Import Request.
  Time since last request: 0.000031 seconds.
  path: Assets/ASTROFISH_GAMES/MEDIEVAL_SERIES/MEDIEVAL_WELLS_PROPS/PREFABS/Singles/MVillage_CoinGroup_Sml.prefab
  artifactKey: Guid(dd6d94c9e443c554389116b7fa3cf6c0) Importer(815301076,1909f56bfc062723c751e8b465ee728b)
Start importing Assets/ASTROFISH_GAMES/MEDIEVAL_SERIES/MEDIEVAL_WELLS_PROPS/PREFABS/Singles/MVillage_CoinGroup_Sml.prefab using Guid(dd6d94c9e443c554389116b7fa3cf6c0) Importer(815301076,1909f56bfc062723c751e8b465ee728b)  -> (artifact id: '0a3465ea847ff261b58b595427940efe') in 0.040726 seconds 
========================================================================
Received Import Request.
  Time since last request: 0.000019 seconds.
  path: Assets/ASTROFISH_GAMES/MEDIEVAL_SERIES/MEDIEVAL_WELLS_PROPS/PREFABS/Singles/MVillage_CoinGroup_Med.prefab
  artifactKey: Guid(c01390c399539884ebe4b195b2228f37) Importer(815301076,1909f56bfc062723c751e8b465ee728b)
Start importing Assets/ASTROFISH_GAMES/MEDIEVAL_SERIES/MEDIEVAL_WELLS_PROPS/PREFABS/Singles/MVillage_CoinGroup_Med.prefab using Guid(c01390c399539884ebe4b195b2228f37) Importer(815301076,1909f56bfc062723c751e8b465ee728b)  -> (artifact id: 'e0130fb79555a08b758e71073d29b143') in 0.049804 seconds 
========================================================================
Received Import Request.
  Time since last request: 0.000023 seconds.
  path: Assets/ASTROFISH_GAMES/MEDIEVAL_SERIES/MEDIEVAL_WELLS_PROPS/PREFABS/Singles/MVillage_WellWall_02_Curved.prefab
  artifactKey: Guid(5c095e699fdfe6b449e131a6ce011943) Importer(815301076,1909f56bfc062723c751e8b465ee728b)
Start importing Assets/ASTROFISH_GAMES/MEDIEVAL_SERIES/MEDIEVAL_WELLS_PROPS/PREFABS/Singles/MVillage_WellWall_02_Curved.prefab using Guid(5c095e699fdfe6b449e131a6ce011943) Importer(815301076,1909f56bfc062723c751e8b465ee728b)  -> (artifact id: 'bf62760b8c433e60dca26a57d84e83ad') in 0.050198 seconds 
========================================================================
Received Import Request.
  Time since last request: 0.000017 seconds.
  path: Assets/ASTROFISH_GAMES/MEDIEVAL_SERIES/MEDIEVAL_WELLS_PROPS/PREFABS/Singles/MVillage_PlatformStone_SemiCircle.prefab
  artifactKey: Guid(3ebcec4a191cd854ab0b2c088d5164dc) Importer(815301076,1909f56bfc062723c751e8b465ee728b)
Start importing Assets/ASTROFISH_GAMES/MEDIEVAL_SERIES/MEDIEVAL_WELLS_PROPS/PREFABS/Singles/MVillage_PlatformStone_SemiCircle.prefab using Guid(3ebcec4a191cd854ab0b2c088d5164dc) Importer(815301076,1909f56bfc062723c751e8b465ee728b)  -> (artifact id: 'd75fdc6034af8da4be74326ec28c5c69') in 0.050525 seconds 
========================================================================
Received Import Request.
  Time since last request: 0.000022 seconds.
  path: Assets/ASTROFISH_GAMES/MEDIEVAL_SERIES/MEDIEVAL_WELLS_PROPS/PREFABS/Singles/MVillage_WellWall_01.prefab
  artifactKey: Guid(221b839587991304b96446bf55ecd8d5) Importer(815301076,1909f56bfc062723c751e8b465ee728b)
Start importing Assets/ASTROFISH_GAMES/MEDIEVAL_SERIES/MEDIEVAL_WELLS_PROPS/PREFABS/Singles/MVillage_WellWall_01.prefab using Guid(221b839587991304b96446bf55ecd8d5) Importer(815301076,1909f56bfc062723c751e8b465ee728b)  -> (artifact id: '8746d50edf67dcb85220535dee1a3296') in 0.053612 seconds 
========================================================================
Received Import Request.
  Time since last request: 0.000040 seconds.
  path: Assets/ASTROFISH_GAMES/MEDIEVAL_SERIES/MEDIEVAL_WELLS_PROPS/PREFABS/Singles/MVillage_Jar_Sml.prefab
  artifactKey: Guid(5892cd52a43752c4693095732741bf8e) Importer(815301076,1909f56bfc062723c751e8b465ee728b)
Start importing Assets/ASTROFISH_GAMES/MEDIEVAL_SERIES/MEDIEVAL_WELLS_PROPS/PREFABS/Singles/MVillage_Jar_Sml.prefab using Guid(5892cd52a43752c4693095732741bf8e) Importer(815301076,1909f56bfc062723c751e8b465ee728b)  -> (artifact id: '32b7745b96ba1e43fe8a669c7487fdfd') in 0.055253 seconds 
========================================================================
Received Import Request.
  Time since last request: 0.000018 seconds.
  path: Assets/ASTROFISH_GAMES/MEDIEVAL_SERIES/MEDIEVAL_WELLS_PROPS/PREFABS/Singles/MVillage_SoilBorder_Med_Part.prefab
  artifactKey: Guid(63cfa133c0ff6c443ba6ed437d8b68e5) Importer(815301076,1909f56bfc062723c751e8b465ee728b)
Start importing Assets/ASTROFISH_GAMES/MEDIEVAL_SERIES/MEDIEVAL_WELLS_PROPS/PREFABS/Singles/MVillage_SoilBorder_Med_Part.prefab using Guid(63cfa133c0ff6c443ba6ed437d8b68e5) Importer(815301076,1909f56bfc062723c751e8b465ee728b)  -> (artifact id: '7509743d36c248ff0e17e693e3653655') in 0.056229 seconds 
========================================================================
Received Import Request.
  Time since last request: 0.000021 seconds.
  path: Assets/ASTROFISH_GAMES/MEDIEVAL_SERIES/MEDIEVAL_WELLS_PROPS/PREFABS/Singles/MVillage_TreeTrunk_04.prefab
  artifactKey: Guid(15111adbeb4dade41b67e6c89e7a9a19) Importer(815301076,1909f56bfc062723c751e8b465ee728b)
Start importing Assets/ASTROFISH_GAMES/MEDIEVAL_SERIES/MEDIEVAL_WELLS_PROPS/PREFABS/Singles/MVillage_TreeTrunk_04.prefab using Guid(15111adbeb4dade41b67e6c89e7a9a19) Importer(815301076,1909f56bfc062723c751e8b465ee728b)  -> (artifact id: 'fb66a4cc2f4d776ace964416b523eadb') in 0.058907 seconds 
========================================================================
Received Import Request.
  Time since last request: 0.000014 seconds.
  path: Assets/ASTROFISH_GAMES/MEDIEVAL_SERIES/MEDIEVAL_WELLS_PROPS/PREFABS/Singles/MVillage_PlatformStone_Part_Lrg.prefab
  artifactKey: Guid(d329bab66b10f1943b0adb02f4f7fcb3) Importer(815301076,1909f56bfc062723c751e8b465ee728b)
Start importing Assets/ASTROFISH_GAMES/MEDIEVAL_SERIES/MEDIEVAL_WELLS_PROPS/PREFABS/Singles/MVillage_PlatformStone_Part_Lrg.prefab using Guid(d329bab66b10f1943b0adb02f4f7fcb3) Importer(815301076,1909f56bfc062723c751e8b465ee728b)  -> (artifact id: '8964c7f0c4e8e161635bf4bdaa59c903') in 0.059262 seconds 
========================================================================
Received Import Request.
  Time since last request: 0.000024 seconds.
  path: Assets/ASTROFISH_GAMES/MEDIEVAL_SERIES/MEDIEVAL_WELLS_PROPS/PREFABS/Singles/MVillage_TreeTrunk_02.prefab
  artifactKey: Guid(759b5cb0ebdb994419ded7a1ad5b2cec) Importer(815301076,1909f56bfc062723c751e8b465ee728b)
Start importing Assets/ASTROFISH_GAMES/MEDIEVAL_SERIES/MEDIEVAL_WELLS_PROPS/PREFABS/Singles/MVillage_TreeTrunk_02.prefab using Guid(759b5cb0ebdb994419ded7a1ad5b2cec) Importer(815301076,1909f56bfc062723c751e8b465ee728b)  -> (artifact id: 'edb4a61716b283b21afac412c6ed2a17') in 0.055836 seconds 
========================================================================
Received Import Request.
  Time since last request: 0.000027 seconds.
  path: Assets/ASTROFISH_GAMES/MEDIEVAL_SERIES/MEDIEVAL_WELLS_PROPS/PREFABS/Singles/MVillage_Shovel.prefab
  artifactKey: Guid(e560ca3d06c48524bbbbdd4b834c923e) Importer(815301076,1909f56bfc062723c751e8b465ee728b)
Start importing Assets/ASTROFISH_GAMES/MEDIEVAL_SERIES/MEDIEVAL_WELLS_PROPS/PREFABS/Singles/MVillage_Shovel.prefab using Guid(e560ca3d06c48524bbbbdd4b834c923e) Importer(815301076,1909f56bfc062723c751e8b465ee728b)  -> (artifact id: '6ad989ec65530df811e5990692ccafff') in 0.052313 seconds 
========================================================================
Received Import Request.
  Time since last request: 0.000023 seconds.
  path: Assets/ASTROFISH_GAMES/MEDIEVAL_SERIES/MEDIEVAL_WELLS_PROPS/PREFABS/Singles/MVillage_TreeTrunk_01.prefab
  artifactKey: Guid(72a74b8b62e10384c936c27231bc8985) Importer(815301076,1909f56bfc062723c751e8b465ee728b)
Start importing Assets/ASTROFISH_GAMES/MEDIEVAL_SERIES/MEDIEVAL_WELLS_PROPS/PREFABS/Singles/MVillage_TreeTrunk_01.prefab using Guid(72a74b8b62e10384c936c27231bc8985) Importer(815301076,1909f56bfc062723c751e8b465ee728b)  -> (artifact id: '07424152d156c607a82c653736ce7c41') in 0.053987 seconds 
========================================================================
Received Import Request.
  Time since last request: 0.000024 seconds.
  path: Assets/ASTROFISH_GAMES/MEDIEVAL_SERIES/MEDIEVAL_WELLS_PROPS/PREFABS/Singles/MVillage_Driftwood_Sml.prefab
  artifactKey: Guid(9c0e49bcd773a4041911523a6de28ebb) Importer(815301076,1909f56bfc062723c751e8b465ee728b)
Start importing Assets/ASTROFISH_GAMES/MEDIEVAL_SERIES/MEDIEVAL_WELLS_PROPS/PREFABS/Singles/MVillage_Driftwood_Sml.prefab using Guid(9c0e49bcd773a4041911523a6de28ebb) Importer(815301076,1909f56bfc062723c751e8b465ee728b)  -> (artifact id: '6049066990e13e1cd8d269b3ee01551e') in 0.052755 seconds 
========================================================================
Received Import Request.
  Time since last request: 0.000019 seconds.
  path: Assets/ASTROFISH_GAMES/MEDIEVAL_SERIES/MEDIEVAL_WELLS_PROPS/PREFABS/Singles/MVillage_Driftwood_Lrg.prefab
  artifactKey: Guid(0eb4a0460199e9f408a14f81159c6f0e) Importer(815301076,1909f56bfc062723c751e8b465ee728b)
Start importing Assets/ASTROFISH_GAMES/MEDIEVAL_SERIES/MEDIEVAL_WELLS_PROPS/PREFABS/Singles/MVillage_Driftwood_Lrg.prefab using Guid(0eb4a0460199e9f408a14f81159c6f0e) Importer(815301076,1909f56bfc062723c751e8b465ee728b)  -> (artifact id: 'c4d8c65077b2ed93b7e4ed9eb47f9918') in 0.055931 seconds 
========================================================================
Received Import Request.
  Time since last request: 0.000025 seconds.
  path: Assets/ASTROFISH_GAMES/MEDIEVAL_SERIES/MEDIEVAL_WELLS_PROPS/PREFABS/Singles/MVillage_Vase.prefab
  artifactKey: Guid(5df7febb28720444180503e3004da48e) Importer(815301076,1909f56bfc062723c751e8b465ee728b)
Start importing Assets/ASTROFISH_GAMES/MEDIEVAL_SERIES/MEDIEVAL_WELLS_PROPS/PREFABS/Singles/MVillage_Vase.prefab using Guid(5df7febb28720444180503e3004da48e) Importer(815301076,1909f56bfc062723c751e8b465ee728b)  -> (artifact id: '9b37ed304a3c8c96b109a1ec9ff702bf') in 0.054414 seconds 
========================================================================
Received Import Request.
  Time since last request: 0.000034 seconds.
  path: Assets/ASTROFISH_GAMES/MEDIEVAL_SERIES/MEDIEVAL_WELLS_PROPS/PREFABS/Singles/MVillage_PortchRoof_01.prefab
  artifactKey: Guid(5f094bd35d35b334e8e53da4a4123e52) Importer(815301076,1909f56bfc062723c751e8b465ee728b)
Start importing Assets/ASTROFISH_GAMES/MEDIEVAL_SERIES/MEDIEVAL_WELLS_PROPS/PREFABS/Singles/MVillage_PortchRoof_01.prefab using Guid(5f094bd35d35b334e8e53da4a4123e52) Importer(815301076,1909f56bfc062723c751e8b465ee728b)  -> (artifact id: '1e161f4907a40432038cb341c7fdeaa2') in 0.057641 seconds 
========================================================================
Received Import Request.
  Time since last request: 0.000017 seconds.
  path: Assets/ASTROFISH_GAMES/MEDIEVAL_SERIES/MEDIEVAL_WELLS_PROPS/PREFABS/Singles/MVillage_TreeTrunk_05.prefab
  artifactKey: Guid(064d5eea756812a4faa56614d9c3d46d) Importer(815301076,1909f56bfc062723c751e8b465ee728b)
Start importing Assets/ASTROFISH_GAMES/MEDIEVAL_SERIES/MEDIEVAL_WELLS_PROPS/PREFABS/Singles/MVillage_TreeTrunk_05.prefab using Guid(064d5eea756812a4faa56614d9c3d46d) Importer(815301076,1909f56bfc062723c751e8b465ee728b)  -> (artifact id: '45958cbfdbd82f1f33de1fc0cec5b8e8') in 0.054340 seconds 
========================================================================
Received Import Request.
  Time since last request: 0.000018 seconds.
  path: Assets/ASTROFISH_GAMES/MEDIEVAL_SERIES/MEDIEVAL_WELLS_PROPS/PREFABS/Singles/MVillage_PlatformStone_Part_Sml.prefab
  artifactKey: Guid(03447c877b6056b4aa65a332279e3195) Importer(815301076,1909f56bfc062723c751e8b465ee728b)
Start importing Assets/ASTROFISH_GAMES/MEDIEVAL_SERIES/MEDIEVAL_WELLS_PROPS/PREFABS/Singles/MVillage_PlatformStone_Part_Sml.prefab using Guid(03447c877b6056b4aa65a332279e3195) Importer(815301076,1909f56bfc062723c751e8b465ee728b)  -> (artifact id: '9e0aa0ced5953742a9bc14cb0b04b5e9') in 0.053949 seconds 
========================================================================
Received Import Request.
  Time since last request: 0.000018 seconds.
  path: Assets/ASTROFISH_GAMES/MEDIEVAL_SERIES/MEDIEVAL_WELLS_PROPS/PREFABS/Singles/MVillage_CoinGround_Lrg.prefab
  artifactKey: Guid(e969b5e3647892a4c80d237fa6eafdc5) Importer(815301076,1909f56bfc062723c751e8b465ee728b)
Start importing Assets/ASTROFISH_GAMES/MEDIEVAL_SERIES/MEDIEVAL_WELLS_PROPS/PREFABS/Singles/MVillage_CoinGround_Lrg.prefab using Guid(e969b5e3647892a4c80d237fa6eafdc5) Importer(815301076,1909f56bfc062723c751e8b465ee728b)  -> (artifact id: '96efc131085040d797f5bf003b8b920f') in 0.052502 seconds 
========================================================================
Received Import Request.
  Time since last request: 0.000023 seconds.
  path: Assets/ASTROFISH_GAMES/MEDIEVAL_SERIES/MEDIEVAL_WELLS_PROPS/PREFABS/Singles/MVillage_Driftwood_Med.prefab
  artifactKey: Guid(c4729217b8d16d945bd515fe26ee71fb) Importer(815301076,1909f56bfc062723c751e8b465ee728b)
Start importing Assets/ASTROFISH_GAMES/MEDIEVAL_SERIES/MEDIEVAL_WELLS_PROPS/PREFABS/Singles/MVillage_Driftwood_Med.prefab using Guid(c4729217b8d16d945bd515fe26ee71fb) Importer(815301076,1909f56bfc062723c751e8b465ee728b)  -> (artifact id: '5b1dabead46d6d85995648493078bb1b') in 0.044137 seconds 
Editor requested this worker to shutdown with reason: Scaling down because of idle timeout
AssetImportWorker is now disconnected from the server
Process exiting
Exiting without the bug reporter. Application will terminate with return code 0