Using pre-set license
Built from '2021.3/release' branch; Version is '2021.3.27f1 (ca3ffb99bcc6) revision 13254651'; Using compiler version '192829333'; Build Type 'Release'
OS: 'Windows 11  (10.0.22621) 64bit Professional' Language: 'ru' Physical Memory: 32694 MB
BatchMode: 1, IsHumanControllingUs: 0, StartBugReporterOnCrash: 0, Is64bit: 1, IsPro: 1

COMMAND LINE ARGUMENTS:
C:\Program Files\Unity\Hub\Editor\2021.3.27f1\Editor\Unity.exe
-adb2
-batchMode
-noUpm
-name
AssetImportWorker6
-projectPath
C:/Unity Projects/My project
-logFile
Logs/AssetImportWorker6.log
-srvPort
57747
Successfully changed project path to: C:/Unity Projects/My project
C:/Unity Projects/My project
[UnityMemory] Configuration Parameters - Can be set up in boot.config
    "memorysetup-bucket-allocator-granularity=16"
    "memorysetup-bucket-allocator-bucket-count=8"
    "memorysetup-bucket-allocator-block-size=33554432"
    "memorysetup-bucket-allocator-block-count=8"
    "memorysetup-main-allocator-block-size=16777216"
    "memorysetup-thread-allocator-block-size=16777216"
    "memorysetup-gfx-main-allocator-block-size=16777216"
    "memorysetup-gfx-thread-allocator-block-size=16777216"
    "memorysetup-cache-allocator-block-size=4194304"
    "memorysetup-typetree-allocator-block-size=2097152"
    "memorysetup-profiler-bucket-allocator-granularity=16"
    "memorysetup-profiler-bucket-allocator-bucket-count=8"
    "memorysetup-profiler-bucket-allocator-block-size=33554432"
    "memorysetup-profiler-bucket-allocator-block-count=8"
    "memorysetup-profiler-allocator-block-size=16777216"
    "memorysetup-profiler-editor-allocator-block-size=1048576"
    "memorysetup-temp-allocator-size-main=16777216"
    "memorysetup-job-temp-allocator-block-size=2097152"
    "memorysetup-job-temp-allocator-block-size-background=1048576"
    "memorysetup-job-temp-allocator-reduction-small-platforms=262144"
    "memorysetup-temp-allocator-size-background-worker=32768"
    "memorysetup-temp-allocator-size-job-worker=262144"
    "memorysetup-temp-allocator-size-preload-manager=33554432"
    "memorysetup-temp-allocator-size-nav-mesh-worker=65536"
    "memorysetup-temp-allocator-size-audio-worker=65536"
    "memorysetup-temp-allocator-size-cloud-worker=32768"
    "memorysetup-temp-allocator-size-gi-baking-worker=262144"
    "memorysetup-temp-allocator-size-gfx=262144"
Player connection [27428] Host "[IP] 192.168.10.92 [Port] 0 [Flags] 2 [Guid] 3569414958 [EditorId] 3569414958 [Version] 1048832 [Id] WindowsEditor(7,DESKTOP-1CJ2JDT) [Debug] 1 [PackageName] WindowsEditor [ProjectName] Editor" joined multi-casting on [225.0.0.222:54997]...

Player connection [27428] Host "[IP] 192.168.10.92 [Port] 0 [Flags] 2 [Guid] 3569414958 [EditorId] 3569414958 [Version] 1048832 [Id] WindowsEditor(7,DESKTOP-1CJ2JDT) [Debug] 1 [PackageName] WindowsEditor [ProjectName] Editor" joined alternative multi-casting on [225.0.0.222:34997]...

Refreshing native plugins compatible for Editor in 69.27 ms, found 3 plugins.
Preloading 0 native plugins for Editor in 0.00 ms.
Initialize engine version: 2021.3.27f1 (ca3ffb99bcc6)
[Subsystems] Discovering subsystems at path C:/Program Files/Unity/Hub/Editor/2021.3.27f1/Editor/Data/Resources/UnitySubsystems
[Subsystems] Discovering subsystems at path C:/Unity Projects/My project/Assets
GfxDevice: creating device client; threaded=0; jobified=0
Direct3D:
    Version:  Direct3D 11.0 [level 11.1]
    Renderer: NVIDIA GeForce RTX 3060 (ID=0x2504)
    Vendor:   NVIDIA
    VRAM:     12129 MB
    Driver:   31.0.15.3734
Initialize mono
Mono path[0] = 'C:/Program Files/Unity/Hub/Editor/2021.3.27f1/Editor/Data/Managed'
Mono path[1] = 'C:/Program Files/Unity/Hub/Editor/2021.3.27f1/Editor/Data/MonoBleedingEdge/lib/mono/unityjit-win32'
Mono config path = 'C:/Program Files/Unity/Hub/Editor/2021.3.27f1/Editor/Data/MonoBleedingEdge/etc'
Using monoOptions --debugger-agent=transport=dt_socket,embedding=1,server=y,suspend=n,address=127.0.0.1:56968
Begin MonoManager ReloadAssembly
Registering precompiled unity dll's ...
Register platform support module: C:/Program Files/Unity/Hub/Editor/2021.3.27f1/Editor/Data/PlaybackEngines/AndroidPlayer/UnityEditor.Android.Extensions.dll
Register platform support module: C:/Program Files/Unity/Hub/Editor/2021.3.27f1/Editor/Data/PlaybackEngines/iOSSupport/UnityEditor.iOS.Extensions.dll
Register platform support module: C:/Program Files/Unity/Hub/Editor/2021.3.27f1/Editor/Data/PlaybackEngines/WindowsStandaloneSupport/UnityEditor.WindowsStandalone.Extensions.dll
Registered in 0.008730 seconds.
Native extension for WindowsStandalone target not found
[usbmuxd] Start listen thread
[usbmuxd] Listen thread started
Native extension for iOS target not found
Native extension for Android target not found
Android Extension - Scanning For ADB Devices 386 ms
Refreshing native plugins compatible for Editor in 60.33 ms, found 3 plugins.
Preloading 0 native plugins for Editor in 0.00 ms.
Mono: successfully reloaded assembly
- Completed reload, in  1.041 seconds
Domain Reload Profiling:
	ReloadAssembly (1041ms)
		BeginReloadAssembly (91ms)
			ExecutionOrderSort (0ms)
			DisableScriptedObjects (0ms)
			BackupInstance (0ms)
			ReleaseScriptingObjects (0ms)
			CreateAndSetChildDomain (1ms)
		EndReloadAssembly (850ms)
			LoadAssemblies (90ms)
			RebuildTransferFunctionScriptingTraits (0ms)
			SetupTypeCache (111ms)
			ReleaseScriptCaches (0ms)
			RebuildScriptCaches (29ms)
			SetupLoadedEditorAssemblies (663ms)
				LogAssemblyErrors (0ms)
				InitializePlatformSupportModulesInManaged (497ms)
				SetLoadedEditorAssemblies (0ms)
				RefreshPlugins (60ms)
				BeforeProcessingInitializeOnLoad (1ms)
				ProcessInitializeOnLoadAttributes (68ms)
				ProcessInitializeOnLoadMethodAttributes (36ms)
				AfterProcessingInitializeOnLoad (0ms)
				EditorAssembliesLoaded (0ms)
			ExecutionOrderSort2 (0ms)
			AwakeInstancesAfterBackupRestoration (0ms)
Platform modules already initialized, skipping
Registering precompiled user dll's ...
Registered in 0.003791 seconds.
Begin MonoManager ReloadAssembly
Symbol file LoadedFromMemory doesn't match image C:\Unity Projects\My project\Library\PackageCache\com.unity.visualscripting@1.8.0\Editor\VisualScripting.Core\Dependencies\YamlDotNet\Unity.VisualScripting.YamlDotNet.dll
Symbol file LoadedFromMemory doesn't match image C:\Unity Projects\My project\Library\PackageCache\com.unity.visualscripting@1.8.0\Editor\VisualScripting.Core\Dependencies\DotNetZip\Unity.VisualScripting.IonicZip.dll
Native extension for WindowsStandalone target not found
Native extension for iOS target not found
Native extension for Android target not found
Refreshing native plugins compatible for Editor in 68.12 ms, found 3 plugins.
Preloading 0 native plugins for Editor in 0.00 ms.
Mono: successfully reloaded assembly
- Completed reload, in  0.923 seconds
Domain Reload Profiling:
	ReloadAssembly (924ms)
		BeginReloadAssembly (100ms)
			ExecutionOrderSort (0ms)
			DisableScriptedObjects (5ms)
			BackupInstance (0ms)
			ReleaseScriptingObjects (0ms)
			CreateAndSetChildDomain (22ms)
		EndReloadAssembly (738ms)
			LoadAssemblies (74ms)
			RebuildTransferFunctionScriptingTraits (0ms)
			SetupTypeCache (206ms)
			ReleaseScriptCaches (1ms)
			RebuildScriptCaches (42ms)
			SetupLoadedEditorAssemblies (368ms)
				LogAssemblyErrors (0ms)
				InitializePlatformSupportModulesInManaged (24ms)
				SetLoadedEditorAssemblies (0ms)
				RefreshPlugins (68ms)
				BeforeProcessingInitializeOnLoad (71ms)
				ProcessInitializeOnLoadAttributes (184ms)
				ProcessInitializeOnLoadMethodAttributes (15ms)
				AfterProcessingInitializeOnLoad (6ms)
				EditorAssembliesLoaded (0ms)
			ExecutionOrderSort2 (0ms)
			AwakeInstancesAfterBackupRestoration (5ms)
Platform modules already initialized, skipping
========================================================================
Worker process is ready to serve import requests
Launched and connected shader compiler UnityShaderCompiler.exe after 0.06 seconds
Refreshing native plugins compatible for Editor in 3.71 ms, found 3 plugins.
Preloading 0 native plugins for Editor in 0.00 ms.
Unloading 3165 Unused Serialized files (Serialized files now loaded: 0)
Unloading 28 unused Assets / (0.8 MB). Loaded Objects now: 3647.
Memory consumption went from 129.9 MB to 129.2 MB.
Total: 4.149600 ms (FindLiveObjects: 0.470200 ms CreateObjectMapping: 0.100400 ms MarkObjects: 3.245200 ms  DeleteObjects: 0.332600 ms)

AssetImportParameters requested are different than current active one (requested -> active):
  custom:video-decoder-ogg-theora: a1e56fd34408186e4bbccfd4996cb3dc -> 
  custom:container-muxer-webm: aa71ff27fc2769a1b78a27578f13a17b -> 
  custom:container-demuxer-webm: 4f35f7cbe854078d1ac9338744f61a02 -> 
  custom:video-encoder-webm-vp8: eb34c28f22e8b96e1ab97ce403110664 -> 
  custom:video-codec-MediaFoundation-h265: 746d11721c4dcdbdad8f713fa42b33f4 -> 
  custom:audio-encoder-webm-vorbis: bf7c407c2cedff20999df2af8eb42d56 -> 
  custom:framework-win-MediaFoundation: 216162199b28c13a410421893ffa2e32 -> 
  custom:container-demuxer-ogg: 62fdf1f143b41e24485cea50d1cbac27 -> 
  custom:video-decoder-webm-vp8: 9c59270c3fd7afecdb556c50c9e8de78 -> 
  custom:audio-decoder-ogg-vorbis: bf7c407c2cedff20999df2af8eb42d56 -> 
========================================================================
Received Import Request.
  Time since last request: 334805.022185 seconds.
  path: Assets/ASTROFISH_GAMES/MEDIEVAL_SERIES/MEDIEVAL_WELLS_PROPS/PREFABS/Singles/MVillage_BucketHandle.prefab
  artifactKey: Guid(1396ddf9e436d2944a747eef35492c64) Importer(815301076,1909f56bfc062723c751e8b465ee728b)
Start importing Assets/ASTROFISH_GAMES/MEDIEVAL_SERIES/MEDIEVAL_WELLS_PROPS/PREFABS/Singles/MVillage_BucketHandle.prefab using Guid(1396ddf9e436d2944a747eef35492c64) Importer(815301076,1909f56bfc062723c751e8b465ee728b)  -> (artifact id: 'a86a0321f5b9f40e88b47235c3710235') in 0.171062 seconds 
========================================================================
Received Import Request.
  Time since last request: 0.000046 seconds.
  path: Assets/ASTROFISH_GAMES/MEDIEVAL_SERIES/MEDIEVAL_WELLS_PROPS/PREFABS/Singles/MVillage_WellWall_02_Half_B.prefab
  artifactKey: Guid(f6efc14c9628e7e4792d9500664fe956) Importer(815301076,1909f56bfc062723c751e8b465ee728b)
Start importing Assets/ASTROFISH_GAMES/MEDIEVAL_SERIES/MEDIEVAL_WELLS_PROPS/PREFABS/Singles/MVillage_WellWall_02_Half_B.prefab using Guid(f6efc14c9628e7e4792d9500664fe956) Importer(815301076,1909f56bfc062723c751e8b465ee728b)  -> (artifact id: '113b51772393d8391b232725246ac7bf') in 0.057308 seconds 
========================================================================
Received Import Request.
  Time since last request: 0.000046 seconds.
  path: Assets/ASTROFISH_GAMES/MEDIEVAL_SERIES/MEDIEVAL_WELLS_PROPS/PREFABS/Singles/MVillage_WheelHandle.prefab
  artifactKey: Guid(63ac0614c8f05d04fbecf4ed4de62605) Importer(815301076,1909f56bfc062723c751e8b465ee728b)
Start importing Assets/ASTROFISH_GAMES/MEDIEVAL_SERIES/MEDIEVAL_WELLS_PROPS/PREFABS/Singles/MVillage_WheelHandle.prefab using Guid(63ac0614c8f05d04fbecf4ed4de62605) Importer(815301076,1909f56bfc062723c751e8b465ee728b)  -> (artifact id: 'f314620738b2159ffb65fd72406439b8') in 0.049715 seconds 
========================================================================
Received Import Request.
  Time since last request: 0.000018 seconds.
  path: Assets/ASTROFISH_GAMES/MEDIEVAL_SERIES/MEDIEVAL_WELLS_PROPS/PREFABS/Singles/MVillage_SoilBorder_Lrg.prefab
  artifactKey: Guid(5ff713e77137fa84690b61c2ccd89bb8) Importer(815301076,1909f56bfc062723c751e8b465ee728b)
Start importing Assets/ASTROFISH_GAMES/MEDIEVAL_SERIES/MEDIEVAL_WELLS_PROPS/PREFABS/Singles/MVillage_SoilBorder_Lrg.prefab using Guid(5ff713e77137fa84690b61c2ccd89bb8) Importer(815301076,1909f56bfc062723c751e8b465ee728b)  -> (artifact id: '35e03d16fae33d5a8e52a453da31ac11') in 0.053001 seconds 
========================================================================
Received Import Request.
  Time since last request: 0.000018 seconds.
  path: Assets/ASTROFISH_GAMES/MEDIEVAL_SERIES/MEDIEVAL_WELLS_PROPS/PREFABS/Singles/MVillage_SoilBorder_Med.prefab
  artifactKey: Guid(24c45566a3147af4bbc7f9817392fe5f) Importer(815301076,1909f56bfc062723c751e8b465ee728b)
Start importing Assets/ASTROFISH_GAMES/MEDIEVAL_SERIES/MEDIEVAL_WELLS_PROPS/PREFABS/Singles/MVillage_SoilBorder_Med.prefab using Guid(24c45566a3147af4bbc7f9817392fe5f) Importer(815301076,1909f56bfc062723c751e8b465ee728b)  -> (artifact id: 'afcabc33c1d15c6f4e69db6853cd9153') in 0.055912 seconds 
========================================================================
Received Import Request.
  Time since last request: 0.000032 seconds.
  path: Assets/ASTROFISH_GAMES/MEDIEVAL_SERIES/MEDIEVAL_WELLS_PROPS/PREFABS/Singles/MVillage_Well_02.prefab
  artifactKey: Guid(cb98d964212f76f48820ad2b52059a5f) Importer(815301076,1909f56bfc062723c751e8b465ee728b)
Start importing Assets/ASTROFISH_GAMES/MEDIEVAL_SERIES/MEDIEVAL_WELLS_PROPS/PREFABS/Singles/MVillage_Well_02.prefab using Guid(cb98d964212f76f48820ad2b52059a5f) Importer(815301076,1909f56bfc062723c751e8b465ee728b)  -> (artifact id: '1a93f4cf115e54c2d4c8c0b921720246') in 0.055069 seconds 
========================================================================
Received Import Request.
  Time since last request: 0.000021 seconds.
  path: Assets/ASTROFISH_GAMES/MEDIEVAL_SERIES/MEDIEVAL_WELLS_PROPS/PREFABS/Singles/MVillage_StoneBlock.prefab
  artifactKey: Guid(cc76f90c15a6b874ca1d561f2346c97a) Importer(815301076,1909f56bfc062723c751e8b465ee728b)
Start importing Assets/ASTROFISH_GAMES/MEDIEVAL_SERIES/MEDIEVAL_WELLS_PROPS/PREFABS/Singles/MVillage_StoneBlock.prefab using Guid(cc76f90c15a6b874ca1d561f2346c97a) Importer(815301076,1909f56bfc062723c751e8b465ee728b)  -> (artifact id: '1b7a6b209555427c072523e0b9edd0a2') in 0.057476 seconds 
========================================================================
Received Import Request.
  Time since last request: 0.000033 seconds.
  path: Assets/ASTROFISH_GAMES/MEDIEVAL_SERIES/MEDIEVAL_WELLS_PROPS/PREFABS/Singles/MVillage_Rope_02.prefab
  artifactKey: Guid(d594baa151af66e429698ef698d55980) Importer(815301076,1909f56bfc062723c751e8b465ee728b)
Start importing Assets/ASTROFISH_GAMES/MEDIEVAL_SERIES/MEDIEVAL_WELLS_PROPS/PREFABS/Singles/MVillage_Rope_02.prefab using Guid(d594baa151af66e429698ef698d55980) Importer(815301076,1909f56bfc062723c751e8b465ee728b)  -> (artifact id: '65436f43ef6eaf3dd1c3e8e9b5fb1d80') in 0.060584 seconds 
========================================================================
Received Import Request.
  Time since last request: 0.000014 seconds.
  path: Assets/ASTROFISH_GAMES/MEDIEVAL_SERIES/MEDIEVAL_WELLS_PROPS/PREFABS/Singles/MVillage_TreeTrunk_03.prefab
  artifactKey: Guid(18a5dc24a73cc7e48bf38b7dc7618ece) Importer(815301076,1909f56bfc062723c751e8b465ee728b)
Start importing Assets/ASTROFISH_GAMES/MEDIEVAL_SERIES/MEDIEVAL_WELLS_PROPS/PREFABS/Singles/MVillage_TreeTrunk_03.prefab using Guid(18a5dc24a73cc7e48bf38b7dc7618ece) Importer(815301076,1909f56bfc062723c751e8b465ee728b)  -> (artifact id: '22dfafd30b3dec6928880b900c620841') in 0.059368 seconds 
========================================================================
Received Import Request.
  Time since last request: 0.000019 seconds.
  path: Assets/ASTROFISH_GAMES/MEDIEVAL_SERIES/MEDIEVAL_WELLS_PROPS/PREFABS/Singles/MVillage_Rope_03.prefab
  artifactKey: Guid(7e4754d888b4fcd4aad9cdcaf24f86b9) Importer(815301076,1909f56bfc062723c751e8b465ee728b)
Start importing Assets/ASTROFISH_GAMES/MEDIEVAL_SERIES/MEDIEVAL_WELLS_PROPS/PREFABS/Singles/MVillage_Rope_03.prefab using Guid(7e4754d888b4fcd4aad9cdcaf24f86b9) Importer(815301076,1909f56bfc062723c751e8b465ee728b)  -> (artifact id: '9475b93f39a169c3f2b4a48aedab1f63') in 0.056060 seconds 
========================================================================
Received Import Request.
  Time since last request: 0.000019 seconds.
  path: Assets/ASTROFISH_GAMES/MEDIEVAL_SERIES/MEDIEVAL_WELLS_PROPS/PREFABS/Singles/MVillage_WellWall_02.prefab
  artifactKey: Guid(c352b2314ec3bfe46acd7939389489e3) Importer(815301076,1909f56bfc062723c751e8b465ee728b)
Start importing Assets/ASTROFISH_GAMES/MEDIEVAL_SERIES/MEDIEVAL_WELLS_PROPS/PREFABS/Singles/MVillage_WellWall_02.prefab using Guid(c352b2314ec3bfe46acd7939389489e3) Importer(815301076,1909f56bfc062723c751e8b465ee728b)  -> (artifact id: '8776767deb1d7d07244afb26140546ca') in 0.053864 seconds 
========================================================================
Received Import Request.
  Time since last request: 0.000022 seconds.
  path: Assets/ASTROFISH_GAMES/MEDIEVAL_SERIES/MEDIEVAL_WELLS_PROPS/PREFABS/Singles/MVillage_WellWall_02_Half_A.prefab
  artifactKey: Guid(9a336d280155faa488189bf6b1f973f6) Importer(815301076,1909f56bfc062723c751e8b465ee728b)
Start importing Assets/ASTROFISH_GAMES/MEDIEVAL_SERIES/MEDIEVAL_WELLS_PROPS/PREFABS/Singles/MVillage_WellWall_02_Half_A.prefab using Guid(9a336d280155faa488189bf6b1f973f6) Importer(815301076,1909f56bfc062723c751e8b465ee728b)  -> (artifact id: '3839e000d55c9363f0009cd774f1ab3e') in 0.053562 seconds 
========================================================================
Received Import Request.
  Time since last request: 0.000031 seconds.
  path: Assets/ASTROFISH_GAMES/MEDIEVAL_SERIES/MEDIEVAL_WELLS_PROPS/PREFABS/Singles/MVillage_Well_01.prefab
  artifactKey: Guid(cf8a72772c68f1c4eb46c0a75ef46db0) Importer(815301076,1909f56bfc062723c751e8b465ee728b)
Start importing Assets/ASTROFISH_GAMES/MEDIEVAL_SERIES/MEDIEVAL_WELLS_PROPS/PREFABS/Singles/MVillage_Well_01.prefab using Guid(cf8a72772c68f1c4eb46c0a75ef46db0) Importer(815301076,1909f56bfc062723c751e8b465ee728b)  -> (artifact id: '164775a625ac20a820ffb11779b43b4c') in 0.052755 seconds 
========================================================================
Received Import Request.
  Time since last request: 0.000023 seconds.
  path: Assets/ASTROFISH_GAMES/MEDIEVAL_SERIES/MEDIEVAL_WELLS_PROPS/PREFABS/Singles/MVillage_Cup.prefab
  artifactKey: Guid(d121abcf5f23366418041ece6b787bc7) Importer(815301076,1909f56bfc062723c751e8b465ee728b)
Start importing Assets/ASTROFISH_GAMES/MEDIEVAL_SERIES/MEDIEVAL_WELLS_PROPS/PREFABS/Singles/MVillage_Cup.prefab using Guid(d121abcf5f23366418041ece6b787bc7) Importer(815301076,1909f56bfc062723c751e8b465ee728b)  -> (artifact id: 'aaef9b93e0a2040177dd658adc0b2c4f') in 0.056984 seconds 
========================================================================
Received Import Request.
  Time since last request: 0.000020 seconds.
  path: Assets/ASTROFISH_GAMES/MEDIEVAL_SERIES/MEDIEVAL_WELLS_PROPS/PREFABS/Singles/MVillage_Well_03.prefab
  artifactKey: Guid(59545c9b2bac86f42b0fa882a3f8c242) Importer(815301076,1909f56bfc062723c751e8b465ee728b)
Start importing Assets/ASTROFISH_GAMES/MEDIEVAL_SERIES/MEDIEVAL_WELLS_PROPS/PREFABS/Singles/MVillage_Well_03.prefab using Guid(59545c9b2bac86f42b0fa882a3f8c242) Importer(815301076,1909f56bfc062723c751e8b465ee728b)  -> (artifact id: 'fad470f7aac19a36ec6547f3a382d27e') in 0.052201 seconds 
========================================================================
Received Import Request.
  Time since last request: 0.000016 seconds.
  path: Assets/ASTROFISH_GAMES/MEDIEVAL_SERIES/MEDIEVAL_WELLS_PROPS/PREFABS/Singles/MVillage_PlatformStone_QuaterCircle.prefab
  artifactKey: Guid(a347db81805e3b341986b307e3348b32) Importer(815301076,1909f56bfc062723c751e8b465ee728b)
Start importing Assets/ASTROFISH_GAMES/MEDIEVAL_SERIES/MEDIEVAL_WELLS_PROPS/PREFABS/Singles/MVillage_PlatformStone_QuaterCircle.prefab using Guid(a347db81805e3b341986b307e3348b32) Importer(815301076,1909f56bfc062723c751e8b465ee728b)  -> (artifact id: 'b6fbc6dded819abef4fee6856c5225d2') in 0.057270 seconds 
========================================================================
Received Import Request.
  Time since last request: 0.000019 seconds.
  path: Assets/ASTROFISH_GAMES/MEDIEVAL_SERIES/MEDIEVAL_WELLS_PROPS/PREFABS/Singles/MVillage_CoinSingle.prefab
  artifactKey: Guid(5c8d57e6905a9c44097edc7259b071de) Importer(815301076,1909f56bfc062723c751e8b465ee728b)
Start importing Assets/ASTROFISH_GAMES/MEDIEVAL_SERIES/MEDIEVAL_WELLS_PROPS/PREFABS/Singles/MVillage_CoinSingle.prefab using Guid(5c8d57e6905a9c44097edc7259b071de) Importer(815301076,1909f56bfc062723c751e8b465ee728b)  -> (artifact id: '863c2b8b6d9927b31708b9c69e098e55') in 0.054905 seconds 
========================================================================
Received Import Request.
  Time since last request: 0.000035 seconds.
  path: Assets/ASTROFISH_GAMES/MEDIEVAL_SERIES/MEDIEVAL_WELLS_PROPS/PREFABS/Singles/MVillage_Rope_01.prefab
  artifactKey: Guid(7c7662e842a504242a792c49417e1b2c) Importer(815301076,1909f56bfc062723c751e8b465ee728b)
Start importing Assets/ASTROFISH_GAMES/MEDIEVAL_SERIES/MEDIEVAL_WELLS_PROPS/PREFABS/Singles/MVillage_Rope_01.prefab using Guid(7c7662e842a504242a792c49417e1b2c) Importer(815301076,1909f56bfc062723c751e8b465ee728b)  -> (artifact id: 'a1cf2389174db9c0610a2df48513dc0a') in 0.053608 seconds 
========================================================================
Received Import Request.
  Time since last request: 0.000025 seconds.
  path: Assets/ASTROFISH_GAMES/MEDIEVAL_SERIES/MEDIEVAL_WELLS_PROPS/PREFABS/Singles/MVillage_BucketRope.prefab
  artifactKey: Guid(f48b480a9308960469f2ee13716617cb) Importer(815301076,1909f56bfc062723c751e8b465ee728b)
Start importing Assets/ASTROFISH_GAMES/MEDIEVAL_SERIES/MEDIEVAL_WELLS_PROPS/PREFABS/Singles/MVillage_BucketRope.prefab using Guid(f48b480a9308960469f2ee13716617cb) Importer(815301076,1909f56bfc062723c751e8b465ee728b)  -> (artifact id: '43a7ec68b4f25ceb6093935e7544ae1e') in 0.053421 seconds 
Editor requested this worker to shutdown with reason: Scaling down because of idle timeout
AssetImportWorker is now disconnected from the server
Process exiting
Exiting without the bug reporter. Application will terminate with return code 0