Using pre-set license
Built from '2021.3/release' branch; Version is '2021.3.27f1 (ca3ffb99bcc6) revision 13254651'; Using compiler version '192829333'; Build Type 'Release'
OS: 'Windows 11  (10.0.22621) 64bit Professional' Language: 'ru' Physical Memory: 32694 MB
BatchMode: 1, IsHumanControllingUs: 0, StartBugReporterOnCrash: 0, Is64bit: 1, IsPro: 1

COMMAND LINE ARGUMENTS:
C:\Program Files\Unity\Hub\Editor\2021.3.27f1\Editor\Unity.exe
-adb2
-batchMode
-noUpm
-name
AssetImportWorker15
-projectPath
C:/Unity Projects/My project
-logFile
Logs/AssetImportWorker15.log
-srvPort
57747
Successfully changed project path to: C:/Unity Projects/My project
C:/Unity Projects/My project
[UnityMemory] Configuration Parameters - Can be set up in boot.config
    "memorysetup-bucket-allocator-granularity=16"
    "memorysetup-bucket-allocator-bucket-count=8"
    "memorysetup-bucket-allocator-block-size=33554432"
    "memorysetup-bucket-allocator-block-count=8"
    "memorysetup-main-allocator-block-size=16777216"
    "memorysetup-thread-allocator-block-size=16777216"
    "memorysetup-gfx-main-allocator-block-size=16777216"
    "memorysetup-gfx-thread-allocator-block-size=16777216"
    "memorysetup-cache-allocator-block-size=4194304"
    "memorysetup-typetree-allocator-block-size=2097152"
    "memorysetup-profiler-bucket-allocator-granularity=16"
    "memorysetup-profiler-bucket-allocator-bucket-count=8"
    "memorysetup-profiler-bucket-allocator-block-size=33554432"
    "memorysetup-profiler-bucket-allocator-block-count=8"
    "memorysetup-profiler-allocator-block-size=16777216"
    "memorysetup-profiler-editor-allocator-block-size=1048576"
    "memorysetup-temp-allocator-size-main=16777216"
    "memorysetup-job-temp-allocator-block-size=2097152"
    "memorysetup-job-temp-allocator-block-size-background=1048576"
    "memorysetup-job-temp-allocator-reduction-small-platforms=262144"
    "memorysetup-temp-allocator-size-background-worker=32768"
    "memorysetup-temp-allocator-size-job-worker=262144"
    "memorysetup-temp-allocator-size-preload-manager=33554432"
    "memorysetup-temp-allocator-size-nav-mesh-worker=65536"
    "memorysetup-temp-allocator-size-audio-worker=65536"
    "memorysetup-temp-allocator-size-cloud-worker=32768"
    "memorysetup-temp-allocator-size-gi-baking-worker=262144"
    "memorysetup-temp-allocator-size-gfx=262144"
Player connection [61284] Host "[IP] 192.168.10.92 [Port] 0 [Flags] 2 [Guid] 3999515767 [EditorId] 3999515767 [Version] 1048832 [Id] WindowsEditor(7,DESKTOP-1CJ2JDT) [Debug] 1 [PackageName] WindowsEditor [ProjectName] Editor" joined multi-casting on [225.0.0.222:54997]...

Player connection [61284] Host "[IP] 192.168.10.92 [Port] 0 [Flags] 2 [Guid] 3999515767 [EditorId] 3999515767 [Version] 1048832 [Id] WindowsEditor(7,DESKTOP-1CJ2JDT) [Debug] 1 [PackageName] WindowsEditor [ProjectName] Editor" joined alternative multi-casting on [225.0.0.222:34997]...

Refreshing native plugins compatible for Editor in 57.29 ms, found 3 plugins.
Preloading 0 native plugins for Editor in 0.00 ms.
Initialize engine version: 2021.3.27f1 (ca3ffb99bcc6)
[Subsystems] Discovering subsystems at path C:/Program Files/Unity/Hub/Editor/2021.3.27f1/Editor/Data/Resources/UnitySubsystems
[Subsystems] Discovering subsystems at path C:/Unity Projects/My project/Assets
GfxDevice: creating device client; threaded=0; jobified=0
Direct3D:
    Version:  Direct3D 11.0 [level 11.1]
    Renderer: NVIDIA GeForce RTX 3060 (ID=0x2504)
    Vendor:   NVIDIA
    VRAM:     12129 MB
    Driver:   31.0.15.3734
Initialize mono
Mono path[0] = 'C:/Program Files/Unity/Hub/Editor/2021.3.27f1/Editor/Data/Managed'
Mono path[1] = 'C:/Program Files/Unity/Hub/Editor/2021.3.27f1/Editor/Data/MonoBleedingEdge/lib/mono/unityjit-win32'
Mono config path = 'C:/Program Files/Unity/Hub/Editor/2021.3.27f1/Editor/Data/MonoBleedingEdge/etc'
Using monoOptions --debugger-agent=transport=dt_socket,embedding=1,server=y,suspend=n,address=127.0.0.1:56504
Begin MonoManager ReloadAssembly
Registering precompiled unity dll's ...
Register platform support module: C:/Program Files/Unity/Hub/Editor/2021.3.27f1/Editor/Data/PlaybackEngines/AndroidPlayer/UnityEditor.Android.Extensions.dll
Register platform support module: C:/Program Files/Unity/Hub/Editor/2021.3.27f1/Editor/Data/PlaybackEngines/iOSSupport/UnityEditor.iOS.Extensions.dll
Register platform support module: C:/Program Files/Unity/Hub/Editor/2021.3.27f1/Editor/Data/PlaybackEngines/WindowsStandaloneSupport/UnityEditor.WindowsStandalone.Extensions.dll
Registered in 0.004512 seconds.
Native extension for WindowsStandalone target not found
[usbmuxd] Start listen thread
[usbmuxd] Listen thread started
Native extension for iOS target not found
Native extension for Android target not found
Android Extension - Scanning For ADB Devices 339 ms
Refreshing native plugins compatible for Editor in 55.36 ms, found 3 plugins.
Preloading 0 native plugins for Editor in 0.00 ms.
Mono: successfully reloaded assembly
- Completed reload, in  0.865 seconds
Domain Reload Profiling:
	ReloadAssembly (866ms)
		BeginReloadAssembly (65ms)
			ExecutionOrderSort (0ms)
			DisableScriptedObjects (0ms)
			BackupInstance (0ms)
			ReleaseScriptingObjects (0ms)
			CreateAndSetChildDomain (1ms)
		EndReloadAssembly (729ms)
			LoadAssemblies (64ms)
			RebuildTransferFunctionScriptingTraits (0ms)
			SetupTypeCache (74ms)
			ReleaseScriptCaches (0ms)
			RebuildScriptCaches (23ms)
			SetupLoadedEditorAssemblies (594ms)
				LogAssemblyErrors (0ms)
				InitializePlatformSupportModulesInManaged (429ms)
				SetLoadedEditorAssemblies (0ms)
				RefreshPlugins (55ms)
				BeforeProcessingInitializeOnLoad (1ms)
				ProcessInitializeOnLoadAttributes (73ms)
				ProcessInitializeOnLoadMethodAttributes (36ms)
				AfterProcessingInitializeOnLoad (0ms)
				EditorAssembliesLoaded (0ms)
			ExecutionOrderSort2 (0ms)
			AwakeInstancesAfterBackupRestoration (0ms)
Platform modules already initialized, skipping
Registering precompiled user dll's ...
Registered in 0.003595 seconds.
Begin MonoManager ReloadAssembly
Symbol file LoadedFromMemory doesn't match image C:\Unity Projects\My project\Library\PackageCache\com.unity.visualscripting@1.8.0\Editor\VisualScripting.Core\Dependencies\YamlDotNet\Unity.VisualScripting.YamlDotNet.dll
Symbol file LoadedFromMemory doesn't match image C:\Unity Projects\My project\Library\PackageCache\com.unity.visualscripting@1.8.0\Editor\VisualScripting.Core\Dependencies\DotNetZip\Unity.VisualScripting.IonicZip.dll
Native extension for WindowsStandalone target not found
Native extension for iOS target not found
Native extension for Android target not found
Refreshing native plugins compatible for Editor in 55.64 ms, found 3 plugins.
Preloading 0 native plugins for Editor in 0.00 ms.
Mono: successfully reloaded assembly
- Completed reload, in  0.976 seconds
Domain Reload Profiling:
	ReloadAssembly (977ms)
		BeginReloadAssembly (121ms)
			ExecutionOrderSort (0ms)
			DisableScriptedObjects (8ms)
			BackupInstance (0ms)
			ReleaseScriptingObjects (0ms)
			CreateAndSetChildDomain (24ms)
		EndReloadAssembly (751ms)
			LoadAssemblies (93ms)
			RebuildTransferFunctionScriptingTraits (0ms)
			SetupTypeCache (250ms)
			ReleaseScriptCaches (1ms)
			RebuildScriptCaches (46ms)
			SetupLoadedEditorAssemblies (322ms)
				LogAssemblyErrors (0ms)
				InitializePlatformSupportModulesInManaged (25ms)
				SetLoadedEditorAssemblies (0ms)
				RefreshPlugins (56ms)
				BeforeProcessingInitializeOnLoad (58ms)
				ProcessInitializeOnLoadAttributes (164ms)
				ProcessInitializeOnLoadMethodAttributes (14ms)
				AfterProcessingInitializeOnLoad (5ms)
				EditorAssembliesLoaded (0ms)
			ExecutionOrderSort2 (0ms)
			AwakeInstancesAfterBackupRestoration (4ms)
Platform modules already initialized, skipping
========================================================================
Worker process is ready to serve import requests
Launched and connected shader compiler UnityShaderCompiler.exe after 0.06 seconds
Refreshing native plugins compatible for Editor in 0.92 ms, found 3 plugins.
Preloading 0 native plugins for Editor in 0.00 ms.
Unloading 3165 Unused Serialized files (Serialized files now loaded: 0)
Unloading 28 unused Assets / (0.8 MB). Loaded Objects now: 3650.
Memory consumption went from 130.6 MB to 129.9 MB.
Total: 4.253800 ms (FindLiveObjects: 0.502100 ms CreateObjectMapping: 0.103700 ms MarkObjects: 3.354000 ms  DeleteObjects: 0.293100 ms)

AssetImportParameters requested are different than current active one (requested -> active):
  custom:video-decoder-ogg-theora: a1e56fd34408186e4bbccfd4996cb3dc -> 
  custom:container-muxer-webm: aa71ff27fc2769a1b78a27578f13a17b -> 
  custom:container-demuxer-webm: 4f35f7cbe854078d1ac9338744f61a02 -> 
  custom:video-encoder-webm-vp8: eb34c28f22e8b96e1ab97ce403110664 -> 
  custom:video-codec-MediaFoundation-h265: 746d11721c4dcdbdad8f713fa42b33f4 -> 
  custom:audio-encoder-webm-vorbis: bf7c407c2cedff20999df2af8eb42d56 -> 
  custom:framework-win-MediaFoundation: 216162199b28c13a410421893ffa2e32 -> 
  custom:container-demuxer-ogg: 62fdf1f143b41e24485cea50d1cbac27 -> 
  custom:video-decoder-webm-vp8: 9c59270c3fd7afecdb556c50c9e8de78 -> 
  custom:audio-decoder-ogg-vorbis: bf7c407c2cedff20999df2af8eb42d56 -> 
========================================================================
Received Import Request.
  Time since last request: 336903.128285 seconds.
  path: Assets/Models/RopeAndWood.fbx
  artifactKey: Guid(7f3d21aa3103fa945a6d68f180dac134) Importer(815301076,1909f56bfc062723c751e8b465ee728b)
Start importing Assets/Models/RopeAndWood.fbx using Guid(7f3d21aa3103fa945a6d68f180dac134) Importer(815301076,1909f56bfc062723c751e8b465ee728b)  -> (artifact id: 'fa4c166362a5ba59ab08161a1ca32070') in 0.115445 seconds 
========================================================================
Received Import Request.
  Time since last request: 21.134441 seconds.
  path: Assets/Models/RopeAndWood.fbx
  artifactKey: Guid(7f3d21aa3103fa945a6d68f180dac134) Importer(815301076,1909f56bfc062723c751e8b465ee728b)
Start importing Assets/Models/RopeAndWood.fbx using Guid(7f3d21aa3103fa945a6d68f180dac134) Importer(815301076,1909f56bfc062723c751e8b465ee728b)  -> (artifact id: '0731fe521d98f1dd3cba8d7a85016798') in 0.015693 seconds 
========================================================================
Received Import Request.
  Time since last request: 579.158678 seconds.
  path: Assets/Models/RopeAndWood.fbx
  artifactKey: Guid(7f3d21aa3103fa945a6d68f180dac134) Importer(815301076,1909f56bfc062723c751e8b465ee728b)
Start importing Assets/Models/RopeAndWood.fbx using Guid(7f3d21aa3103fa945a6d68f180dac134) Importer(815301076,1909f56bfc062723c751e8b465ee728b)  -> (artifact id: 'cb41b76a7ed3f99758e001b21649666d') in 0.014733 seconds 
========================================================================
Received Import Request.
  Time since last request: 54.915679 seconds.
  path: Assets/Textures/Diffuse.png
  artifactKey: Guid(c81c705147750bb488d60872175fda30) Importer(815301076,1909f56bfc062723c751e8b465ee728b)
Start importing Assets/Textures/Diffuse.png using Guid(c81c705147750bb488d60872175fda30) Importer(815301076,1909f56bfc062723c751e8b465ee728b)  -> (artifact id: '44154313a3858418fd1e1e7a52b51fbe') in 0.043265 seconds 
========================================================================
Received Import Request.
  Time since last request: 2.500933 seconds.
  path: Assets/Textures/Diffuse.png
  artifactKey: Guid(c81c705147750bb488d60872175fda30) Importer(815301076,1909f56bfc062723c751e8b465ee728b)
Start importing Assets/Textures/Diffuse.png using Guid(c81c705147750bb488d60872175fda30) Importer(815301076,1909f56bfc062723c751e8b465ee728b)  -> (artifact id: '5294c63477901fdfd58c9b3da0acf58a') in 0.007872 seconds 
========================================================================
Received Import Request.
  Time since last request: 10.310331 seconds.
  path: Assets/Materials/Chest.mat
  artifactKey: Guid(3d92c13a401928e4da7e22e76225a5bc) Importer(815301076,1909f56bfc062723c751e8b465ee728b)
Start importing Assets/Materials/Chest.mat using Guid(3d92c13a401928e4da7e22e76225a5bc) Importer(815301076,1909f56bfc062723c751e8b465ee728b)  -> (artifact id: 'a98784e79ca70fffa29d38b2b3bbd94e') in 0.024578 seconds 
========================================================================
Received Import Request.
  Time since last request: 21.002461 seconds.
  path: Assets/Models/Chest.FBX
  artifactKey: Guid(9b6c3d01c33718b45bf7737e8c87415d) Importer(815301076,1909f56bfc062723c751e8b465ee728b)
Start importing Assets/Models/Chest.FBX using Guid(9b6c3d01c33718b45bf7737e8c87415d) Importer(815301076,1909f56bfc062723c751e8b465ee728b)  -> (artifact id: '934cea2e5a6df554184596e3aa87cdfc') in 0.026567 seconds 
========================================================================
Received Import Request.
  Time since last request: 23.544323 seconds.
  path: Assets/Models/Chest.FBX
  artifactKey: Guid(9b6c3d01c33718b45bf7737e8c87415d) Importer(815301076,1909f56bfc062723c751e8b465ee728b)
Start importing Assets/Models/Chest.FBX using Guid(9b6c3d01c33718b45bf7737e8c87415d) Importer(815301076,1909f56bfc062723c751e8b465ee728b)  -> (artifact id: 'fc26e8695a22ff9282c25e96bfc8e0ff') in 0.021565 seconds 
========================================================================
Received Import Request.
  Time since last request: 0.000016 seconds.
  path: Assets/Materials/Wood_Boat.mat
  artifactKey: Guid(ee2e9cd34faf90c4e9beddac6b24cc44) Importer(815301076,1909f56bfc062723c751e8b465ee728b)
Start importing Assets/Materials/Wood_Boat.mat using Guid(ee2e9cd34faf90c4e9beddac6b24cc44) Importer(815301076,1909f56bfc062723c751e8b465ee728b)  -> (artifact id: '2d8065045aff36248f80d54a8f7f9987') in 0.010357 seconds 
========================================================================
Received Import Request.
  Time since last request: 0.009230 seconds.
  path: Assets/Textures/Chest_texture.tif
  artifactKey: Guid(3a50b6fb1e579574dbc8b2deb0598e90) Importer(815301076,1909f56bfc062723c751e8b465ee728b)
Start importing Assets/Textures/Chest_texture.tif using Guid(3a50b6fb1e579574dbc8b2deb0598e90) Importer(815301076,1909f56bfc062723c751e8b465ee728b)  -> (artifact id: '3cf6b0e164af385fc5faaf60fd73bbb2') in 0.009257 seconds 
========================================================================
Received Import Request.
  Time since last request: 377.136699 seconds.
  path: Assets/Models/boat.fbx
  artifactKey: Guid(aeda430026afd554f96b869826a9bb25) Importer(815301076,1909f56bfc062723c751e8b465ee728b)
Start importing Assets/Models/boat.fbx using Guid(aeda430026afd554f96b869826a9bb25) Importer(815301076,1909f56bfc062723c751e8b465ee728b)  -> (artifact id: 'c71d38417788f642a512e3c1c764a1c5') in 0.020794 seconds 
========================================================================
Received Import Request.
  Time since last request: 13.855376 seconds.
  path: Assets/Models/boat.fbx
  artifactKey: Guid(aeda430026afd554f96b869826a9bb25) Importer(815301076,1909f56bfc062723c751e8b465ee728b)
Start importing Assets/Models/boat.fbx using Guid(aeda430026afd554f96b869826a9bb25) Importer(815301076,1909f56bfc062723c751e8b465ee728b)  -> (artifact id: 'f34adf28dc8de26e3f3e4ae7f6b2e768') in 0.014210 seconds 
========================================================================
Received Import Request.
  Time since last request: 34.568449 seconds.
  path: Assets/Models/boat.fbx
  artifactKey: Guid(aeda430026afd554f96b869826a9bb25) Importer(815301076,1909f56bfc062723c751e8b465ee728b)
Start importing Assets/Models/boat.fbx using Guid(aeda430026afd554f96b869826a9bb25) Importer(815301076,1909f56bfc062723c751e8b465ee728b)  -> (artifact id: 'e1ba9029d0eb460193c0b5c4ec7bc106') in 0.013203 seconds 
========================================================================
Received Import Request.
  Time since last request: 154.259006 seconds.
  path: Assets/Models/Rocks.fbx
  artifactKey: Guid(6e28103afee255449920b87dd02afa27) Importer(815301076,1909f56bfc062723c751e8b465ee728b)
Start importing Assets/Models/Rocks.fbx using Guid(6e28103afee255449920b87dd02afa27) Importer(815301076,1909f56bfc062723c751e8b465ee728b)  -> (artifact id: 'b7b4fe638242808050c98659f859f712') in 0.023789 seconds 
========================================================================
Received Import Request.
  Time since last request: 19.144886 seconds.
  path: Assets/Materials/Rocks.mat
  artifactKey: Guid(d7046b042b8bb5f45bd99400d84fe8e7) Importer(815301076,1909f56bfc062723c751e8b465ee728b)
Start importing Assets/Materials/Rocks.mat using Guid(d7046b042b8bb5f45bd99400d84fe8e7) Importer(815301076,1909f56bfc062723c751e8b465ee728b)  -> (artifact id: '0ce10817d5878c7d55ab07d9b5ee0e0e') in 0.009501 seconds 
========================================================================
Received Import Request.
  Time since last request: 0.000013 seconds.
  path: Assets/Models/Rock_4.FBX
  artifactKey: Guid(12f0ed80d834e6246b96b9cf113fedc3) Importer(815301076,1909f56bfc062723c751e8b465ee728b)
Start importing Assets/Models/Rock_4.FBX using Guid(12f0ed80d834e6246b96b9cf113fedc3) Importer(815301076,1909f56bfc062723c751e8b465ee728b)  -> (artifact id: '58d826b85b36c851ae990f4fbb68d4e5') in 0.011141 seconds 
========================================================================
Received Import Request.
  Time since last request: 15.088341 seconds.
  path: Assets/Models/Rocks.fbx
  artifactKey: Guid(6e28103afee255449920b87dd02afa27) Importer(815301076,1909f56bfc062723c751e8b465ee728b)
Start importing Assets/Models/Rocks.fbx using Guid(6e28103afee255449920b87dd02afa27) Importer(815301076,1909f56bfc062723c751e8b465ee728b)  -> (artifact id: '552c145402b3b367ed9e272b647418c3') in 0.018173 seconds 
========================================================================
Received Import Request.
  Time since last request: 9.166874 seconds.
  path: Assets/FantasyEnvironments/Environments/Ambient-Occlusion-Trees/FBX/Birch_tree1.fbx
  artifactKey: Guid(699d9f0463b3804428644296838e3b76) Importer(815301076,1909f56bfc062723c751e8b465ee728b)
Start importing Assets/FantasyEnvironments/Environments/Ambient-Occlusion-Trees/FBX/Birch_tree1.fbx using Guid(699d9f0463b3804428644296838e3b76) Importer(815301076,1909f56bfc062723c751e8b465ee728b)  -> (artifact id: '4b8164f6001489a8b7d50c4f16694924') in 0.093500 seconds 
========================================================================
Received Import Request.
  Time since last request: 0.000021 seconds.
  path: Assets/FantasyEnvironments/Environments/FBX/Mushroom1.FBX
  artifactKey: Guid(bdeb79af937bc3940958acedeb2e5c15) Importer(815301076,1909f56bfc062723c751e8b465ee728b)
Start importing Assets/FantasyEnvironments/Environments/FBX/Mushroom1.FBX using Guid(bdeb79af937bc3940958acedeb2e5c15) Importer(815301076,1909f56bfc062723c751e8b465ee728b)  -> (artifact id: 'f3564a706bded1985660b8e335217434') in 0.024992 seconds 
========================================================================
Received Import Request.
  Time since last request: 0.000023 seconds.
  path: Assets/ASTROFISH_GAMES/MEDIEVAL_SERIES/MEDIEVAL_WELLS_PROPS/MVILLAGE_LEGACY/Foliage/Mods/Medieval_Foliage_Ferns.FBX
  artifactKey: Guid(0eb9543e23eedf9408863e314ecc95ce) Importer(815301076,1909f56bfc062723c751e8b465ee728b)
Start importing Assets/ASTROFISH_GAMES/MEDIEVAL_SERIES/MEDIEVAL_WELLS_PROPS/MVILLAGE_LEGACY/Foliage/Mods/Medieval_Foliage_Ferns.FBX using Guid(0eb9543e23eedf9408863e314ecc95ce) Importer(815301076,1909f56bfc062723c751e8b465ee728b)  -> (artifact id: 'b62f759efa1d0d4eba617d834654020b') in 0.028956 seconds 
========================================================================
Received Import Request.
  Time since last request: 1.290919 seconds.
  path: Assets/FantasyEnvironments/Environments/FBX/Rock1.fbx
  artifactKey: Guid(7e7c5a68504558b45bd9e9301d6c579b) Importer(815301076,1909f56bfc062723c751e8b465ee728b)
Start importing Assets/FantasyEnvironments/Environments/FBX/Rock1.fbx using Guid(7e7c5a68504558b45bd9e9301d6c579b) Importer(815301076,1909f56bfc062723c751e8b465ee728b)  -> (artifact id: '6f84c30ada9ad6d8a3c225da9b22bd9f') in 0.010022 seconds 
========================================================================
Received Import Request.
  Time since last request: 22.793857 seconds.
  path: Assets/Models/Rocks.fbx
  artifactKey: Guid(6e28103afee255449920b87dd02afa27) Importer(815301076,1909f56bfc062723c751e8b465ee728b)
Start importing Assets/Models/Rocks.fbx using Guid(6e28103afee255449920b87dd02afa27) Importer(815301076,1909f56bfc062723c751e8b465ee728b)  -> (artifact id: 'ba265cc6d32bce9adb0bd77dc56298c0') in 0.018542 seconds 
========================================================================
Received Import Request.
  Time since last request: 4.232547 seconds.
  path: Assets/Models/Rocks.fbx
  artifactKey: Guid(6e28103afee255449920b87dd02afa27) Importer(815301076,1909f56bfc062723c751e8b465ee728b)
Start importing Assets/Models/Rocks.fbx using Guid(6e28103afee255449920b87dd02afa27) Importer(815301076,1909f56bfc062723c751e8b465ee728b)  -> (artifact id: '85a691b31146fcd08bd98d8d3487d985') in 0.019623 seconds 
========================================================================
Received Import Request.
  Time since last request: 114.953121 seconds.
  path: Assets/Models/Boat_low.fbx
  artifactKey: Guid(6337ef600acdb7e478c6bb2ec4d7d6a9) Importer(815301076,1909f56bfc062723c751e8b465ee728b)
Start importing Assets/Models/Boat_low.fbx using Guid(6337ef600acdb7e478c6bb2ec4d7d6a9) Importer(815301076,1909f56bfc062723c751e8b465ee728b)  -> (artifact id: 'c13bad16e71fe03d4e43d4cc02b4b506') in 0.013670 seconds 
========================================================================
Received Import Request.
  Time since last request: 9.883104 seconds.
  path: Assets/Models/Boat_low.fbx
  artifactKey: Guid(6337ef600acdb7e478c6bb2ec4d7d6a9) Importer(815301076,1909f56bfc062723c751e8b465ee728b)
Start importing Assets/Models/Boat_low.fbx using Guid(6337ef600acdb7e478c6bb2ec4d7d6a9) Importer(815301076,1909f56bfc062723c751e8b465ee728b)  -> (artifact id: '6a88aaedbb27cef5ce3f75825114bb99') in 0.013968 seconds 
========================================================================
Received Import Request.
  Time since last request: 54.295452 seconds.
  path: Assets/Models/Rocks.fbx
  artifactKey: Guid(6e28103afee255449920b87dd02afa27) Importer(815301076,1909f56bfc062723c751e8b465ee728b)
Start importing Assets/Models/Rocks.fbx using Guid(6e28103afee255449920b87dd02afa27) Importer(815301076,1909f56bfc062723c751e8b465ee728b)  -> (artifact id: 'b3a2cf024b32e56d561d1a41848b888a') in 0.019278 seconds 
========================================================================
Received Import Request.
  Time since last request: 4.153598 seconds.
  path: Assets/Models/Rocks.fbx
  artifactKey: Guid(6e28103afee255449920b87dd02afa27) Importer(815301076,1909f56bfc062723c751e8b465ee728b)
Start importing Assets/Models/Rocks.fbx using Guid(6e28103afee255449920b87dd02afa27) Importer(815301076,1909f56bfc062723c751e8b465ee728b)  -> (artifact id: 'f6ceba413c3ba95e8a1a2869955134c2') in 0.018010 seconds 
========================================================================
Received Import Request.
  Time since last request: 3.760915 seconds.
  path: Assets/Models/Rocks.fbx
  artifactKey: Guid(6e28103afee255449920b87dd02afa27) Importer(815301076,1909f56bfc062723c751e8b465ee728b)
Start importing Assets/Models/Rocks.fbx using Guid(6e28103afee255449920b87dd02afa27) Importer(815301076,1909f56bfc062723c751e8b465ee728b)  -> (artifact id: 'c57a6490e9827b6c2f2bf003e0ab96a4') in 0.018132 seconds 
========================================================================
Received Import Request.
  Time since last request: 100.152255 seconds.
  path: Assets/Models/RopeAndWood.fbx
  artifactKey: Guid(7f3d21aa3103fa945a6d68f180dac134) Importer(815301076,1909f56bfc062723c751e8b465ee728b)
Start importing Assets/Models/RopeAndWood.fbx using Guid(7f3d21aa3103fa945a6d68f180dac134) Importer(815301076,1909f56bfc062723c751e8b465ee728b)  -> (artifact id: 'c8517653722369babdc0dc00724a0aa9') in 0.014637 seconds 
========================================================================
Received Import Request.
  Time since last request: 5.993801 seconds.
  path: Assets/Models/RopeAndWood.fbx
  artifactKey: Guid(7f3d21aa3103fa945a6d68f180dac134) Importer(815301076,1909f56bfc062723c751e8b465ee728b)
Start importing Assets/Models/RopeAndWood.fbx using Guid(7f3d21aa3103fa945a6d68f180dac134) Importer(815301076,1909f56bfc062723c751e8b465ee728b)  -> (artifact id: 'a67901dfb4dbaca8452d69aeabe1bfaa') in 0.015040 seconds 
========================================================================
Received Import Request.
  Time since last request: 73.051534 seconds.
  path: Assets/Prefabs/House_low.prefab
  artifactKey: Guid(bc5674da41931724c9f12e57974e55af) Importer(815301076,1909f56bfc062723c751e8b465ee728b)
Start importing Assets/Prefabs/House_low.prefab using Guid(bc5674da41931724c9f12e57974e55af) Importer(815301076,1909f56bfc062723c751e8b465ee728b)  -> (artifact id: 'e659f15914e1d1cb9704019140598dd0') in 0.011697 seconds 
========================================================================
Received Import Request.
  Time since last request: 0.000017 seconds.
  path: Assets/Prefabs/WaterPlane.prefab
  artifactKey: Guid(7494f5eda9c86054aa6ed25829a99b2e) Importer(815301076,1909f56bfc062723c751e8b465ee728b)
Start importing Assets/Prefabs/WaterPlane.prefab using Guid(7494f5eda9c86054aa6ed25829a99b2e) Importer(815301076,1909f56bfc062723c751e8b465ee728b)  -> (artifact id: 'eabd4c8a82d622d2d53b5b3c1623bf08') in 0.007687 seconds 
========================================================================
Received Import Request.
  Time since last request: 4.510170 seconds.
  path: Assets/Prefabs/Rock_3.prefab
  artifactKey: Guid(a917d7eaf8b747c42b9cd7df19bd46aa) Importer(815301076,1909f56bfc062723c751e8b465ee728b)
Start importing Assets/Prefabs/Rock_3.prefab using Guid(a917d7eaf8b747c42b9cd7df19bd46aa) Importer(815301076,1909f56bfc062723c751e8b465ee728b)  -> (artifact id: '8a9754b90ac3e0bd5dc063ebd2771aef') in 0.011667 seconds 
========================================================================
Received Import Request.
  Time since last request: 1.282443 seconds.
  path: Assets/Prefabs/Rock_4.prefab
  artifactKey: Guid(8679d21e36ae5fb4d98e5683193429db) Importer(815301076,1909f56bfc062723c751e8b465ee728b)
Start importing Assets/Prefabs/Rock_4.prefab using Guid(8679d21e36ae5fb4d98e5683193429db) Importer(815301076,1909f56bfc062723c751e8b465ee728b)  -> (artifact id: 'e49bfd31c3fb5ae7802caf77490c5e48') in 0.010680 seconds 
========================================================================
Received Import Request.
  Time since last request: 2.923325 seconds.
  path: Assets/Prefabs/RopeAndWood.prefab
  artifactKey: Guid(8cc009425caa6af46917fa0b5621f1f2) Importer(815301076,1909f56bfc062723c751e8b465ee728b)
Start importing Assets/Prefabs/RopeAndWood.prefab using Guid(8cc009425caa6af46917fa0b5621f1f2) Importer(815301076,1909f56bfc062723c751e8b465ee728b)  -> (artifact id: 'e4c155f019aef5bc73bc2dd88435b4e3') in 0.010947 seconds 
========================================================================
Received Import Request.
  Time since last request: 3.014108 seconds.
  path: Assets/Prefabs/Chest.prefab
  artifactKey: Guid(6139562a0e590314c9d3dbe8436d65a3) Importer(815301076,1909f56bfc062723c751e8b465ee728b)
Start importing Assets/Prefabs/Chest.prefab using Guid(6139562a0e590314c9d3dbe8436d65a3) Importer(815301076,1909f56bfc062723c751e8b465ee728b)  -> (artifact id: 'dcdde4c80543e69365bdef93b3d38f97') in 0.012468 seconds 
========================================================================
Received Import Request.
  Time since last request: 6.365304 seconds.
  path: Assets/Prefabs/Character_low.prefab
  artifactKey: Guid(c97d1452f0ccfaf4098445ab7637f6da) Importer(815301076,1909f56bfc062723c751e8b465ee728b)
Start importing Assets/Prefabs/Character_low.prefab using Guid(c97d1452f0ccfaf4098445ab7637f6da) Importer(815301076,1909f56bfc062723c751e8b465ee728b)  -> (artifact id: 'ba03a99fbdc84c21f1da3159c9fd6166') in 0.036244 seconds 
========================================================================
Received Import Request.
  Time since last request: 8.021096 seconds.
  path: Assets/Prefabs/Character.prefab
  artifactKey: Guid(c97d1452f0ccfaf4098445ab7637f6da) Importer(815301076,1909f56bfc062723c751e8b465ee728b)
Start importing Assets/Prefabs/Character.prefab using Guid(c97d1452f0ccfaf4098445ab7637f6da) Importer(815301076,1909f56bfc062723c751e8b465ee728b)  -> (artifact id: '2c507c9e292a706f7478b22d76af9fa4') in 0.011759 seconds 
