Using pre-set license
Built from '2021.3/release' branch; Version is '2021.3.27f1 (ca3ffb99bcc6) revision 13254651'; Using compiler version '192829333'; Build Type 'Release'
OS: 'Windows 11  (10.0.22621) 64bit Professional' Language: 'ru' Physical Memory: 32694 MB
BatchMode: 1, IsHumanControllingUs: 0, StartBugReporterOnCrash: 0, Is64bit: 1, IsPro: 1

COMMAND LINE ARGUMENTS:
C:\Program Files\Unity\Hub\Editor\2021.3.27f1\Editor\Unity.exe
-adb2
-batchMode
-noUpm
-name
AssetImportWorker12
-projectPath
C:/Unity Projects/My project
-logFile
Logs/AssetImportWorker12.log
-srvPort
57747
Successfully changed project path to: C:/Unity Projects/My project
C:/Unity Projects/My project
[UnityMemory] Configuration Parameters - Can be set up in boot.config
    "memorysetup-bucket-allocator-granularity=16"
    "memorysetup-bucket-allocator-bucket-count=8"
    "memorysetup-bucket-allocator-block-size=33554432"
    "memorysetup-bucket-allocator-block-count=8"
    "memorysetup-main-allocator-block-size=16777216"
    "memorysetup-thread-allocator-block-size=16777216"
    "memorysetup-gfx-main-allocator-block-size=16777216"
    "memorysetup-gfx-thread-allocator-block-size=16777216"
    "memorysetup-cache-allocator-block-size=4194304"
    "memorysetup-typetree-allocator-block-size=2097152"
    "memorysetup-profiler-bucket-allocator-granularity=16"
    "memorysetup-profiler-bucket-allocator-bucket-count=8"
    "memorysetup-profiler-bucket-allocator-block-size=33554432"
    "memorysetup-profiler-bucket-allocator-block-count=8"
    "memorysetup-profiler-allocator-block-size=16777216"
    "memorysetup-profiler-editor-allocator-block-size=1048576"
    "memorysetup-temp-allocator-size-main=16777216"
    "memorysetup-job-temp-allocator-block-size=2097152"
    "memorysetup-job-temp-allocator-block-size-background=1048576"
    "memorysetup-job-temp-allocator-reduction-small-platforms=262144"
    "memorysetup-temp-allocator-size-background-worker=32768"
    "memorysetup-temp-allocator-size-job-worker=262144"
    "memorysetup-temp-allocator-size-preload-manager=33554432"
    "memorysetup-temp-allocator-size-nav-mesh-worker=65536"
    "memorysetup-temp-allocator-size-audio-worker=65536"
    "memorysetup-temp-allocator-size-cloud-worker=32768"
    "memorysetup-temp-allocator-size-gi-baking-worker=262144"
    "memorysetup-temp-allocator-size-gfx=262144"
Player connection [71644] Host "[IP] 192.168.10.92 [Port] 0 [Flags] 2 [Guid] 879911380 [EditorId] 879911380 [Version] 1048832 [Id] WindowsEditor(7,DESKTOP-1CJ2JDT) [Debug] 1 [PackageName] WindowsEditor [ProjectName] Editor" joined multi-casting on [225.0.0.222:54997]...

Player connection [71644] Host "[IP] 192.168.10.92 [Port] 0 [Flags] 2 [Guid] 879911380 [EditorId] 879911380 [Version] 1048832 [Id] WindowsEditor(7,DESKTOP-1CJ2JDT) [Debug] 1 [PackageName] WindowsEditor [ProjectName] Editor" joined alternative multi-casting on [225.0.0.222:34997]...

Refreshing native plugins compatible for Editor in 75.86 ms, found 3 plugins.
Preloading 0 native plugins for Editor in 0.00 ms.
Initialize engine version: 2021.3.27f1 (ca3ffb99bcc6)
[Subsystems] Discovering subsystems at path C:/Program Files/Unity/Hub/Editor/2021.3.27f1/Editor/Data/Resources/UnitySubsystems
[Subsystems] Discovering subsystems at path C:/Unity Projects/My project/Assets
GfxDevice: creating device client; threaded=0; jobified=0
Direct3D:
    Version:  Direct3D 11.0 [level 11.1]
    Renderer: NVIDIA GeForce RTX 3060 (ID=0x2504)
    Vendor:   NVIDIA
    VRAM:     12129 MB
    Driver:   31.0.15.3734
Initialize mono
Mono path[0] = 'C:/Program Files/Unity/Hub/Editor/2021.3.27f1/Editor/Data/Managed'
Mono path[1] = 'C:/Program Files/Unity/Hub/Editor/2021.3.27f1/Editor/Data/MonoBleedingEdge/lib/mono/unityjit-win32'
Mono config path = 'C:/Program Files/Unity/Hub/Editor/2021.3.27f1/Editor/Data/MonoBleedingEdge/etc'
Using monoOptions --debugger-agent=transport=dt_socket,embedding=1,server=y,suspend=n,address=127.0.0.1:56976
Begin MonoManager ReloadAssembly
Registering precompiled unity dll's ...
Register platform support module: C:/Program Files/Unity/Hub/Editor/2021.3.27f1/Editor/Data/PlaybackEngines/AndroidPlayer/UnityEditor.Android.Extensions.dll
Register platform support module: C:/Program Files/Unity/Hub/Editor/2021.3.27f1/Editor/Data/PlaybackEngines/iOSSupport/UnityEditor.iOS.Extensions.dll
Register platform support module: C:/Program Files/Unity/Hub/Editor/2021.3.27f1/Editor/Data/PlaybackEngines/WindowsStandaloneSupport/UnityEditor.WindowsStandalone.Extensions.dll
Registered in 0.009000 seconds.
Native extension for WindowsStandalone target not found
[usbmuxd] Start listen thread
[usbmuxd] Listen thread started
Native extension for iOS target not found
Native extension for Android target not found
Android Extension - Scanning For ADB Devices 395 ms
Refreshing native plugins compatible for Editor in 53.84 ms, found 3 plugins.
Preloading 0 native plugins for Editor in 0.00 ms.
Mono: successfully reloaded assembly
- Completed reload, in  1.040 seconds
Domain Reload Profiling:
	ReloadAssembly (1041ms)
		BeginReloadAssembly (93ms)
			ExecutionOrderSort (0ms)
			DisableScriptedObjects (0ms)
			BackupInstance (0ms)
			ReleaseScriptingObjects (0ms)
			CreateAndSetChildDomain (1ms)
		EndReloadAssembly (850ms)
			LoadAssemblies (90ms)
			RebuildTransferFunctionScriptingTraits (0ms)
			SetupTypeCache (128ms)
			ReleaseScriptCaches (0ms)
			RebuildScriptCaches (24ms)
			SetupLoadedEditorAssemblies (646ms)
				LogAssemblyErrors (0ms)
				InitializePlatformSupportModulesInManaged (493ms)
				SetLoadedEditorAssemblies (0ms)
				RefreshPlugins (54ms)
				BeforeProcessingInitializeOnLoad (1ms)
				ProcessInitializeOnLoadAttributes (65ms)
				ProcessInitializeOnLoadMethodAttributes (33ms)
				AfterProcessingInitializeOnLoad (0ms)
				EditorAssembliesLoaded (0ms)
			ExecutionOrderSort2 (0ms)
			AwakeInstancesAfterBackupRestoration (0ms)
Platform modules already initialized, skipping
Registering precompiled user dll's ...
Registered in 0.004233 seconds.
Begin MonoManager ReloadAssembly
Symbol file LoadedFromMemory doesn't match image C:\Unity Projects\My project\Library\PackageCache\com.unity.visualscripting@1.8.0\Editor\VisualScripting.Core\Dependencies\YamlDotNet\Unity.VisualScripting.YamlDotNet.dll
Symbol file LoadedFromMemory doesn't match image C:\Unity Projects\My project\Library\PackageCache\com.unity.visualscripting@1.8.0\Editor\VisualScripting.Core\Dependencies\DotNetZip\Unity.VisualScripting.IonicZip.dll
Native extension for WindowsStandalone target not found
Native extension for iOS target not found
Native extension for Android target not found
Refreshing native plugins compatible for Editor in 62.50 ms, found 3 plugins.
Preloading 0 native plugins for Editor in 0.00 ms.
Mono: successfully reloaded assembly
- Completed reload, in  0.954 seconds
Domain Reload Profiling:
	ReloadAssembly (955ms)
		BeginReloadAssembly (95ms)
			ExecutionOrderSort (0ms)
			DisableScriptedObjects (5ms)
			BackupInstance (0ms)
			ReleaseScriptingObjects (0ms)
			CreateAndSetChildDomain (19ms)
		EndReloadAssembly (774ms)
			LoadAssemblies (73ms)
			RebuildTransferFunctionScriptingTraits (0ms)
			SetupTypeCache (232ms)
			ReleaseScriptCaches (1ms)
			RebuildScriptCaches (43ms)
			SetupLoadedEditorAssemblies (373ms)
				LogAssemblyErrors (0ms)
				InitializePlatformSupportModulesInManaged (26ms)
				SetLoadedEditorAssemblies (0ms)
				RefreshPlugins (63ms)
				BeforeProcessingInitializeOnLoad (71ms)
				ProcessInitializeOnLoadAttributes (190ms)
				ProcessInitializeOnLoadMethodAttributes (17ms)
				AfterProcessingInitializeOnLoad (5ms)
				EditorAssembliesLoaded (0ms)
			ExecutionOrderSort2 (0ms)
			AwakeInstancesAfterBackupRestoration (6ms)
Platform modules already initialized, skipping
========================================================================
Worker process is ready to serve import requests
Launched and connected shader compiler UnityShaderCompiler.exe after 0.08 seconds
Refreshing native plugins compatible for Editor in 1.10 ms, found 3 plugins.
Preloading 0 native plugins for Editor in 0.00 ms.
Unloading 3165 Unused Serialized files (Serialized files now loaded: 0)
Unloading 28 unused Assets / (0.8 MB). Loaded Objects now: 3647.
Memory consumption went from 129.9 MB to 129.1 MB.
Total: 4.538000 ms (FindLiveObjects: 0.526900 ms CreateObjectMapping: 0.128500 ms MarkObjects: 3.544500 ms  DeleteObjects: 0.337000 ms)

AssetImportParameters requested are different than current active one (requested -> active):
  custom:video-decoder-ogg-theora: a1e56fd34408186e4bbccfd4996cb3dc -> 
  custom:container-muxer-webm: aa71ff27fc2769a1b78a27578f13a17b -> 
  custom:container-demuxer-webm: 4f35f7cbe854078d1ac9338744f61a02 -> 
  custom:video-encoder-webm-vp8: eb34c28f22e8b96e1ab97ce403110664 -> 
  custom:video-codec-MediaFoundation-h265: 746d11721c4dcdbdad8f713fa42b33f4 -> 
  custom:audio-encoder-webm-vorbis: bf7c407c2cedff20999df2af8eb42d56 -> 
  custom:framework-win-MediaFoundation: 216162199b28c13a410421893ffa2e32 -> 
  custom:container-demuxer-ogg: 62fdf1f143b41e24485cea50d1cbac27 -> 
  custom:video-decoder-webm-vp8: 9c59270c3fd7afecdb556c50c9e8de78 -> 
  custom:audio-decoder-ogg-vorbis: bf7c407c2cedff20999df2af8eb42d56 -> 
========================================================================
Received Import Request.
  Time since last request: 335177.051399 seconds.
  path: Assets/FantasyEnvironments/Environments/Prefabs/Flower2.prefab
  artifactKey: Guid(9c47d3ce2208e9440ab03e7fe3e32bcf) Importer(815301076,1909f56bfc062723c751e8b465ee728b)
Start importing Assets/FantasyEnvironments/Environments/Prefabs/Flower2.prefab using Guid(9c47d3ce2208e9440ab03e7fe3e32bcf) Importer(815301076,1909f56bfc062723c751e8b465ee728b)  -> (artifact id: '4babe241ebd7b249d3d530614cda4393') in 0.232070 seconds 
========================================================================
Received Import Request.
  Time since last request: 136.576796 seconds.
  path: Assets/FantasyEnvironments/Environments/Textures/ground_grass.tga
  artifactKey: Guid(aab4ce53d0c651344a601f5344c53a32) Importer(815301076,1909f56bfc062723c751e8b465ee728b)
Start importing Assets/FantasyEnvironments/Environments/Textures/ground_grass.tga using Guid(aab4ce53d0c651344a601f5344c53a32) Importer(815301076,1909f56bfc062723c751e8b465ee728b)  -> (artifact id: '9704506fb343e6f8b5ed18de6dc128de') in 0.013934 seconds 
========================================================================
Received Import Request.
  Time since last request: 0.000015 seconds.
  path: Assets/FantasyEnvironments/Environments/Textures/Rock1.tga
  artifactKey: Guid(581c268c4d271934b96596d532a0a604) Importer(815301076,1909f56bfc062723c751e8b465ee728b)
Start importing Assets/FantasyEnvironments/Environments/Textures/Rock1.tga using Guid(581c268c4d271934b96596d532a0a604) Importer(815301076,1909f56bfc062723c751e8b465ee728b)  -> (artifact id: 'b84a02289765c49280713a60a8ccc6d5') in 0.006174 seconds 
========================================================================
Received Import Request.
  Time since last request: 8.513227 seconds.
  path: Assets/Textures/Rock1.tga
  artifactKey: Guid(581c268c4d271934b96596d532a0a604) Importer(815301076,1909f56bfc062723c751e8b465ee728b)
Start importing Assets/Textures/Rock1.tga using Guid(581c268c4d271934b96596d532a0a604) Importer(815301076,1909f56bfc062723c751e8b465ee728b)  -> (artifact id: '72526c4b0e039a13f670f7cd0d98f7a3') in 0.008123 seconds 
========================================================================
Received Import Request.
  Time since last request: 3.211546 seconds.
  path: Assets/Textures/Rock1.tga
  artifactKey: Guid(581c268c4d271934b96596d532a0a604) Importer(815301076,1909f56bfc062723c751e8b465ee728b)
Start importing Assets/Textures/Rock1.tga using Guid(581c268c4d271934b96596d532a0a604) Importer(815301076,1909f56bfc062723c751e8b465ee728b)  -> (artifact id: 'cf129ec3a72b4fcf0dc054709dcb5b05') in 0.008051 seconds 
========================================================================
Received Import Request.
  Time since last request: 51.891377 seconds.
  path: Assets/A_piece_of_nature/Textures/Rocks_3_4_normal.tif
  artifactKey: Guid(6ca617350c210c5459d408750698a3be) Importer(815301076,1909f56bfc062723c751e8b465ee728b)
Start importing Assets/A_piece_of_nature/Textures/Rocks_3_4_normal.tif using Guid(6ca617350c210c5459d408750698a3be) Importer(815301076,1909f56bfc062723c751e8b465ee728b)  -> (artifact id: 'fe3a296d1ec061cfca6e1f94caf698f2') in 0.020170 seconds 
========================================================================
Received Import Request.
  Time since last request: 337.938416 seconds.
  path: Assets/A_piece_of_nature/Models/Materials/No Name.mat
  artifactKey: Guid(7235949ba2224f84fba7e98adea975b3) Importer(815301076,1909f56bfc062723c751e8b465ee728b)
Start importing Assets/A_piece_of_nature/Models/Materials/No Name.mat using Guid(7235949ba2224f84fba7e98adea975b3) Importer(815301076,1909f56bfc062723c751e8b465ee728b)  -> (artifact id: 'b0bc4922a870c11246483df1d500a420') in 0.034281 seconds 
========================================================================
Received Import Request.
  Time since last request: 19.947421 seconds.
  path: Assets/A_piece_of_nature/Materials/Chest.mat
  artifactKey: Guid(3d92c13a401928e4da7e22e76225a5bc) Importer(815301076,1909f56bfc062723c751e8b465ee728b)
Start importing Assets/A_piece_of_nature/Materials/Chest.mat using Guid(3d92c13a401928e4da7e22e76225a5bc) Importer(815301076,1909f56bfc062723c751e8b465ee728b)  -> (artifact id: 'a460d02092459a2bf891ed33089dbf38') in 0.019123 seconds 
========================================================================
Received Import Request.
  Time since last request: 0.033882 seconds.
  path: Assets/A_piece_of_nature/Materials/Grass.mat
  artifactKey: Guid(ea94bc05f4e812349a43dff1264c21ec) Importer(815301076,1909f56bfc062723c751e8b465ee728b)
Start importing Assets/A_piece_of_nature/Materials/Grass.mat using Guid(ea94bc05f4e812349a43dff1264c21ec) Importer(815301076,1909f56bfc062723c751e8b465ee728b)  -> (artifact id: 'a793cd0e5c13402c71609b2de81bb99c') in 0.085381 seconds 
========================================================================
Received Import Request.
  Time since last request: 44.770116 seconds.
  path: Assets/ASTROFISH_GAMES/MEDIEVAL_SERIES/MEDIEVAL_WELLS_PROPS/SCENES
  artifactKey: Guid(c5ce7d5613c865746916a2172f4d764c) Importer(815301076,1909f56bfc062723c751e8b465ee728b)
Start importing Assets/ASTROFISH_GAMES/MEDIEVAL_SERIES/MEDIEVAL_WELLS_PROPS/SCENES using Guid(c5ce7d5613c865746916a2172f4d764c) Importer(815301076,1909f56bfc062723c751e8b465ee728b)  -> (artifact id: '33a811644b73253a45fe75b16ad30d9f') in 0.001523 seconds 
========================================================================
Received Import Request.
  Time since last request: 0.698573 seconds.
  path: Assets/ASTROFISH_GAMES/MEDIEVAL_SERIES/MEDIEVAL_WELLS_PROPS/SCENES/MVillage_WellsProps_Demo.unity
  artifactKey: Guid(3a09f17fff612924689faa088e5fbfe6) Importer(815301076,1909f56bfc062723c751e8b465ee728b)
Start importing Assets/ASTROFISH_GAMES/MEDIEVAL_SERIES/MEDIEVAL_WELLS_PROPS/SCENES/MVillage_WellsProps_Demo.unity using Guid(3a09f17fff612924689faa088e5fbfe6) Importer(815301076,1909f56bfc062723c751e8b465ee728b)  -> (artifact id: 'f9a1600558f2a5796cd9f51d8cb6b494') in 0.001478 seconds 
========================================================================
Received Import Request.
  Time since last request: 4.499646 seconds.
  path: Assets/ASTROFISH_GAMES/MEDIEVAL_SERIES/MEDIEVAL_WELLS_PROPS/SCENES/MVillage_WellsProps_Prefabs.unity
  artifactKey: Guid(2fd954bd85361b146996438e5e574858) Importer(815301076,1909f56bfc062723c751e8b465ee728b)
Start importing Assets/ASTROFISH_GAMES/MEDIEVAL_SERIES/MEDIEVAL_WELLS_PROPS/SCENES/MVillage_WellsProps_Prefabs.unity using Guid(2fd954bd85361b146996438e5e574858) Importer(815301076,1909f56bfc062723c751e8b465ee728b)  -> (artifact id: 'cedee02e19887192ec69d2e84d08705c') in 0.001357 seconds 
========================================================================
Received Import Request.
  Time since last request: 488.387446 seconds.
  path: Assets/Scenes/SampleScene.unity
  artifactKey: Guid(9fc0d4010bbf28b4594072e72b8655ab) Importer(815301076,1909f56bfc062723c751e8b465ee728b)
Start importing Assets/Scenes/SampleScene.unity using Guid(9fc0d4010bbf28b4594072e72b8655ab) Importer(815301076,1909f56bfc062723c751e8b465ee728b)  -> (artifact id: 'cd7c3f76d31cb7c564ab4cd579f826c0') in 0.002377 seconds 
========================================================================
Received Import Request.
  Time since last request: 6.356211 seconds.
  path: Assets/Wood_Boat
  artifactKey: Guid(d3aa1677b2cc1534f944ac3463b1caa6) Importer(815301076,1909f56bfc062723c751e8b465ee728b)
Start importing Assets/Wood_Boat using Guid(d3aa1677b2cc1534f944ac3463b1caa6) Importer(815301076,1909f56bfc062723c751e8b465ee728b)  -> (artifact id: '01db78996317ed0392a8b63248e02b0a') in 0.001398 seconds 
========================================================================
Received Import Request.
  Time since last request: 0.044041 seconds.
  path: Assets/Wood_Boat/Boat.prefab
  artifactKey: Guid(d35442ab60c6bfd49b2f113417810e9e) Importer(815301076,1909f56bfc062723c751e8b465ee728b)
Start importing Assets/Wood_Boat/Boat.prefab using Guid(d35442ab60c6bfd49b2f113417810e9e) Importer(815301076,1909f56bfc062723c751e8b465ee728b)  -> (artifact id: '9398379fd37cf1991af5fd83934d2979') in 0.050233 seconds 
========================================================================
Received Import Request.
  Time since last request: 0.913670 seconds.
  path: Assets/Wood_Boat/Prefab
  artifactKey: Guid(f6555993c4bdf5f4789de7e889e71711) Importer(815301076,1909f56bfc062723c751e8b465ee728b)
Start importing Assets/Wood_Boat/Prefab using Guid(f6555993c4bdf5f4789de7e889e71711) Importer(815301076,1909f56bfc062723c751e8b465ee728b)  -> (artifact id: '5f40c6550b367e30b2c34562766c2667') in 0.001297 seconds 
========================================================================
Received Import Request.
  Time since last request: 0.044147 seconds.
  path: Assets/Wood_Boat/Prefab/Boat.prefab
  artifactKey: Guid(cce594d1cd270734d98ed8dbe000eff9) Importer(815301076,1909f56bfc062723c751e8b465ee728b)
Start importing Assets/Wood_Boat/Prefab/Boat.prefab using Guid(cce594d1cd270734d98ed8dbe000eff9) Importer(815301076,1909f56bfc062723c751e8b465ee728b)  -> (artifact id: '933932a5ea8e705cae70a42dd1683c83') in 0.009078 seconds 
========================================================================
Received Import Request.
  Time since last request: 80.113811 seconds.
  path: Assets/Wood_Boat/Texture/Diffuse.png
  artifactKey: Guid(c81c705147750bb488d60872175fda30) Importer(815301076,1909f56bfc062723c751e8b465ee728b)
Start importing Assets/Wood_Boat/Texture/Diffuse.png using Guid(c81c705147750bb488d60872175fda30) Importer(815301076,1909f56bfc062723c751e8b465ee728b)  -> (artifact id: 'c9bd08ec4d8658753edf9c016ef5a5d0') in 0.054099 seconds 
========================================================================
Received Import Request.
  Time since last request: 5.502324 seconds.
  path: Assets/Wood_Boat/Model
  artifactKey: Guid(262bc2c6baba2f846bbad28efd81eb2b) Importer(815301076,1909f56bfc062723c751e8b465ee728b)
Start importing Assets/Wood_Boat/Model using Guid(262bc2c6baba2f846bbad28efd81eb2b) Importer(815301076,1909f56bfc062723c751e8b465ee728b)  -> (artifact id: 'bbfe53609d063d3c71c0ac94462a80f2') in 0.001630 seconds 
========================================================================
Received Import Request.
  Time since last request: 0.049856 seconds.
  path: Assets/Wood_Boat/Model/Boat.obj
  artifactKey: Guid(864b9d418d78cc34fa52bcd60e37a4c1) Importer(815301076,1909f56bfc062723c751e8b465ee728b)
Start importing Assets/Wood_Boat/Model/Boat.obj using Guid(864b9d418d78cc34fa52bcd60e37a4c1) Importer(815301076,1909f56bfc062723c751e8b465ee728b)  -> (artifact id: 'e7491e2f715ff764cff7a29cae98e62c') in 0.027823 seconds 
========================================================================
Received Import Request.
  Time since last request: 528.917965 seconds.
  path: Assets/Models/Character_low.fbx
  artifactKey: Guid(b4f67c947f6b9ad4d95c241364d15dc4) Importer(815301076,1909f56bfc062723c751e8b465ee728b)
Start importing Assets/Models/Character_low.fbx using Guid(b4f67c947f6b9ad4d95c241364d15dc4) Importer(815301076,1909f56bfc062723c751e8b465ee728b)  -> (artifact id: '77d6817cb7fbdd7f116307f3329a530f') in 0.056697 seconds 
========================================================================
Received Import Request.
  Time since last request: 0.000016 seconds.
  path: Assets/Models/WaterPlane.fbx
  artifactKey: Guid(ebfceac443776914d861ff001f8e25a3) Importer(815301076,1909f56bfc062723c751e8b465ee728b)
Start importing Assets/Models/WaterPlane.fbx using Guid(ebfceac443776914d861ff001f8e25a3) Importer(815301076,1909f56bfc062723c751e8b465ee728b)  -> (artifact id: '34e8e9dc9869097dbc43bd317a88ac65') in 0.008864 seconds 
========================================================================
Received Import Request.
  Time since last request: 0.000016 seconds.
  path: Assets/Models/Rock_4.FBX
  artifactKey: Guid(12f0ed80d834e6246b96b9cf113fedc3) Importer(815301076,1909f56bfc062723c751e8b465ee728b)
Start importing Assets/Models/Rock_4.FBX using Guid(12f0ed80d834e6246b96b9cf113fedc3) Importer(815301076,1909f56bfc062723c751e8b465ee728b)  -> (artifact id: '147cf0de1d5dc890a77f4b77c3b61e3e') in 0.013717 seconds 
========================================================================
Received Import Request.
  Time since last request: 1.660028 seconds.
  path: Assets/ASTROFISH_GAMES/MEDIEVAL_SERIES/MEDIEVAL_WELLS_PROPS/MVILLAGE_LEGACY/Foliage/Mods/Medieval_Foliage_IvyVines.FBX
  artifactKey: Guid(cc4f0add009c5ea43928db867cbc811b) Importer(815301076,1909f56bfc062723c751e8b465ee728b)
Start importing Assets/ASTROFISH_GAMES/MEDIEVAL_SERIES/MEDIEVAL_WELLS_PROPS/MVILLAGE_LEGACY/Foliage/Mods/Medieval_Foliage_IvyVines.FBX using Guid(cc4f0add009c5ea43928db867cbc811b) Importer(815301076,1909f56bfc062723c751e8b465ee728b)  -> (artifact id: '82d1868df0af8f9be22b1c17d9047faf') in 0.055223 seconds 
========================================================================
Received Import Request.
  Time since last request: 0.000018 seconds.
  path: Assets/ASTROFISH_GAMES/MEDIEVAL_SERIES/MEDIEVAL_WELLS_PROPS/MODELS/MVillage_TreeTrunk_05.FBX
  artifactKey: Guid(557d9b4b5e6ccb249a7268b76029214a) Importer(815301076,1909f56bfc062723c751e8b465ee728b)
Start importing Assets/ASTROFISH_GAMES/MEDIEVAL_SERIES/MEDIEVAL_WELLS_PROPS/MODELS/MVillage_TreeTrunk_05.FBX using Guid(557d9b4b5e6ccb249a7268b76029214a) Importer(815301076,1909f56bfc062723c751e8b465ee728b)  -> (artifact id: '242104eccc4e6a1356995f276034051d') in 0.020996 seconds 
========================================================================
Received Import Request.
  Time since last request: 0.000025 seconds.
  path: Assets/Base_Man/Stand/Mesh/Stand.obj
  artifactKey: Guid(f5525b86b1143e44cb19c3a14b35ac6f) Importer(815301076,1909f56bfc062723c751e8b465ee728b)
Start importing Assets/Base_Man/Stand/Mesh/Stand.obj using Guid(f5525b86b1143e44cb19c3a14b35ac6f) Importer(815301076,1909f56bfc062723c751e8b465ee728b)  -> (artifact id: '5c4c128cee03fb688d49e0f1793b1ca7') in 0.016527 seconds 
========================================================================
Received Import Request.
  Time since last request: 0.000016 seconds.
  path: Assets/ASTROFISH_GAMES/MEDIEVAL_SERIES/MEDIEVAL_WELLS_PROPS/MATS/BASE/MVillage_Base_1.mat
  artifactKey: Guid(2a9f38992ebfbb145ae8402327c66723) Importer(815301076,1909f56bfc062723c751e8b465ee728b)
Start importing Assets/ASTROFISH_GAMES/MEDIEVAL_SERIES/MEDIEVAL_WELLS_PROPS/MATS/BASE/MVillage_Base_1.mat using Guid(2a9f38992ebfbb145ae8402327c66723) Importer(815301076,1909f56bfc062723c751e8b465ee728b)  -> (artifact id: '6e86515e0a42cdd13153138e461f8bdb') in 0.006411 seconds 
========================================================================
Received Import Request.
  Time since last request: 0.000023 seconds.
  path: Assets/ASTROFISH_GAMES/MEDIEVAL_SERIES/MEDIEVAL_WELLS_PROPS/MATS/ASTROFISH/MVillage_Wells&Props_AFG.mat
  artifactKey: Guid(51fcd24dd63591340be527d27327bb7d) Importer(815301076,1909f56bfc062723c751e8b465ee728b)
Start importing Assets/ASTROFISH_GAMES/MEDIEVAL_SERIES/MEDIEVAL_WELLS_PROPS/MATS/ASTROFISH/MVillage_Wells&Props_AFG.mat using Guid(51fcd24dd63591340be527d27327bb7d) Importer(815301076,1909f56bfc062723c751e8b465ee728b)  -> (artifact id: 'a2ec32fcd8346b597dcafea0836fc55a') in 0.027678 seconds 
========================================================================
Received Import Request.
  Time since last request: 0.000016 seconds.
  path: Assets/Base_Man/Material/Base_Man.mat
  artifactKey: Guid(9e3332cfdde34cc4f9c8142943b54f57) Importer(815301076,1909f56bfc062723c751e8b465ee728b)
Start importing Assets/Base_Man/Material/Base_Man.mat using Guid(9e3332cfdde34cc4f9c8142943b54f57) Importer(815301076,1909f56bfc062723c751e8b465ee728b)  -> (artifact id: 'ed270d9bb91221b1d3877bb1abd69464') in 0.050162 seconds 
========================================================================
Received Import Request.
  Time since last request: 0.000017 seconds.
  path: Assets/ASTROFISH_GAMES/MEDIEVAL_SERIES/MEDIEVAL_WELLS_PROPS/MODELS/MVillage_DriftWood_Axel.FBX
  artifactKey: Guid(8c7dd25282284e74294caea7a4a72a26) Importer(815301076,1909f56bfc062723c751e8b465ee728b)
Start importing Assets/ASTROFISH_GAMES/MEDIEVAL_SERIES/MEDIEVAL_WELLS_PROPS/MODELS/MVillage_DriftWood_Axel.FBX using Guid(8c7dd25282284e74294caea7a4a72a26) Importer(815301076,1909f56bfc062723c751e8b465ee728b)  -> (artifact id: 'd1e80b988fb09b918f6f12ed96d56fd7') in 0.024151 seconds 
========================================================================
Received Import Request.
  Time since last request: 0.000016 seconds.
  path: Assets/ASTROFISH_GAMES/MEDIEVAL_SERIES/MEDIEVAL_WELLS_PROPS/MODELS/MVillage_Shovel.FBX
  artifactKey: Guid(ccc52c5287918014cbd8af5fec28a0d0) Importer(815301076,1909f56bfc062723c751e8b465ee728b)
Start importing Assets/ASTROFISH_GAMES/MEDIEVAL_SERIES/MEDIEVAL_WELLS_PROPS/MODELS/MVillage_Shovel.FBX using Guid(ccc52c5287918014cbd8af5fec28a0d0) Importer(815301076,1909f56bfc062723c751e8b465ee728b)  -> (artifact id: '974c75d1bed54a51a99750e501b09c03') in 0.022670 seconds 
========================================================================
Received Import Request.
  Time since last request: 0.000016 seconds.
  path: Assets/ASTROFISH_GAMES/MEDIEVAL_SERIES/MEDIEVAL_WELLS_PROPS/MODELS/MVillage_PlatformStone_QuaterCircle.FBX
  artifactKey: Guid(2022892c7adbf7444900bb21732dea65) Importer(815301076,1909f56bfc062723c751e8b465ee728b)
Start importing Assets/ASTROFISH_GAMES/MEDIEVAL_SERIES/MEDIEVAL_WELLS_PROPS/MODELS/MVillage_PlatformStone_QuaterCircle.FBX using Guid(2022892c7adbf7444900bb21732dea65) Importer(815301076,1909f56bfc062723c751e8b465ee728b)  -> (artifact id: 'd6f5d51c75551bb8dcd926e246b85ed0') in 0.024935 seconds 
========================================================================
Received Import Request.
  Time since last request: 0.000014 seconds.
  path: Assets/ASTROFISH_GAMES/MEDIEVAL_SERIES/MEDIEVAL_WELLS_PROPS/MODELS/MVillage_SoilBorder_Med.FBX
  artifactKey: Guid(4fb673a3abf6c5240b6446f0a1b2f918) Importer(815301076,1909f56bfc062723c751e8b465ee728b)
Start importing Assets/ASTROFISH_GAMES/MEDIEVAL_SERIES/MEDIEVAL_WELLS_PROPS/MODELS/MVillage_SoilBorder_Med.FBX using Guid(4fb673a3abf6c5240b6446f0a1b2f918) Importer(815301076,1909f56bfc062723c751e8b465ee728b)  -> (artifact id: '3663c7a48d04f49b2a72ba500fdf5087') in 0.024159 seconds 
========================================================================
Received Import Request.
  Time since last request: 0.000019 seconds.
  path: Assets/FantasyEnvironments/Environments/Ambient-Occlusion-Trees/Materials/Birch_leaves.mat
  artifactKey: Guid(6b7cbd10b1b54624aad174204ed5e57d) Importer(815301076,1909f56bfc062723c751e8b465ee728b)
Start importing Assets/FantasyEnvironments/Environments/Ambient-Occlusion-Trees/Materials/Birch_leaves.mat using Guid(6b7cbd10b1b54624aad174204ed5e57d) Importer(815301076,1909f56bfc062723c751e8b465ee728b)  -> (artifact id: '5576a3086846942e0d85161429167297') in 0.045487 seconds 
========================================================================
Received Import Request.
  Time since last request: 0.000020 seconds.
  path: Assets/ASTROFISH_GAMES/MEDIEVAL_SERIES/MEDIEVAL_WELLS_PROPS/MATS/MVillage_WellsProps.mat
  artifactKey: Guid(cdf7ed693e018c341871cf7310316b6c) Importer(815301076,1909f56bfc062723c751e8b465ee728b)
Start importing Assets/ASTROFISH_GAMES/MEDIEVAL_SERIES/MEDIEVAL_WELLS_PROPS/MATS/MVillage_WellsProps.mat using Guid(cdf7ed693e018c341871cf7310316b6c) Importer(815301076,1909f56bfc062723c751e8b465ee728b)  -> (artifact id: 'd76ee58b9162bf076402f2186b527986') in 0.043879 seconds 
========================================================================
Received Import Request.
  Time since last request: 0.000019 seconds.
  path: Assets/FantasyEnvironments/Environments/Ambient-Occlusion-Trees/FBX/Oak_tree1.fbx
  artifactKey: Guid(fd2181bb73ea8824bb12c11a7d60e62e) Importer(815301076,1909f56bfc062723c751e8b465ee728b)
Start importing Assets/FantasyEnvironments/Environments/Ambient-Occlusion-Trees/FBX/Oak_tree1.fbx using Guid(fd2181bb73ea8824bb12c11a7d60e62e) Importer(815301076,1909f56bfc062723c751e8b465ee728b)  -> (artifact id: '3d24cfeb2e117116a7c1088655f2a404') in 0.016753 seconds 
========================================================================
Received Import Request.
  Time since last request: 0.000018 seconds.
  path: Assets/ASTROFISH_GAMES/MEDIEVAL_SERIES/MEDIEVAL_WELLS_PROPS/MODELS/MVillage_Driftwood_Sml.FBX
  artifactKey: Guid(42b795e3b9714d24783e667fac4747bc) Importer(815301076,1909f56bfc062723c751e8b465ee728b)
Start importing Assets/ASTROFISH_GAMES/MEDIEVAL_SERIES/MEDIEVAL_WELLS_PROPS/MODELS/MVillage_Driftwood_Sml.FBX using Guid(42b795e3b9714d24783e667fac4747bc) Importer(815301076,1909f56bfc062723c751e8b465ee728b)  -> (artifact id: 'd90f721cfc46b3a3060f660fc8a40657') in 0.024364 seconds 
========================================================================
Received Import Request.
  Time since last request: 0.000014 seconds.
  path: Assets/ASTROFISH_GAMES/MEDIEVAL_SERIES/MEDIEVAL_WELLS_PROPS/MODELS/MVillage_Driftwood_Med.FBX
  artifactKey: Guid(5b59f1b06adfda34dbf9a7a37ed8bad1) Importer(815301076,1909f56bfc062723c751e8b465ee728b)
Start importing Assets/ASTROFISH_GAMES/MEDIEVAL_SERIES/MEDIEVAL_WELLS_PROPS/MODELS/MVillage_Driftwood_Med.FBX using Guid(5b59f1b06adfda34dbf9a7a37ed8bad1) Importer(815301076,1909f56bfc062723c751e8b465ee728b)  -> (artifact id: '0f72e330373b7efce8a214ae3a8bb112') in 0.022285 seconds 
========================================================================
Received Import Request.
  Time since last request: 0.000017 seconds.
  path: Assets/ASTROFISH_GAMES/MEDIEVAL_SERIES/MEDIEVAL_WELLS_PROPS/MODELS/MVillage_CoinSingle.FBX
  artifactKey: Guid(21631ef56dd1aac459b8fdd97ad463ae) Importer(815301076,1909f56bfc062723c751e8b465ee728b)
Start importing Assets/ASTROFISH_GAMES/MEDIEVAL_SERIES/MEDIEVAL_WELLS_PROPS/MODELS/MVillage_CoinSingle.FBX using Guid(21631ef56dd1aac459b8fdd97ad463ae) Importer(815301076,1909f56bfc062723c751e8b465ee728b)  -> (artifact id: 'a764834c7dd0a4b42d6e396301c8ac08') in 0.022742 seconds 
========================================================================
Received Import Request.
  Time since last request: 0.000013 seconds.
  path: Assets/ASTROFISH_GAMES/MEDIEVAL_SERIES/MEDIEVAL_WELLS_PROPS/MODELS/MVillage_BucketRope.FBX
  artifactKey: Guid(33758b992bf2f9a4c8de6332a63532e4) Importer(815301076,1909f56bfc062723c751e8b465ee728b)
Start importing Assets/ASTROFISH_GAMES/MEDIEVAL_SERIES/MEDIEVAL_WELLS_PROPS/MODELS/MVillage_BucketRope.FBX using Guid(33758b992bf2f9a4c8de6332a63532e4) Importer(815301076,1909f56bfc062723c751e8b465ee728b)  -> (artifact id: '145617c89aeb8d58bce99ad09ad05d22') in 0.023395 seconds 
========================================================================
Received Import Request.
  Time since last request: 0.000015 seconds.
  path: Assets/ASTROFISH_GAMES/MEDIEVAL_SERIES/MEDIEVAL_WELLS_PROPS/MODELS/MVillage_SoilBorder_Med_Part.FBX
  artifactKey: Guid(ecfaa3a4ee802d4448aa332c80ddf027) Importer(815301076,1909f56bfc062723c751e8b465ee728b)
Start importing Assets/ASTROFISH_GAMES/MEDIEVAL_SERIES/MEDIEVAL_WELLS_PROPS/MODELS/MVillage_SoilBorder_Med_Part.FBX using Guid(ecfaa3a4ee802d4448aa332c80ddf027) Importer(815301076,1909f56bfc062723c751e8b465ee728b)  -> (artifact id: 'cc6e3df9877355028095eec17654a965') in 0.022506 seconds 
========================================================================
Received Import Request.
  Time since last request: 0.000020 seconds.
  path: Assets/ASTROFISH_GAMES/MEDIEVAL_SERIES/MEDIEVAL_WELLS_PROPS/MODELS/MVillage_TreeTrunk_01.FBX
  artifactKey: Guid(a936e179e3eab5743a32cc19cbdf96f3) Importer(815301076,1909f56bfc062723c751e8b465ee728b)
Start importing Assets/ASTROFISH_GAMES/MEDIEVAL_SERIES/MEDIEVAL_WELLS_PROPS/MODELS/MVillage_TreeTrunk_01.FBX using Guid(a936e179e3eab5743a32cc19cbdf96f3) Importer(815301076,1909f56bfc062723c751e8b465ee728b)  -> (artifact id: 'cdfd95963bff067a2722944b64b1c53f') in 0.027956 seconds 
========================================================================
Received Import Request.
  Time since last request: 0.000024 seconds.
  path: Assets/ASTROFISH_GAMES/MEDIEVAL_SERIES/MEDIEVAL_WELLS_PROPS/MODELS/MVillage_Vase.FBX
  artifactKey: Guid(10f618dac962ab740b8838e96a85e81c) Importer(815301076,1909f56bfc062723c751e8b465ee728b)
Start importing Assets/ASTROFISH_GAMES/MEDIEVAL_SERIES/MEDIEVAL_WELLS_PROPS/MODELS/MVillage_Vase.FBX using Guid(10f618dac962ab740b8838e96a85e81c) Importer(815301076,1909f56bfc062723c751e8b465ee728b)  -> (artifact id: '079aaa7f6442f5ae1840070dd501f0c2') in 0.026213 seconds 
========================================================================
Received Import Request.
  Time since last request: 0.000017 seconds.
  path: Assets/ASTROFISH_GAMES/MEDIEVAL_SERIES/MEDIEVAL_WELLS_PROPS/MODELS/MVillage_Well_01.FBX
  artifactKey: Guid(51440bce8038d0b4ba75fdd0f9925f96) Importer(815301076,1909f56bfc062723c751e8b465ee728b)
Start importing Assets/ASTROFISH_GAMES/MEDIEVAL_SERIES/MEDIEVAL_WELLS_PROPS/MODELS/MVillage_Well_01.FBX using Guid(51440bce8038d0b4ba75fdd0f9925f96) Importer(815301076,1909f56bfc062723c751e8b465ee728b)  -> (artifact id: 'b2787ad38c8f276b2aa3a176e393a747') in 0.024158 seconds 
========================================================================
Received Import Request.
  Time since last request: 0.000019 seconds.
  path: Assets/KriptoFX/WaterSystem/WaterResources/Scripts/Core/Editor/New Material.mat
  artifactKey: Guid(6d7cbd79969736a428147815f2d83259) Importer(815301076,1909f56bfc062723c751e8b465ee728b)
Start importing Assets/KriptoFX/WaterSystem/WaterResources/Scripts/Core/Editor/New Material.mat using Guid(6d7cbd79969736a428147815f2d83259) Importer(815301076,1909f56bfc062723c751e8b465ee728b)  -> (artifact id: '09e5c6eafd0ed8dabce5caf8942e3b67') in 0.007865 seconds 
========================================================================
Received Import Request.
  Time since last request: 0.000014 seconds.
  path: Assets/FantasyEnvironments/Environments/Ambient-Occlusion-Trees/Materials/Tree_leaves1.mat
  artifactKey: Guid(e950a7aefb5a59c41a0d63a81d21c366) Importer(815301076,1909f56bfc062723c751e8b465ee728b)
Start importing Assets/FantasyEnvironments/Environments/Ambient-Occlusion-Trees/Materials/Tree_leaves1.mat using Guid(e950a7aefb5a59c41a0d63a81d21c366) Importer(815301076,1909f56bfc062723c751e8b465ee728b)  -> (artifact id: '39d1ff78de18bec52114d20afe35f170') in 0.008119 seconds 
========================================================================
Received Import Request.
  Time since last request: 0.000015 seconds.
  path: Assets/FantasyEnvironments/Environments/Ambient-Occlusion-Trees/Materials/Tree_bark1.mat
  artifactKey: Guid(413a94560e540a34b8e573686225293f) Importer(815301076,1909f56bfc062723c751e8b465ee728b)
Start importing Assets/FantasyEnvironments/Environments/Ambient-Occlusion-Trees/Materials/Tree_bark1.mat using Guid(413a94560e540a34b8e573686225293f) Importer(815301076,1909f56bfc062723c751e8b465ee728b)  -> (artifact id: 'a1ece3015b0e80682e28a8a2dbb84375') in 0.040804 seconds 
========================================================================
Received Import Request.
  Time since last request: 0.000018 seconds.
  path: Assets/ASTROFISH_GAMES/MEDIEVAL_SERIES/MEDIEVAL_WELLS_PROPS/MODELS/MVillage_Rope_03.FBX
  artifactKey: Guid(4a5dcbaa5744c794e90b443d35f619d5) Importer(815301076,1909f56bfc062723c751e8b465ee728b)
Start importing Assets/ASTROFISH_GAMES/MEDIEVAL_SERIES/MEDIEVAL_WELLS_PROPS/MODELS/MVillage_Rope_03.FBX using Guid(4a5dcbaa5744c794e90b443d35f619d5) Importer(815301076,1909f56bfc062723c751e8b465ee728b)  -> (artifact id: '4a0c8636555057e7d474b7bf93b1131f') in 0.022804 seconds 
========================================================================
Received Import Request.
  Time since last request: 0.000015 seconds.
  path: Assets/ASTROFISH_GAMES/MEDIEVAL_SERIES/MEDIEVAL_WELLS_PROPS/MODELS/MVillage_WellWall_02.FBX
  artifactKey: Guid(275c1329c23ed6d43b4cfd2d3d4cf627) Importer(815301076,1909f56bfc062723c751e8b465ee728b)
Start importing Assets/ASTROFISH_GAMES/MEDIEVAL_SERIES/MEDIEVAL_WELLS_PROPS/MODELS/MVillage_WellWall_02.FBX using Guid(275c1329c23ed6d43b4cfd2d3d4cf627) Importer(815301076,1909f56bfc062723c751e8b465ee728b)  -> (artifact id: 'c5819efd8ac27111de704ea3020758e8') in 0.023017 seconds 
========================================================================
Received Import Request.
  Time since last request: 0.000013 seconds.
  path: Assets/ASTROFISH_GAMES/MEDIEVAL_SERIES/MEDIEVAL_WELLS_PROPS/MODELS/MVillage_WellWall_02_Half_B.FBX
  artifactKey: Guid(245de85dc6f09b34ebb803adccaa6a00) Importer(815301076,1909f56bfc062723c751e8b465ee728b)
Start importing Assets/ASTROFISH_GAMES/MEDIEVAL_SERIES/MEDIEVAL_WELLS_PROPS/MODELS/MVillage_WellWall_02_Half_B.FBX using Guid(245de85dc6f09b34ebb803adccaa6a00) Importer(815301076,1909f56bfc062723c751e8b465ee728b)  -> (artifact id: '9fef6e26452d4d6142730a08b645a052') in 0.027545 seconds 
========================================================================
Received Import Request.
  Time since last request: 0.000023 seconds.
  path: Assets/ASTROFISH_GAMES/MEDIEVAL_SERIES/MEDIEVAL_WELLS_PROPS/MVILLAGE_LEGACY/Foliage/Mats/Medieval_Foliage_Ivy_1k.mat
  artifactKey: Guid(189f7eafd27de1c4595032e0c6e4a45b) Importer(815301076,1909f56bfc062723c751e8b465ee728b)
Start importing Assets/ASTROFISH_GAMES/MEDIEVAL_SERIES/MEDIEVAL_WELLS_PROPS/MVILLAGE_LEGACY/Foliage/Mats/Medieval_Foliage_Ivy_1k.mat using Guid(189f7eafd27de1c4595032e0c6e4a45b) Importer(815301076,1909f56bfc062723c751e8b465ee728b)  -> (artifact id: 'b21bdd2459fd3688e0d001b624966809') in 0.034265 seconds 
========================================================================
Received Import Request.
  Time since last request: 0.000029 seconds.
  path: Assets/ASTROFISH_GAMES/MEDIEVAL_SERIES/MEDIEVAL_WELLS_PROPS/MODELS/MVillage_StoneBlock.FBX
  artifactKey: Guid(abd0ec9592638f94e9677216d7705c76) Importer(815301076,1909f56bfc062723c751e8b465ee728b)
Start importing Assets/ASTROFISH_GAMES/MEDIEVAL_SERIES/MEDIEVAL_WELLS_PROPS/MODELS/MVillage_StoneBlock.FBX using Guid(abd0ec9592638f94e9677216d7705c76) Importer(815301076,1909f56bfc062723c751e8b465ee728b)  -> (artifact id: 'b5176603bed49612826f10c3c03d27cd') in 0.023319 seconds 
========================================================================
Received Import Request.
  Time since last request: 0.000024 seconds.
  path: Assets/Base_Man/Material/Stand.mat
  artifactKey: Guid(5dcdace374b777245a76cba0a3dcc4cd) Importer(815301076,1909f56bfc062723c751e8b465ee728b)
Start importing Assets/Base_Man/Material/Stand.mat using Guid(5dcdace374b777245a76cba0a3dcc4cd) Importer(815301076,1909f56bfc062723c751e8b465ee728b)  -> (artifact id: '12653f3222b8afd8cabad60ca0e1d40f') in 0.082798 seconds 
Editor requested this worker to shutdown with reason: Scaling down because of idle timeout
AssetImportWorker is now disconnected from the server
Process exiting
Exiting without the bug reporter. Application will terminate with return code 0