Using pre-set license
Built from '2021.3/release' branch; Version is '2021.3.27f1 (ca3ffb99bcc6) revision 13254651'; Using compiler version '192829333'; Build Type 'Release'
OS: 'Windows 11  (10.0.22621) 64bit Professional' Language: 'ru' Physical Memory: 32694 MB
BatchMode: 1, IsHumanControllingUs: 0, StartBugReporterOnCrash: 0, Is64bit: 1, IsPro: 1

COMMAND LINE ARGUMENTS:
C:\Program Files\Unity\Hub\Editor\2021.3.27f1\Editor\Unity.exe
-adb2
-batchMode
-noUpm
-name
AssetImportWorker0
-projectPath
C:/Unity Projects/PlayableAds
-logFile
Logs/AssetImportWorker0.log
-srvPort
61545
Successfully changed project path to: C:/Unity Projects/PlayableAds
C:/Unity Projects/PlayableAds
[UnityMemory] Configuration Parameters - Can be set up in boot.config
    "memorysetup-bucket-allocator-granularity=16"
    "memorysetup-bucket-allocator-bucket-count=8"
    "memorysetup-bucket-allocator-block-size=33554432"
    "memorysetup-bucket-allocator-block-count=8"
    "memorysetup-main-allocator-block-size=16777216"
    "memorysetup-thread-allocator-block-size=16777216"
    "memorysetup-gfx-main-allocator-block-size=16777216"
    "memorysetup-gfx-thread-allocator-block-size=16777216"
    "memorysetup-cache-allocator-block-size=4194304"
    "memorysetup-typetree-allocator-block-size=2097152"
    "memorysetup-profiler-bucket-allocator-granularity=16"
    "memorysetup-profiler-bucket-allocator-bucket-count=8"
    "memorysetup-profiler-bucket-allocator-block-size=33554432"
    "memorysetup-profiler-bucket-allocator-block-count=8"
    "memorysetup-profiler-allocator-block-size=16777216"
    "memorysetup-profiler-editor-allocator-block-size=1048576"
    "memorysetup-temp-allocator-size-main=16777216"
    "memorysetup-job-temp-allocator-block-size=2097152"
    "memorysetup-job-temp-allocator-block-size-background=1048576"
    "memorysetup-job-temp-allocator-reduction-small-platforms=262144"
    "memorysetup-temp-allocator-size-background-worker=32768"
    "memorysetup-temp-allocator-size-job-worker=262144"
    "memorysetup-temp-allocator-size-preload-manager=33554432"
    "memorysetup-temp-allocator-size-nav-mesh-worker=65536"
    "memorysetup-temp-allocator-size-audio-worker=65536"
    "memorysetup-temp-allocator-size-cloud-worker=32768"
    "memorysetup-temp-allocator-size-gi-baking-worker=262144"
    "memorysetup-temp-allocator-size-gfx=262144"
Player connection [10676] Host "[IP] 192.168.10.92 [Port] 0 [Flags] 2 [Guid] 3606768032 [EditorId] 3606768032 [Version] 1048832 [Id] WindowsEditor(7,DESKTOP-1CJ2JDT) [Debug] 1 [PackageName] WindowsEditor [ProjectName] Editor" joined multi-casting on [225.0.0.222:54997]...

Player connection [10676] Host "[IP] 192.168.10.92 [Port] 0 [Flags] 2 [Guid] 3606768032 [EditorId] 3606768032 [Version] 1048832 [Id] WindowsEditor(7,DESKTOP-1CJ2JDT) [Debug] 1 [PackageName] WindowsEditor [ProjectName] Editor" joined alternative multi-casting on [225.0.0.222:34997]...

Refreshing native plugins compatible for Editor in 54.69 ms, found 3 plugins.
Preloading 0 native plugins for Editor in 0.00 ms.
Initialize engine version: 2021.3.27f1 (ca3ffb99bcc6)
[Subsystems] Discovering subsystems at path C:/Program Files/Unity/Hub/Editor/2021.3.27f1/Editor/Data/Resources/UnitySubsystems
[Subsystems] Discovering subsystems at path C:/Unity Projects/PlayableAds/Assets
GfxDevice: creating device client; threaded=0; jobified=0
Direct3D:
    Version:  Direct3D 11.0 [level 11.1]
    Renderer: NVIDIA GeForce RTX 3060 (ID=0x2504)
    Vendor:   NVIDIA
    VRAM:     12129 MB
    Driver:   31.0.15.3734
Initialize mono
Mono path[0] = 'C:/Program Files/Unity/Hub/Editor/2021.3.27f1/Editor/Data/Managed'
Mono path[1] = 'C:/Program Files/Unity/Hub/Editor/2021.3.27f1/Editor/Data/MonoBleedingEdge/lib/mono/unityjit-win32'
Mono config path = 'C:/Program Files/Unity/Hub/Editor/2021.3.27f1/Editor/Data/MonoBleedingEdge/etc'
Using monoOptions --debugger-agent=transport=dt_socket,embedding=1,server=y,suspend=n,address=127.0.0.1:56856
Begin MonoManager ReloadAssembly
Registering precompiled unity dll's ...
Register platform support module: C:/Program Files/Unity/Hub/Editor/2021.3.27f1/Editor/Data/PlaybackEngines/AndroidPlayer/UnityEditor.Android.Extensions.dll
Register platform support module: C:/Program Files/Unity/Hub/Editor/2021.3.27f1/Editor/Data/PlaybackEngines/iOSSupport/UnityEditor.iOS.Extensions.dll
Register platform support module: C:/Program Files/Unity/Hub/Editor/2021.3.27f1/Editor/Data/PlaybackEngines/WindowsStandaloneSupport/UnityEditor.WindowsStandalone.Extensions.dll
Registered in 0.004363 seconds.
Native extension for WindowsStandalone target not found
[usbmuxd] Start listen thread
[usbmuxd] Listen thread started
Native extension for iOS target not found
Native extension for Android target not found
Android Extension - Scanning For ADB Devices 261 ms
Refreshing native plugins compatible for Editor in 62.36 ms, found 3 plugins.
Preloading 0 native plugins for Editor in 0.00 ms.
Mono: successfully reloaded assembly
- Completed reload, in  0.818 seconds
Domain Reload Profiling:
	ReloadAssembly (818ms)
		BeginReloadAssembly (63ms)
			ExecutionOrderSort (0ms)
			DisableScriptedObjects (0ms)
			BackupInstance (0ms)
			ReleaseScriptingObjects (0ms)
			CreateAndSetChildDomain (1ms)
		EndReloadAssembly (683ms)
			LoadAssemblies (62ms)
			RebuildTransferFunctionScriptingTraits (0ms)
			SetupTypeCache (76ms)
			ReleaseScriptCaches (0ms)
			RebuildScriptCaches (22ms)
			SetupLoadedEditorAssemblies (545ms)
				LogAssemblyErrors (0ms)
				InitializePlatformSupportModulesInManaged (357ms)
				SetLoadedEditorAssemblies (0ms)
				RefreshPlugins (62ms)
				BeforeProcessingInitializeOnLoad (1ms)
				ProcessInitializeOnLoadAttributes (81ms)
				ProcessInitializeOnLoadMethodAttributes (43ms)
				AfterProcessingInitializeOnLoad (0ms)
				EditorAssembliesLoaded (0ms)
			ExecutionOrderSort2 (0ms)
			AwakeInstancesAfterBackupRestoration (0ms)
Platform modules already initialized, skipping
Registering precompiled user dll's ...
Registered in 0.004340 seconds.
Begin MonoManager ReloadAssembly
Symbol file LoadedFromMemory doesn't match image C:\Unity Projects\PlayableAds\Library\PackageCache\com.unity.visualscripting@1.8.0\Editor\VisualScripting.Core\Dependencies\YamlDotNet\Unity.VisualScripting.YamlDotNet.dll
Symbol file LoadedFromMemory doesn't match image C:\Unity Projects\PlayableAds\Library\PackageCache\com.unity.visualscripting@1.8.0\Editor\VisualScripting.Core\Dependencies\DotNetZip\Unity.VisualScripting.IonicZip.dll
Native extension for WindowsStandalone target not found
Native extension for iOS target not found
Native extension for Android target not found
Refreshing native plugins compatible for Editor in 60.58 ms, found 3 plugins.
Preloading 0 native plugins for Editor in 0.00 ms.
Mono: successfully reloaded assembly
- Completed reload, in  0.901 seconds
Domain Reload Profiling:
	ReloadAssembly (902ms)
		BeginReloadAssembly (109ms)
			ExecutionOrderSort (0ms)
			DisableScriptedObjects (6ms)
			BackupInstance (0ms)
			ReleaseScriptingObjects (0ms)
			CreateAndSetChildDomain (21ms)
		EndReloadAssembly (710ms)
			LoadAssemblies (80ms)
			RebuildTransferFunctionScriptingTraits (0ms)
			SetupTypeCache (198ms)
			ReleaseScriptCaches (0ms)
			RebuildScriptCaches (44ms)
			SetupLoadedEditorAssemblies (349ms)
				LogAssemblyErrors (0ms)
				InitializePlatformSupportModulesInManaged (24ms)
				SetLoadedEditorAssemblies (0ms)
				RefreshPlugins (61ms)
				BeforeProcessingInitializeOnLoad (64ms)
				ProcessInitializeOnLoadAttributes (180ms)
				ProcessInitializeOnLoadMethodAttributes (15ms)
				AfterProcessingInitializeOnLoad (5ms)
				EditorAssembliesLoaded (0ms)
			ExecutionOrderSort2 (0ms)
			AwakeInstancesAfterBackupRestoration (4ms)
Platform modules already initialized, skipping
========================================================================
Worker process is ready to serve import requests
Launched and connected shader compiler UnityShaderCompiler.exe after 0.04 seconds
Refreshing native plugins compatible for Editor in 1.00 ms, found 3 plugins.
Preloading 0 native plugins for Editor in 0.00 ms.
Unloading 3165 Unused Serialized files (Serialized files now loaded: 0)
Unloading 28 unused Assets / (0.8 MB). Loaded Objects now: 3650.
Memory consumption went from 130.6 MB to 129.9 MB.
Total: 4.088500 ms (FindLiveObjects: 0.453400 ms CreateObjectMapping: 0.114900 ms MarkObjects: 3.224800 ms  DeleteObjects: 0.294500 ms)

AssetImportParameters requested are different than current active one (requested -> active):
  custom:video-decoder-ogg-theora: a1e56fd34408186e4bbccfd4996cb3dc -> 
  custom:container-muxer-webm: aa71ff27fc2769a1b78a27578f13a17b -> 
  custom:container-demuxer-webm: 4f35f7cbe854078d1ac9338744f61a02 -> 
  custom:video-encoder-webm-vp8: eb34c28f22e8b96e1ab97ce403110664 -> 
  custom:video-codec-MediaFoundation-h265: 746d11721c4dcdbdad8f713fa42b33f4 -> 
  custom:audio-encoder-webm-vorbis: bf7c407c2cedff20999df2af8eb42d56 -> 
  custom:framework-win-MediaFoundation: 216162199b28c13a410421893ffa2e32 -> 
  custom:container-demuxer-ogg: 62fdf1f143b41e24485cea50d1cbac27 -> 
  custom:video-decoder-webm-vp8: 9c59270c3fd7afecdb556c50c9e8de78 -> 
  custom:audio-decoder-ogg-vorbis: bf7c407c2cedff20999df2af8eb42d56 -> 
========================================================================
Received Import Request.
  Time since last request: 347908.693848 seconds.
  path: Assets/Models/Tree_low.fbx
  artifactKey: Guid(003809c3ba05a704f9e77b21cb217358) Importer(815301076,1909f56bfc062723c751e8b465ee728b)
Start importing Assets/Models/Tree_low.fbx using Guid(003809c3ba05a704f9e77b21cb217358) Importer(815301076,1909f56bfc062723c751e8b465ee728b)  -> (artifact id: 'd3d958dfdda9a93d6e2797c613d670c7') in 0.203914 seconds 
========================================================================
Received Import Request.
  Time since last request: 94.147514 seconds.
  path: Assets/Models/Tree_low.fbx
  artifactKey: Guid(003809c3ba05a704f9e77b21cb217358) Importer(815301076,1909f56bfc062723c751e8b465ee728b)
Start importing Assets/Models/Tree_low.fbx using Guid(003809c3ba05a704f9e77b21cb217358) Importer(815301076,1909f56bfc062723c751e8b465ee728b)  -> (artifact id: '5d33b8ccc336eacc5cb95a8a64580a74') in 0.110147 seconds 
========================================================================
Received Import Request.
  Time since last request: 57.104265 seconds.
  path: Assets/Models/Tree_low.fbx
  artifactKey: Guid(003809c3ba05a704f9e77b21cb217358) Importer(815301076,1909f56bfc062723c751e8b465ee728b)
Start importing Assets/Models/Tree_low.fbx using Guid(003809c3ba05a704f9e77b21cb217358) Importer(815301076,1909f56bfc062723c751e8b465ee728b)  -> (artifact id: '04083dcd1d5809d3ad1aacd022475873') in 0.130978 seconds 
========================================================================
Received Import Request.
  Time since last request: 14.034968 seconds.
  path: Assets/Models/Tree_low.fbx
  artifactKey: Guid(003809c3ba05a704f9e77b21cb217358) Importer(815301076,1909f56bfc062723c751e8b465ee728b)
Start importing Assets/Models/Tree_low.fbx using Guid(003809c3ba05a704f9e77b21cb217358) Importer(815301076,1909f56bfc062723c751e8b465ee728b)  -> (artifact id: '817de27c0f7f9374d46c905f9619b0ee') in 0.131477 seconds 
========================================================================
Received Import Request.
  Time since last request: 40.252153 seconds.
  path: Assets/Animations/CharacterController.controller
  artifactKey: Guid(854884ae9c4920c42a52643da7fbb010) Importer(815301076,1909f56bfc062723c751e8b465ee728b)
Start importing Assets/Animations/CharacterController.controller using Guid(854884ae9c4920c42a52643da7fbb010) Importer(815301076,1909f56bfc062723c751e8b465ee728b)  -> (artifact id: '4f90d5bbfa3a774a7ff967c217b53b46') in 0.004404 seconds 
========================================================================
Received Prepare
Registering precompiled user dll's ...
Registered in 0.003349 seconds.
Begin MonoManager ReloadAssembly
Symbol file LoadedFromMemory doesn't match image C:\Unity Projects\PlayableAds\Library\PackageCache\com.unity.visualscripting@1.8.0\Editor\VisualScripting.Core\Dependencies\YamlDotNet\Unity.VisualScripting.YamlDotNet.dll
Symbol file LoadedFromMemory doesn't match image C:\Unity Projects\PlayableAds\Library\PackageCache\com.unity.visualscripting@1.8.0\Editor\VisualScripting.Core\Dependencies\DotNetZip\Unity.VisualScripting.IonicZip.dll
Native extension for WindowsStandalone target not found
Native extension for iOS target not found
Native extension for Android target not found
Refreshing native plugins compatible for Editor in 0.58 ms, found 3 plugins.
Preloading 0 native plugins for Editor in 0.00 ms.
Mono: successfully reloaded assembly
- Completed reload, in  0.726 seconds
Domain Reload Profiling:
	ReloadAssembly (726ms)
		BeginReloadAssembly (122ms)
			ExecutionOrderSort (0ms)
			DisableScriptedObjects (4ms)
			BackupInstance (0ms)
			ReleaseScriptingObjects (0ms)
			CreateAndSetChildDomain (39ms)
		EndReloadAssembly (536ms)
			LoadAssemblies (70ms)
			RebuildTransferFunctionScriptingTraits (0ms)
			SetupTypeCache (174ms)
			ReleaseScriptCaches (2ms)
			RebuildScriptCaches (31ms)
			SetupLoadedEditorAssemblies (225ms)
				LogAssemblyErrors (0ms)
				InitializePlatformSupportModulesInManaged (23ms)
				SetLoadedEditorAssemblies (0ms)
				RefreshPlugins (1ms)
				BeforeProcessingInitializeOnLoad (45ms)
				ProcessInitializeOnLoadAttributes (136ms)
				ProcessInitializeOnLoadMethodAttributes (14ms)
				AfterProcessingInitializeOnLoad (5ms)
				EditorAssembliesLoaded (0ms)
			ExecutionOrderSort2 (0ms)
			AwakeInstancesAfterBackupRestoration (4ms)
Platform modules already initialized, skipping
Refreshing native plugins compatible for Editor in 1.52 ms, found 3 plugins.
Preloading 0 native plugins for Editor in 0.00 ms.
Unloading 3135 Unused Serialized files (Serialized files now loaded: 0)
Unloading 21 unused Assets / (0.7 MB). Loaded Objects now: 3663.
Memory consumption went from 128.3 MB to 127.6 MB.
Total: 2.987700 ms (FindLiveObjects: 0.344800 ms CreateObjectMapping: 0.188100 ms MarkObjects: 2.318000 ms  DeleteObjects: 0.136100 ms)

AssetImportParameters requested are different than current active one (requested -> active):
  custom:video-decoder-ogg-theora: a1e56fd34408186e4bbccfd4996cb3dc -> 
  custom:container-muxer-webm: aa71ff27fc2769a1b78a27578f13a17b -> 
  custom:container-demuxer-webm: 4f35f7cbe854078d1ac9338744f61a02 -> 
  custom:video-encoder-webm-vp8: eb34c28f22e8b96e1ab97ce403110664 -> 
  custom:video-codec-MediaFoundation-h265: 746d11721c4dcdbdad8f713fa42b33f4 -> 
  custom:audio-encoder-webm-vorbis: bf7c407c2cedff20999df2af8eb42d56 -> 
  custom:framework-win-MediaFoundation: 216162199b28c13a410421893ffa2e32 -> 
  custom:container-demuxer-ogg: 62fdf1f143b41e24485cea50d1cbac27 -> 
  custom:video-decoder-webm-vp8: 9c59270c3fd7afecdb556c50c9e8de78 -> 
  custom:audio-decoder-ogg-vorbis: bf7c407c2cedff20999df2af8eb42d56 -> 
========================================================================
Received Prepare
Registering precompiled user dll's ...
Registered in 0.003834 seconds.
Begin MonoManager ReloadAssembly
Symbol file LoadedFromMemory doesn't match image C:\Unity Projects\PlayableAds\Library\PackageCache\com.unity.visualscripting@1.8.0\Editor\VisualScripting.Core\Dependencies\YamlDotNet\Unity.VisualScripting.YamlDotNet.dll
Symbol file LoadedFromMemory doesn't match image C:\Unity Projects\PlayableAds\Library\PackageCache\com.unity.visualscripting@1.8.0\Editor\VisualScripting.Core\Dependencies\DotNetZip\Unity.VisualScripting.IonicZip.dll
Native extension for WindowsStandalone target not found
Native extension for iOS target not found
Native extension for Android target not found
Refreshing native plugins compatible for Editor in 0.59 ms, found 3 plugins.
Preloading 0 native plugins for Editor in 0.00 ms.
Mono: successfully reloaded assembly
- Completed reload, in  0.722 seconds
Domain Reload Profiling:
	ReloadAssembly (723ms)
		BeginReloadAssembly (108ms)
			ExecutionOrderSort (0ms)
			DisableScriptedObjects (5ms)
			BackupInstance (0ms)
			ReleaseScriptingObjects (0ms)
			CreateAndSetChildDomain (28ms)
		EndReloadAssembly (551ms)
			LoadAssemblies (63ms)
			RebuildTransferFunctionScriptingTraits (0ms)
			SetupTypeCache (193ms)
			ReleaseScriptCaches (1ms)
			RebuildScriptCaches (31ms)
			SetupLoadedEditorAssemblies (222ms)
				LogAssemblyErrors (0ms)
				InitializePlatformSupportModulesInManaged (23ms)
				SetLoadedEditorAssemblies (0ms)
				RefreshPlugins (1ms)
				BeforeProcessingInitializeOnLoad (46ms)
				ProcessInitializeOnLoadAttributes (132ms)
				ProcessInitializeOnLoadMethodAttributes (15ms)
				AfterProcessingInitializeOnLoad (5ms)
				EditorAssembliesLoaded (0ms)
			ExecutionOrderSort2 (0ms)
			AwakeInstancesAfterBackupRestoration (4ms)
Platform modules already initialized, skipping
Refreshing native plugins compatible for Editor in 1.93 ms, found 3 plugins.
Preloading 0 native plugins for Editor in 0.00 ms.
Unloading 3135 Unused Serialized files (Serialized files now loaded: 0)
Unloading 21 unused Assets / (0.7 MB). Loaded Objects now: 3666.
Memory consumption went from 128.3 MB to 127.6 MB.
Total: 2.502700 ms (FindLiveObjects: 0.227300 ms CreateObjectMapping: 0.065800 ms MarkObjects: 2.065600 ms  DeleteObjects: 0.143000 ms)

AssetImportParameters requested are different than current active one (requested -> active):
  custom:video-decoder-ogg-theora: a1e56fd34408186e4bbccfd4996cb3dc -> 
  custom:container-muxer-webm: aa71ff27fc2769a1b78a27578f13a17b -> 
  custom:container-demuxer-webm: 4f35f7cbe854078d1ac9338744f61a02 -> 
  custom:video-encoder-webm-vp8: eb34c28f22e8b96e1ab97ce403110664 -> 
  custom:video-codec-MediaFoundation-h265: 746d11721c4dcdbdad8f713fa42b33f4 -> 
  custom:audio-encoder-webm-vorbis: bf7c407c2cedff20999df2af8eb42d56 -> 
  custom:framework-win-MediaFoundation: 216162199b28c13a410421893ffa2e32 -> 
  custom:container-demuxer-ogg: 62fdf1f143b41e24485cea50d1cbac27 -> 
  custom:video-decoder-webm-vp8: 9c59270c3fd7afecdb556c50c9e8de78 -> 
  custom:audio-decoder-ogg-vorbis: bf7c407c2cedff20999df2af8eb42d56 -> 
========================================================================
Received Import Request.
  Time since last request: 81.151507 seconds.
  path: Assets/Textures/Head.tif
  artifactKey: Guid(d528774da97da1d42a4485dc1ff44ba3) Importer(815301076,1909f56bfc062723c751e8b465ee728b)
Start importing Assets/Textures/Head.tif using Guid(d528774da97da1d42a4485dc1ff44ba3) Importer(815301076,1909f56bfc062723c751e8b465ee728b)  -> (artifact id: 'c3793657fdbe98c63080abcfa9c1bcd2') in 0.050627 seconds 
========================================================================
Received Import Request.
  Time since last request: 2.490054 seconds.
  path: Assets/Textures/Head.tif
  artifactKey: Guid(d528774da97da1d42a4485dc1ff44ba3) Importer(815301076,1909f56bfc062723c751e8b465ee728b)
Start importing Assets/Textures/Head.tif using Guid(d528774da97da1d42a4485dc1ff44ba3) Importer(815301076,1909f56bfc062723c751e8b465ee728b)  -> (artifact id: '3cfe08680f874faa0fcc8a54e7409e54') in 0.007481 seconds 
========================================================================
Received Import Request.
  Time since last request: 16.024393 seconds.
  path: Assets/Textures/Rocks_3_4_texture.tif
  artifactKey: Guid(1a59d57b738d4764d92a57a7a0f918a8) Importer(815301076,1909f56bfc062723c751e8b465ee728b)
Start importing Assets/Textures/Rocks_3_4_texture.tif using Guid(1a59d57b738d4764d92a57a7a0f918a8) Importer(815301076,1909f56bfc062723c751e8b465ee728b)  -> (artifact id: 'f19ad2cd1867656d08a89bef79ecd8ec') in 0.010341 seconds 
========================================================================
Received Import Request.
  Time since last request: 2.621130 seconds.
  path: Assets/Textures/Rocks_3_4_texture.tif
  artifactKey: Guid(1a59d57b738d4764d92a57a7a0f918a8) Importer(815301076,1909f56bfc062723c751e8b465ee728b)
Start importing Assets/Textures/Rocks_3_4_texture.tif using Guid(1a59d57b738d4764d92a57a7a0f918a8) Importer(815301076,1909f56bfc062723c751e8b465ee728b)  -> (artifact id: 'd97617c17c270bb794452b2875443fd1') in 0.007177 seconds 
========================================================================
Received Import Request.
  Time since last request: 662.791787 seconds.
  path: Assets/WoodBarrel
  artifactKey: Guid(3e250df7b2d1cfc40867994d913ac6b7) Importer(815301076,1909f56bfc062723c751e8b465ee728b)
Start importing Assets/WoodBarrel using Guid(3e250df7b2d1cfc40867994d913ac6b7) Importer(815301076,1909f56bfc062723c751e8b465ee728b)  -> (artifact id: '968b315fead8a503d0ff819e7c875e29') in 0.001586 seconds 
========================================================================
Received Import Request.
  Time since last request: 0.069977 seconds.
  path: Assets/WoodBarrel/WoodBarrel.dae
  artifactKey: Guid(8eb45922989ef4758add4dfda9b3d6b6) Importer(815301076,1909f56bfc062723c751e8b465ee728b)
Start importing Assets/WoodBarrel/WoodBarrel.dae using Guid(8eb45922989ef4758add4dfda9b3d6b6) Importer(815301076,1909f56bfc062723c751e8b465ee728b)  -> (artifact id: 'e8c3a3040d40ad41f7534567cdf7249a') in 0.133752 seconds 
========================================================================
Received Import Request.
  Time since last request: 4.642911 seconds.
  path: Assets/WoodBarrel/Materials
  artifactKey: Guid(d71380392fbef774f9d2543d834b222f) Importer(815301076,1909f56bfc062723c751e8b465ee728b)
Start importing Assets/WoodBarrel/Materials using Guid(d71380392fbef774f9d2543d834b222f) Importer(815301076,1909f56bfc062723c751e8b465ee728b)  -> (artifact id: '44d81f6c064f4ff6a5bc43cc15713553') in 0.001303 seconds 
========================================================================
Received Import Request.
  Time since last request: 0.490148 seconds.
  path: Assets/WoodBarrel/Images
  artifactKey: Guid(1d14438681323ce4bb2724d101027cec) Importer(815301076,1909f56bfc062723c751e8b465ee728b)
Start importing Assets/WoodBarrel/Images using Guid(1d14438681323ce4bb2724d101027cec) Importer(815301076,1909f56bfc062723c751e8b465ee728b)  -> (artifact id: 'ee298c117de5bf8df30ab87b871abba7') in 0.001339 seconds 
========================================================================
Received Import Request.
  Time since last request: 0.615281 seconds.
  path: Assets/WoodBarrel/Materials/WoodBarrel_D.mat
  artifactKey: Guid(94a094bf0dfff4b36bb52208e69a0829) Importer(815301076,1909f56bfc062723c751e8b465ee728b)
Start importing Assets/WoodBarrel/Materials/WoodBarrel_D.mat using Guid(94a094bf0dfff4b36bb52208e69a0829) Importer(815301076,1909f56bfc062723c751e8b465ee728b)  -> (artifact id: '13df73e38b741c4d2aba28f8a4e07da7') in 0.040031 seconds 
========================================================================
Received Import Request.
  Time since last request: 1.385221 seconds.
  path: Assets/WoodBarrel/Images/WoodBarrel_D.tif
  artifactKey: Guid(a42fc216e9b844f63a9fdd16d6a22067) Importer(815301076,1909f56bfc062723c751e8b465ee728b)
Start importing Assets/WoodBarrel/Images/WoodBarrel_D.tif using Guid(a42fc216e9b844f63a9fdd16d6a22067) Importer(815301076,1909f56bfc062723c751e8b465ee728b)  -> (artifact id: '04eb2c9056838a42853312ccb6ce9036') in 0.015548 seconds 
========================================================================
Received Import Request.
  Time since last request: 22.133275 seconds.
  path: Assets/Models/Character_low.fbx
  artifactKey: Guid(b4f67c947f6b9ad4d95c241364d15dc4) Importer(815301076,1909f56bfc062723c751e8b465ee728b)
Start importing Assets/Models/Character_low.fbx using Guid(b4f67c947f6b9ad4d95c241364d15dc4) Importer(815301076,1909f56bfc062723c751e8b465ee728b)  -> (artifact id: 'dace83785a403475a028759957e4fdf5') in 0.033613 seconds 
========================================================================
Received Import Request.
  Time since last request: 6.570868 seconds.
  path: Assets/Materials/Rocks.mat
  artifactKey: Guid(d7046b042b8bb5f45bd99400d84fe8e7) Importer(815301076,1909f56bfc062723c751e8b465ee728b)
Start importing Assets/Materials/Rocks.mat using Guid(d7046b042b8bb5f45bd99400d84fe8e7) Importer(815301076,1909f56bfc062723c751e8b465ee728b)  -> (artifact id: 'b495692027fe0a97de16de518efb2cc7') in 0.005569 seconds 
========================================================================
Received Import Request.
  Time since last request: 22.655559 seconds.
  path: Assets/Models/WoodBarrel.dae
  artifactKey: Guid(8eb45922989ef4758add4dfda9b3d6b6) Importer(815301076,1909f56bfc062723c751e8b465ee728b)
Start importing Assets/Models/WoodBarrel.dae using Guid(8eb45922989ef4758add4dfda9b3d6b6) Importer(815301076,1909f56bfc062723c751e8b465ee728b)  -> (artifact id: '73b04e1c2006ec4bbb693c240e640d5d') in 0.007938 seconds 
========================================================================
Received Import Request.
  Time since last request: 63.469566 seconds.
  path: Assets/Models/WoodBarrel.fbx
  artifactKey: Guid(a1edb90a83ea124479a49fde01ec7ad3) Importer(815301076,1909f56bfc062723c751e8b465ee728b)
Start importing Assets/Models/WoodBarrel.fbx using Guid(a1edb90a83ea124479a49fde01ec7ad3) Importer(815301076,1909f56bfc062723c751e8b465ee728b)  -> (artifact id: '029fa57d0461ed1eb9fd885c7a7c0b91') in 0.014105 seconds 
========================================================================
Received Import Request.
  Time since last request: 17.180514 seconds.
  path: Assets/Prefabs/Character.prefab
  artifactKey: Guid(c97d1452f0ccfaf4098445ab7637f6da) Importer(815301076,1909f56bfc062723c751e8b465ee728b)
Start importing Assets/Prefabs/Character.prefab using Guid(c97d1452f0ccfaf4098445ab7637f6da) Importer(815301076,1909f56bfc062723c751e8b465ee728b)  -> (artifact id: '5efe10e6793ca11f4fc8e146090803f8') in 0.015764 seconds 
========================================================================
Received Import Request.
  Time since last request: 0.000013 seconds.
  path: Assets/Prefabs/Tree_low.prefab
  artifactKey: Guid(bd3cbc8703ed9574bbb161878bae66fb) Importer(815301076,1909f56bfc062723c751e8b465ee728b)
Start importing Assets/Prefabs/Tree_low.prefab using Guid(bd3cbc8703ed9574bbb161878bae66fb) Importer(815301076,1909f56bfc062723c751e8b465ee728b)  -> (artifact id: '23d87daa83c201f918cb6b7c9c0eb4b2') in 0.007173 seconds 
========================================================================
Received Import Request.
  Time since last request: 1.806135 seconds.
  path: Assets/Prefabs/WoodBarrel.prefab
  artifactKey: Guid(80bd452a268f1a64290ecfb453981bf5) Importer(815301076,1909f56bfc062723c751e8b465ee728b)
Start importing Assets/Prefabs/WoodBarrel.prefab using Guid(80bd452a268f1a64290ecfb453981bf5) Importer(815301076,1909f56bfc062723c751e8b465ee728b)  -> (artifact id: '2c0838be8f8abfb2ef6b00435b02adf6') in 0.009254 seconds 
========================================================================
Received Import Request.
  Time since last request: 10.786874 seconds.
  path: Assets/Prefabs/WoodBarrel.prefab
  artifactKey: Guid(80bd452a268f1a64290ecfb453981bf5) Importer(815301076,1909f56bfc062723c751e8b465ee728b)
Start importing Assets/Prefabs/WoodBarrel.prefab using Guid(80bd452a268f1a64290ecfb453981bf5) Importer(815301076,1909f56bfc062723c751e8b465ee728b)  -> (artifact id: '78ef5b58944186417ddc035b7bbee6f9') in 0.008463 seconds 
========================================================================
Received Import Request.
  Time since last request: 3.964555 seconds.
  path: Assets/Textures/WoodBarrel_D.tif
  artifactKey: Guid(a42fc216e9b844f63a9fdd16d6a22067) Importer(815301076,1909f56bfc062723c751e8b465ee728b)
Start importing Assets/Textures/WoodBarrel_D.tif using Guid(a42fc216e9b844f63a9fdd16d6a22067) Importer(815301076,1909f56bfc062723c751e8b465ee728b)  -> (artifact id: 'ae1b5cafa79ba17a466275c65fa3382f') in 0.007392 seconds 
========================================================================
Received Import Request.
  Time since last request: 134.841405 seconds.
  path: Assets/Prefabs/WoodBarrel.prefab
  artifactKey: Guid(80bd452a268f1a64290ecfb453981bf5) Importer(815301076,1909f56bfc062723c751e8b465ee728b)
Start importing Assets/Prefabs/WoodBarrel.prefab using Guid(80bd452a268f1a64290ecfb453981bf5) Importer(815301076,1909f56bfc062723c751e8b465ee728b)  -> (artifact id: '32bd7852a5c9cf42f8050fa7d22f0010') in 0.007920 seconds 
========================================================================
Received Import Request.
  Time since last request: 139.327948 seconds.
  path: Assets/Textures/Legacy
  artifactKey: Guid(9fe4b49233dccbf41b20c3fb05999cf7) Importer(815301076,1909f56bfc062723c751e8b465ee728b)
Start importing Assets/Textures/Legacy using Guid(9fe4b49233dccbf41b20c3fb05999cf7) Importer(815301076,1909f56bfc062723c751e8b465ee728b)  -> (artifact id: 'a9df7d685cb84225bdafeb24119463ab') in 0.001463 seconds 
========================================================================
Received Import Request.
  Time since last request: 29.446918 seconds.
  path: Assets/Prefabs/Island_low.prefab
  artifactKey: Guid(28a124ef12295b041b5b6a6c18227311) Importer(815301076,1909f56bfc062723c751e8b465ee728b)
Start importing Assets/Prefabs/Island_low.prefab using Guid(28a124ef12295b041b5b6a6c18227311) Importer(815301076,1909f56bfc062723c751e8b465ee728b)  -> (artifact id: '50efc3c49da05bd23a80b9d0aff52685') in 0.010450 seconds 
========================================================================
Received Import Request.
  Time since last request: 40.473375 seconds.
  path: Assets/Prefabs/Island_low.prefab
  artifactKey: Guid(28a124ef12295b041b5b6a6c18227311) Importer(815301076,1909f56bfc062723c751e8b465ee728b)
Start importing Assets/Prefabs/Island_low.prefab using Guid(28a124ef12295b041b5b6a6c18227311) Importer(815301076,1909f56bfc062723c751e8b465ee728b)  -> (artifact id: 'ccae957cbcce9c548ba2fc36cd609710') in 0.009030 seconds 
========================================================================
Received Import Request.
  Time since last request: 909.656435 seconds.
  path: Assets/Textures/TCom_Farmland0002_1_seamless_S.jpg
  artifactKey: Guid(6865c982440e8dd4aa5abd36a7a6e019) Importer(815301076,1909f56bfc062723c751e8b465ee728b)
Start importing Assets/Textures/TCom_Farmland0002_1_seamless_S.jpg using Guid(6865c982440e8dd4aa5abd36a7a6e019) Importer(815301076,1909f56bfc062723c751e8b465ee728b)  -> (artifact id: '5a4adf0767881a4181b943730739f4c9') in 0.033701 seconds 
========================================================================
Received Import Request.
  Time since last request: 147.498087 seconds.
  path: Assets/Textures/TCom_Grass0130_1_seamless_S.tif
  artifactKey: Guid(0d70c94e564e9f3499af89bd3e87914a) Importer(815301076,1909f56bfc062723c751e8b465ee728b)
Start importing Assets/Textures/TCom_Grass0130_1_seamless_S.tif using Guid(0d70c94e564e9f3499af89bd3e87914a) Importer(815301076,1909f56bfc062723c751e8b465ee728b)  -> (artifact id: '2a0a2a78110a564ad5d22a79a65ee98b') in 0.043915 seconds 
========================================================================
Received Import Request.
  Time since last request: 9.828509 seconds.
  path: Assets/Textures/TCom_Grass0130_1_seamless_S.tif
  artifactKey: Guid(0d70c94e564e9f3499af89bd3e87914a) Importer(815301076,1909f56bfc062723c751e8b465ee728b)
Start importing Assets/Textures/TCom_Grass0130_1_seamless_S.tif using Guid(0d70c94e564e9f3499af89bd3e87914a) Importer(815301076,1909f56bfc062723c751e8b465ee728b)  -> (artifact id: '705b17c8f3a25284b334d2170d4c0ab4') in 0.008403 seconds 
========================================================================
Received Import Request.
  Time since last request: 16.679505 seconds.
  path: Assets/Textures/TCom_Grass0130_1_seamless_S.tif
  artifactKey: Guid(0d70c94e564e9f3499af89bd3e87914a) Importer(815301076,1909f56bfc062723c751e8b465ee728b)
Start importing Assets/Textures/TCom_Grass0130_1_seamless_S.tif using Guid(0d70c94e564e9f3499af89bd3e87914a) Importer(815301076,1909f56bfc062723c751e8b465ee728b)  -> (artifact id: '91d1d5a7e757a606a3d7294891352c5f') in 0.013395 seconds 
========================================================================
Received Import Request.
  Time since last request: 31.947332 seconds.
  path: Assets/Textures/tgzleibcw_2K_Albedo.tif
  artifactKey: Guid(90a26067aad4533419612657858b7fb1) Importer(815301076,1909f56bfc062723c751e8b465ee728b)
Start importing Assets/Textures/tgzleibcw_2K_Albedo.tif using Guid(90a26067aad4533419612657858b7fb1) Importer(815301076,1909f56bfc062723c751e8b465ee728b)  -> (artifact id: '507adc67f771a9a626bc1537b3e8a8d3') in 0.036055 seconds 
========================================================================
Received Import Request.
  Time since last request: 18.246526 seconds.
  path: Assets/Prefabs/Island_low.prefab
  artifactKey: Guid(28a124ef12295b041b5b6a6c18227311) Importer(815301076,1909f56bfc062723c751e8b465ee728b)
Start importing Assets/Prefabs/Island_low.prefab using Guid(28a124ef12295b041b5b6a6c18227311) Importer(815301076,1909f56bfc062723c751e8b465ee728b)  -> (artifact id: '63c120b8c84cd339121a29512fadf18c') in 0.010023 seconds 
========================================================================
Received Import Request.
  Time since last request: 98.561804 seconds.
  path: Assets/Prefabs/Rock_3.prefab
  artifactKey: Guid(a917d7eaf8b747c42b9cd7df19bd46aa) Importer(815301076,1909f56bfc062723c751e8b465ee728b)
Start importing Assets/Prefabs/Rock_3.prefab using Guid(a917d7eaf8b747c42b9cd7df19bd46aa) Importer(815301076,1909f56bfc062723c751e8b465ee728b)  -> (artifact id: '1cf533e74f3bb4c9d51bb68066d84c81') in 0.008909 seconds 
========================================================================
Received Import Request.
  Time since last request: 148.368324 seconds.
  path: Assets/Prefabs/Tree_low.prefab
  artifactKey: Guid(bd3cbc8703ed9574bbb161878bae66fb) Importer(815301076,1909f56bfc062723c751e8b465ee728b)
Start importing Assets/Prefabs/Tree_low.prefab using Guid(bd3cbc8703ed9574bbb161878bae66fb) Importer(815301076,1909f56bfc062723c751e8b465ee728b)  -> (artifact id: '781090fd5d201f520cdcf1950e95f77b') in 0.009834 seconds 
========================================================================
Received Import Request.
  Time since last request: 19.842951 seconds.
  path: Assets/Textures/Pine_tree_texture.tif
  artifactKey: Guid(0f929383fe9e343468d15874eed91d02) Importer(815301076,1909f56bfc062723c751e8b465ee728b)
Start importing Assets/Textures/Pine_tree_texture.tif using Guid(0f929383fe9e343468d15874eed91d02) Importer(815301076,1909f56bfc062723c751e8b465ee728b)  -> (artifact id: 'eb4cbaa6e7555c22b76fe904c8e57127') in 0.008110 seconds 
========================================================================
Received Import Request.
  Time since last request: 3.674485 seconds.
  path: Assets/Prefabs/Tree_low.prefab
  artifactKey: Guid(bd3cbc8703ed9574bbb161878bae66fb) Importer(815301076,1909f56bfc062723c751e8b465ee728b)
Start importing Assets/Prefabs/Tree_low.prefab using Guid(bd3cbc8703ed9574bbb161878bae66fb) Importer(815301076,1909f56bfc062723c751e8b465ee728b)  -> (artifact id: '858c5ed9ea581b0f5190b800b39ed7e8') in 0.007014 seconds 
========================================================================
Received Import Request.
  Time since last request: 209.058993 seconds.
  path: Assets/FantasyEnvironments/Environments/Materials
  artifactKey: Guid(9ee4b6a4cc4a83944b31251a7c133061) Importer(815301076,1909f56bfc062723c751e8b465ee728b)
Start importing Assets/FantasyEnvironments/Environments/Materials using Guid(9ee4b6a4cc4a83944b31251a7c133061) Importer(815301076,1909f56bfc062723c751e8b465ee728b)  -> (artifact id: 'ada939ac9f6480e96828af54008b34c5') in 0.001264 seconds 
========================================================================
Received Import Request.
  Time since last request: 2.442893 seconds.
  path: Assets/FantasyEnvironments/Environments/Textures
  artifactKey: Guid(92bdf72aca8982345bca35908ec88847) Importer(815301076,1909f56bfc062723c751e8b465ee728b)
Start importing Assets/FantasyEnvironments/Environments/Textures using Guid(92bdf72aca8982345bca35908ec88847) Importer(815301076,1909f56bfc062723c751e8b465ee728b)  -> (artifact id: 'c773bbb27618cf96f74fda9cf4fc5cb7') in 0.001519 seconds 
========================================================================
Received Import Request.
  Time since last request: 4.870687 seconds.
  path: Assets/FantasyEnvironments/Environments/Textures/_TerrainAutoUpgrade
  artifactKey: Guid(4acbfd84bbe00ff41b8ded8aaafb04aa) Importer(815301076,1909f56bfc062723c751e8b465ee728b)
Start importing Assets/FantasyEnvironments/Environments/Textures/_TerrainAutoUpgrade using Guid(4acbfd84bbe00ff41b8ded8aaafb04aa) Importer(815301076,1909f56bfc062723c751e8b465ee728b)  -> (artifact id: '0ba91dcbc28b406074801a6270ef0180') in 0.001597 seconds 
========================================================================
Received Import Request.
  Time since last request: 0.049240 seconds.
  path: Assets/FantasyEnvironments/Environments/Textures/_TerrainAutoUpgrade/layer_ground_grasscd2d2d038030d602.terrainlayer
  artifactKey: Guid(3ea7607a4748109479f02a95f1992998) Importer(815301076,1909f56bfc062723c751e8b465ee728b)
Start importing Assets/FantasyEnvironments/Environments/Textures/_TerrainAutoUpgrade/layer_ground_grasscd2d2d038030d602.terrainlayer using Guid(3ea7607a4748109479f02a95f1992998) Importer(815301076,1909f56bfc062723c751e8b465ee728b)  -> (artifact id: 'd8d6618f642d68025261cced79393e79') in 0.021478 seconds 
========================================================================
Received Import Request.
  Time since last request: 4.060129 seconds.
  path: Assets/FantasyEnvironments/Environments/Scenes
  artifactKey: Guid(e929daf10fde9624a8a38d0df3ff3dea) Importer(815301076,1909f56bfc062723c751e8b465ee728b)
Start importing Assets/FantasyEnvironments/Environments/Scenes using Guid(e929daf10fde9624a8a38d0df3ff3dea) Importer(815301076,1909f56bfc062723c751e8b465ee728b)  -> (artifact id: '34958f25e4a181c6809c8ca4e6be8db8') in 0.001267 seconds 
========================================================================
Received Import Request.
  Time since last request: 0.628137 seconds.
  path: Assets/FantasyEnvironments/Environments/Scenes/DemoScene.unity
  artifactKey: Guid(275a29409308e634aa2aae331e6db8ba) Importer(815301076,1909f56bfc062723c751e8b465ee728b)
Start importing Assets/FantasyEnvironments/Environments/Scenes/DemoScene.unity using Guid(275a29409308e634aa2aae331e6db8ba) Importer(815301076,1909f56bfc062723c751e8b465ee728b)  -> (artifact id: '23e9461052fa3e8efe3b9c3ee190b8ae') in 0.001373 seconds 
========================================================================
Received Import Request.
  Time since last request: 27.710857 seconds.
  path: Assets/FantasyEnvironments/Environments/Ambient-Occlusion-Trees/Prefabs/Birch_tree1.prefab
  artifactKey: Guid(47356d574ebc3a545bfaef26eb02a2ea) Importer(815301076,1909f56bfc062723c751e8b465ee728b)
Start importing Assets/FantasyEnvironments/Environments/Ambient-Occlusion-Trees/Prefabs/Birch_tree1.prefab using Guid(47356d574ebc3a545bfaef26eb02a2ea) Importer(815301076,1909f56bfc062723c751e8b465ee728b)  -> (artifact id: '432d2439491dcb155a4ff3699077c066') in 0.014398 seconds 
========================================================================
Received Import Request.
  Time since last request: 0.000020 seconds.
  path: Assets/FantasyEnvironments/Environments/Ambient-Occlusion-Trees/Prefabs/Deciduous_tree1.prefab
  artifactKey: Guid(dc20bf501e8161b40859eb66568d49f6) Importer(815301076,1909f56bfc062723c751e8b465ee728b)
Start importing Assets/FantasyEnvironments/Environments/Ambient-Occlusion-Trees/Prefabs/Deciduous_tree1.prefab using Guid(dc20bf501e8161b40859eb66568d49f6) Importer(815301076,1909f56bfc062723c751e8b465ee728b)  -> (artifact id: '74d0a981e0595fd71543c518434fa712') in 0.010840 seconds 
========================================================================
Received Import Request.
  Time since last request: 15.295369 seconds.
  path: Assets/FantasyEnvironments/Environments/Prefabs/Rock1.prefab
  artifactKey: Guid(c07f24e35f07ce74ba43afa35d48adf7) Importer(815301076,1909f56bfc062723c751e8b465ee728b)
Start importing Assets/FantasyEnvironments/Environments/Prefabs/Rock1.prefab using Guid(c07f24e35f07ce74ba43afa35d48adf7) Importer(815301076,1909f56bfc062723c751e8b465ee728b)  -> (artifact id: 'ea88efa3752be2ae861c886e09ba59e2') in 0.006840 seconds 
========================================================================
Received Import Request.
  Time since last request: 77.046866 seconds.
  path: Assets/Models/Island_low.fbx
  artifactKey: Guid(df645c3204020ad44a990655e01b56d1) Importer(815301076,1909f56bfc062723c751e8b465ee728b)
Start importing Assets/Models/Island_low.fbx using Guid(df645c3204020ad44a990655e01b56d1) Importer(815301076,1909f56bfc062723c751e8b465ee728b)  -> (artifact id: '38bd62c611e0ca3b8db8eb7f010c748f') in 0.028038 seconds 
========================================================================
Received Import Request.
  Time since last request: 0.000018 seconds.
  path: Assets/Models/Tree_low.fbx
  artifactKey: Guid(003809c3ba05a704f9e77b21cb217358) Importer(815301076,1909f56bfc062723c751e8b465ee728b)
Start importing Assets/Models/Tree_low.fbx using Guid(003809c3ba05a704f9e77b21cb217358) Importer(815301076,1909f56bfc062723c751e8b465ee728b)  -> (artifact id: '15f2db8b54c838ec24b92c8819ea3c23') in 0.189272 seconds 
========================================================================
Received Import Request.
  Time since last request: 578.796438 seconds.
  path: Assets/Textures/Plant.tif
  artifactKey: Guid(4bc0bf0a58128a04ebb30313c8028c53) Importer(815301076,1909f56bfc062723c751e8b465ee728b)
Start importing Assets/Textures/Plant.tif using Guid(4bc0bf0a58128a04ebb30313c8028c53) Importer(815301076,1909f56bfc062723c751e8b465ee728b)  -> (artifact id: '10cd4f550b66832cfdb3fba413a4e194') in 0.012852 seconds 
========================================================================
Received Import Request.
  Time since last request: 4.803399 seconds.
  path: Assets/Scenes/SampleScene.unity
  artifactKey: Guid(9fc0d4010bbf28b4594072e72b8655ab) Importer(815301076,1909f56bfc062723c751e8b465ee728b)
Start importing Assets/Scenes/SampleScene.unity using Guid(9fc0d4010bbf28b4594072e72b8655ab) Importer(815301076,1909f56bfc062723c751e8b465ee728b)  -> (artifact id: '484b1b39251adc4bd10f7730a132abfe') in 0.008573 seconds 
========================================================================
Received Import Request.
  Time since last request: 14.717311 seconds.
  path: Assets/Models/Grass_low.fbx
  artifactKey: Guid(b9f94f5338a3a89498ce55b3dd99a039) Importer(815301076,1909f56bfc062723c751e8b465ee728b)
Start importing Assets/Models/Grass_low.fbx using Guid(b9f94f5338a3a89498ce55b3dd99a039) Importer(815301076,1909f56bfc062723c751e8b465ee728b)  -> (artifact id: '13b25c28b5a46098006f24ffb8d0195d') in 0.025004 seconds 
========================================================================
Received Import Request.
  Time since last request: 692.473270 seconds.
  path: Assets/Models/GrassField_low.fbx
  artifactKey: Guid(731a7a40cb569d444962aa79f6edb1d0) Importer(815301076,1909f56bfc062723c751e8b465ee728b)
Start importing Assets/Models/GrassField_low.fbx using Guid(731a7a40cb569d444962aa79f6edb1d0) Importer(815301076,1909f56bfc062723c751e8b465ee728b)  -> (artifact id: '53e795b4d85e9e5289c280f51afdaf77') in 1.906115 seconds 
========================================================================
Received Import Request.
  Time since last request: 130.985986 seconds.
  path: Assets/Models/GrassField_low.fbx
  artifactKey: Guid(731a7a40cb569d444962aa79f6edb1d0) Importer(815301076,1909f56bfc062723c751e8b465ee728b)
Start importing Assets/Models/GrassField_low.fbx using Guid(731a7a40cb569d444962aa79f6edb1d0) Importer(815301076,1909f56bfc062723c751e8b465ee728b)  -> (artifact id: 'd086c4edb23fcd39e4fe8723bd92fc8a') in 2.827595 seconds 
========================================================================
Received Import Request.
  Time since last request: 41.622604 seconds.
  path: Assets/Scenes/SampleScene.unity
  artifactKey: Guid(9fc0d4010bbf28b4594072e72b8655ab) Importer(815301076,1909f56bfc062723c751e8b465ee728b)
Start importing Assets/Scenes/SampleScene.unity using Guid(9fc0d4010bbf28b4594072e72b8655ab) Importer(815301076,1909f56bfc062723c751e8b465ee728b)  -> (artifact id: 'e6de633db0046f1c45cbb5c4eef13400') in 0.001215 seconds 
========================================================================
Received Import Request.
  Time since last request: 425.483796 seconds.
  path: Assets/Models/GrassField_low.fbx
  artifactKey: Guid(731a7a40cb569d444962aa79f6edb1d0) Importer(815301076,1909f56bfc062723c751e8b465ee728b)
Start importing Assets/Models/GrassField_low.fbx using Guid(731a7a40cb569d444962aa79f6edb1d0) Importer(815301076,1909f56bfc062723c751e8b465ee728b)  -> (artifact id: '31934c984f9023796bee44158ece3459') in 2.209379 seconds 
========================================================================
Received Import Request.
  Time since last request: 21.148709 seconds.
  path: Assets/Models/GrassField_low.fbx
  artifactKey: Guid(731a7a40cb569d444962aa79f6edb1d0) Importer(815301076,1909f56bfc062723c751e8b465ee728b)
Start importing Assets/Models/GrassField_low.fbx using Guid(731a7a40cb569d444962aa79f6edb1d0) Importer(815301076,1909f56bfc062723c751e8b465ee728b)  -> (artifact id: 'a9fc55a63fc9ddf19e3464523aca0db4') in 2.367956 seconds 
========================================================================
Received Import Request.
  Time since last request: 1.003278 seconds.
  path: Assets/Materials/Grass.mat
  artifactKey: Guid(15dca39adbbec944eac4bb08b7b825af) Importer(815301076,1909f56bfc062723c751e8b465ee728b)
Start importing Assets/Materials/Grass.mat using Guid(15dca39adbbec944eac4bb08b7b825af) Importer(815301076,1909f56bfc062723c751e8b465ee728b)  -> (artifact id: '50077fcc07c87aa237664aeadd77659e') in 0.007024 seconds 
========================================================================
Received Import Request.
  Time since last request: 0.008601 seconds.
  path: Assets/Materials/Rocks.mat
  artifactKey: Guid(d7046b042b8bb5f45bd99400d84fe8e7) Importer(815301076,1909f56bfc062723c751e8b465ee728b)
Start importing Assets/Materials/Rocks.mat using Guid(d7046b042b8bb5f45bd99400d84fe8e7) Importer(815301076,1909f56bfc062723c751e8b465ee728b)  -> (artifact id: 'e55859684b91b145679fda2397df447d') in 0.006955 seconds 
========================================================================
Received Import Request.
  Time since last request: 0.000016 seconds.
  path: Assets/Materials/WoodBarrel_D.mat
  artifactKey: Guid(94a094bf0dfff4b36bb52208e69a0829) Importer(815301076,1909f56bfc062723c751e8b465ee728b)
Start importing Assets/Materials/WoodBarrel_D.mat using Guid(94a094bf0dfff4b36bb52208e69a0829) Importer(815301076,1909f56bfc062723c751e8b465ee728b)  -> (artifact id: 'be4dd999027dc1e72cd7f34cd27b0eb8') in 0.006649 seconds 
Editor requested this worker to shutdown with reason: Scaling down because of idle timeout
AssetImportWorker is now disconnected from the server
Process exiting
Exiting without the bug reporter. Application will terminate with return code 0