Using pre-set license
Built from '2021.3/release' branch; Version is '2021.3.27f1 (ca3ffb99bcc6) revision 13254651'; Using compiler version '192829333'; Build Type 'Release'
OS: 'Windows 11  (10.0.22621) 64bit Professional' Language: 'ru' Physical Memory: 32694 MB
BatchMode: 1, IsHumanControllingUs: 0, StartBugReporterOnCrash: 0, Is64bit: 1, IsPro: 1

COMMAND LINE ARGUMENTS:
C:\Program Files\Unity\Hub\Editor\2021.3.27f1\Editor\Unity.exe
-adb2
-batchMode
-noUpm
-name
AssetImportWorker3
-projectPath
C:/Unity Projects/PlayableAds
-logFile
Logs/AssetImportWorker3.log
-srvPort
61545
Successfully changed project path to: C:/Unity Projects/PlayableAds
C:/Unity Projects/PlayableAds
[UnityMemory] Configuration Parameters - Can be set up in boot.config
    "memorysetup-bucket-allocator-granularity=16"
    "memorysetup-bucket-allocator-bucket-count=8"
    "memorysetup-bucket-allocator-block-size=33554432"
    "memorysetup-bucket-allocator-block-count=8"
    "memorysetup-main-allocator-block-size=16777216"
    "memorysetup-thread-allocator-block-size=16777216"
    "memorysetup-gfx-main-allocator-block-size=16777216"
    "memorysetup-gfx-thread-allocator-block-size=16777216"
    "memorysetup-cache-allocator-block-size=4194304"
    "memorysetup-typetree-allocator-block-size=2097152"
    "memorysetup-profiler-bucket-allocator-granularity=16"
    "memorysetup-profiler-bucket-allocator-bucket-count=8"
    "memorysetup-profiler-bucket-allocator-block-size=33554432"
    "memorysetup-profiler-bucket-allocator-block-count=8"
    "memorysetup-profiler-allocator-block-size=16777216"
    "memorysetup-profiler-editor-allocator-block-size=1048576"
    "memorysetup-temp-allocator-size-main=16777216"
    "memorysetup-job-temp-allocator-block-size=2097152"
    "memorysetup-job-temp-allocator-block-size-background=1048576"
    "memorysetup-job-temp-allocator-reduction-small-platforms=262144"
    "memorysetup-temp-allocator-size-background-worker=32768"
    "memorysetup-temp-allocator-size-job-worker=262144"
    "memorysetup-temp-allocator-size-preload-manager=33554432"
    "memorysetup-temp-allocator-size-nav-mesh-worker=65536"
    "memorysetup-temp-allocator-size-audio-worker=65536"
    "memorysetup-temp-allocator-size-cloud-worker=32768"
    "memorysetup-temp-allocator-size-gi-baking-worker=262144"
    "memorysetup-temp-allocator-size-gfx=262144"
Player connection [71164] Host "[IP] 192.168.10.92 [Port] 0 [Flags] 2 [Guid] 2041648366 [EditorId] 2041648366 [Version] 1048832 [Id] WindowsEditor(7,DESKTOP-1CJ2JDT) [Debug] 1 [PackageName] WindowsEditor [ProjectName] Editor" joined multi-casting on [225.0.0.222:54997]...

Player connection [71164] Host "[IP] 192.168.10.92 [Port] 0 [Flags] 2 [Guid] 2041648366 [EditorId] 2041648366 [Version] 1048832 [Id] WindowsEditor(7,DESKTOP-1CJ2JDT) [Debug] 1 [PackageName] WindowsEditor [ProjectName] Editor" joined alternative multi-casting on [225.0.0.222:34997]...

Refreshing native plugins compatible for Editor in 65.83 ms, found 3 plugins.
Preloading 0 native plugins for Editor in 0.00 ms.
Initialize engine version: 2021.3.27f1 (ca3ffb99bcc6)
[Subsystems] Discovering subsystems at path C:/Program Files/Unity/Hub/Editor/2021.3.27f1/Editor/Data/Resources/UnitySubsystems
[Subsystems] Discovering subsystems at path C:/Unity Projects/PlayableAds/Assets
GfxDevice: creating device client; threaded=0; jobified=0
Direct3D:
    Version:  Direct3D 11.0 [level 11.1]
    Renderer: NVIDIA GeForce RTX 3060 (ID=0x2504)
    Vendor:   NVIDIA
    VRAM:     12129 MB
    Driver:   31.0.15.3734
Initialize mono
Mono path[0] = 'C:/Program Files/Unity/Hub/Editor/2021.3.27f1/Editor/Data/Managed'
Mono path[1] = 'C:/Program Files/Unity/Hub/Editor/2021.3.27f1/Editor/Data/MonoBleedingEdge/lib/mono/unityjit-win32'
Mono config path = 'C:/Program Files/Unity/Hub/Editor/2021.3.27f1/Editor/Data/MonoBleedingEdge/etc'
Using monoOptions --debugger-agent=transport=dt_socket,embedding=1,server=y,suspend=n,address=127.0.0.1:56848
Begin MonoManager ReloadAssembly
Registering precompiled unity dll's ...
Register platform support module: C:/Program Files/Unity/Hub/Editor/2021.3.27f1/Editor/Data/PlaybackEngines/AndroidPlayer/UnityEditor.Android.Extensions.dll
Register platform support module: C:/Program Files/Unity/Hub/Editor/2021.3.27f1/Editor/Data/PlaybackEngines/iOSSupport/UnityEditor.iOS.Extensions.dll
Register platform support module: C:/Program Files/Unity/Hub/Editor/2021.3.27f1/Editor/Data/PlaybackEngines/WindowsStandaloneSupport/UnityEditor.WindowsStandalone.Extensions.dll
Registered in 0.004322 seconds.
Native extension for WindowsStandalone target not found
[usbmuxd] Start listen thread
[usbmuxd] Listen thread started
Native extension for iOS target not found
Native extension for Android target not found
Android Extension - Scanning For ADB Devices 241 ms
Refreshing native plugins compatible for Editor in 55.29 ms, found 3 plugins.
Preloading 0 native plugins for Editor in 0.00 ms.
Mono: successfully reloaded assembly
- Completed reload, in  0.757 seconds
Domain Reload Profiling:
	ReloadAssembly (758ms)
		BeginReloadAssembly (61ms)
			ExecutionOrderSort (0ms)
			DisableScriptedObjects (0ms)
			BackupInstance (0ms)
			ReleaseScriptingObjects (0ms)
			CreateAndSetChildDomain (1ms)
		EndReloadAssembly (628ms)
			LoadAssemblies (60ms)
			RebuildTransferFunctionScriptingTraits (0ms)
			SetupTypeCache (79ms)
			ReleaseScriptCaches (0ms)
			RebuildScriptCaches (22ms)
			SetupLoadedEditorAssemblies (488ms)
				LogAssemblyErrors (0ms)
				InitializePlatformSupportModulesInManaged (325ms)
				SetLoadedEditorAssemblies (0ms)
				RefreshPlugins (55ms)
				BeforeProcessingInitializeOnLoad (1ms)
				ProcessInitializeOnLoadAttributes (71ms)
				ProcessInitializeOnLoadMethodAttributes (35ms)
				AfterProcessingInitializeOnLoad (0ms)
				EditorAssembliesLoaded (0ms)
			ExecutionOrderSort2 (0ms)
			AwakeInstancesAfterBackupRestoration (0ms)
Platform modules already initialized, skipping
Registering precompiled user dll's ...
Registered in 0.003700 seconds.
Begin MonoManager ReloadAssembly
Symbol file LoadedFromMemory doesn't match image C:\Unity Projects\PlayableAds\Library\PackageCache\com.unity.visualscripting@1.8.0\Editor\VisualScripting.Core\Dependencies\YamlDotNet\Unity.VisualScripting.YamlDotNet.dll
Symbol file LoadedFromMemory doesn't match image C:\Unity Projects\PlayableAds\Library\PackageCache\com.unity.visualscripting@1.8.0\Editor\VisualScripting.Core\Dependencies\DotNetZip\Unity.VisualScripting.IonicZip.dll
Native extension for WindowsStandalone target not found
Native extension for iOS target not found
Native extension for Android target not found
Refreshing native plugins compatible for Editor in 61.55 ms, found 3 plugins.
Preloading 0 native plugins for Editor in 0.00 ms.
Mono: successfully reloaded assembly
- Completed reload, in  0.880 seconds
Domain Reload Profiling:
	ReloadAssembly (881ms)
		BeginReloadAssembly (88ms)
			ExecutionOrderSort (0ms)
			DisableScriptedObjects (5ms)
			BackupInstance (0ms)
			ReleaseScriptingObjects (0ms)
			CreateAndSetChildDomain (17ms)
		EndReloadAssembly (715ms)
			LoadAssemblies (70ms)
			RebuildTransferFunctionScriptingTraits (0ms)
			SetupTypeCache (187ms)
			ReleaseScriptCaches (0ms)
			RebuildScriptCaches (39ms)
			SetupLoadedEditorAssemblies (374ms)
				LogAssemblyErrors (0ms)
				InitializePlatformSupportModulesInManaged (23ms)
				SetLoadedEditorAssemblies (0ms)
				RefreshPlugins (62ms)
				BeforeProcessingInitializeOnLoad (68ms)
				ProcessInitializeOnLoadAttributes (203ms)
				ProcessInitializeOnLoadMethodAttributes (14ms)
				AfterProcessingInitializeOnLoad (5ms)
				EditorAssembliesLoaded (0ms)
			ExecutionOrderSort2 (0ms)
			AwakeInstancesAfterBackupRestoration (4ms)
Platform modules already initialized, skipping
========================================================================
Worker process is ready to serve import requests
Launched and connected shader compiler UnityShaderCompiler.exe after 0.04 seconds
Refreshing native plugins compatible for Editor in 0.57 ms, found 3 plugins.
Preloading 0 native plugins for Editor in 0.00 ms.
Unloading 3165 Unused Serialized files (Serialized files now loaded: 0)
Unloading 28 unused Assets / (0.8 MB). Loaded Objects now: 3652.
Memory consumption went from 131.6 MB to 130.8 MB.
Total: 2.659800 ms (FindLiveObjects: 0.223400 ms CreateObjectMapping: 0.115900 ms MarkObjects: 2.117100 ms  DeleteObjects: 0.202600 ms)

AssetImportParameters requested are different than current active one (requested -> active):
  custom:video-decoder-ogg-theora: a1e56fd34408186e4bbccfd4996cb3dc -> 
  custom:container-muxer-webm: aa71ff27fc2769a1b78a27578f13a17b -> 
  custom:container-demuxer-webm: 4f35f7cbe854078d1ac9338744f61a02 -> 
  custom:video-encoder-webm-vp8: eb34c28f22e8b96e1ab97ce403110664 -> 
  custom:video-codec-MediaFoundation-h265: 746d11721c4dcdbdad8f713fa42b33f4 -> 
  custom:audio-encoder-webm-vorbis: bf7c407c2cedff20999df2af8eb42d56 -> 
  custom:framework-win-MediaFoundation: 216162199b28c13a410421893ffa2e32 -> 
  custom:container-demuxer-ogg: 62fdf1f143b41e24485cea50d1cbac27 -> 
  custom:video-decoder-webm-vp8: 9c59270c3fd7afecdb556c50c9e8de78 -> 
  custom:audio-decoder-ogg-vorbis: bf7c407c2cedff20999df2af8eb42d56 -> 
========================================================================
Received Import Request.
  Time since last request: 353935.173035 seconds.
  path: Assets/Textures/SideIsland_10252.png
  artifactKey: Guid(f6b2f4aa47160294a8a294f1188a8c6d) Importer(815301076,1909f56bfc062723c751e8b465ee728b)
Start importing Assets/Textures/SideIsland_10252.png using Guid(f6b2f4aa47160294a8a294f1188a8c6d) Importer(815301076,1909f56bfc062723c751e8b465ee728b)  -> (artifact id: '499b7a1d5117cd0f53561f44d11fa28e') in 0.110357 seconds 
========================================================================
Received Import Request.
  Time since last request: 2.485174 seconds.
  path: Assets/Textures/SideIsland_10252.png
  artifactKey: Guid(f6b2f4aa47160294a8a294f1188a8c6d) Importer(815301076,1909f56bfc062723c751e8b465ee728b)
Start importing Assets/Textures/SideIsland_10252.png using Guid(f6b2f4aa47160294a8a294f1188a8c6d) Importer(815301076,1909f56bfc062723c751e8b465ee728b)  -> (artifact id: '9523f7d7ca896371abb79a06820721b7') in 0.007292 seconds 
========================================================================
Received Import Request.
  Time since last request: 2.963730 seconds.
  path: Assets/Prefabs/Island_low.prefab
  artifactKey: Guid(28a124ef12295b041b5b6a6c18227311) Importer(815301076,1909f56bfc062723c751e8b465ee728b)
Start importing Assets/Prefabs/Island_low.prefab using Guid(28a124ef12295b041b5b6a6c18227311) Importer(815301076,1909f56bfc062723c751e8b465ee728b)  -> (artifact id: '42becb3c4b9c4c27cd323758693a134b') in 0.037444 seconds 
========================================================================
Received Import Request.
  Time since last request: 1192.730523 seconds.
  path: Assets/Prefabs/WaterPlane.prefab
  artifactKey: Guid(7494f5eda9c86054aa6ed25829a99b2e) Importer(815301076,1909f56bfc062723c751e8b465ee728b)
Start importing Assets/Prefabs/WaterPlane.prefab using Guid(7494f5eda9c86054aa6ed25829a99b2e) Importer(815301076,1909f56bfc062723c751e8b465ee728b)  -> (artifact id: '9ad2af8f5fa3f4ed748e16cf280df827') in 0.009702 seconds 
========================================================================
Received Import Request.
  Time since last request: 132.632665 seconds.
  path: Assets/Prefabs/RopeAndWood.prefab
  artifactKey: Guid(8cc009425caa6af46917fa0b5621f1f2) Importer(815301076,1909f56bfc062723c751e8b465ee728b)
Start importing Assets/Prefabs/RopeAndWood.prefab using Guid(8cc009425caa6af46917fa0b5621f1f2) Importer(815301076,1909f56bfc062723c751e8b465ee728b)  -> (artifact id: 'f63c22493209bde6838febf7fb75e6d7') in 0.017220 seconds 
========================================================================
Received Import Request.
  Time since last request: 692.987592 seconds.
  path: Assets/Textures/Head.jpg
  artifactKey: Guid(5299bf25964cadd4b8b66e3f56b260b6) Importer(815301076,1909f56bfc062723c751e8b465ee728b)
Start importing Assets/Textures/Head.jpg using Guid(5299bf25964cadd4b8b66e3f56b260b6) Importer(815301076,1909f56bfc062723c751e8b465ee728b)  -> (artifact id: 'a53e328e63377b5c9beae4622564b260') in 0.019531 seconds 
========================================================================
Received Import Request.
  Time since last request: 0.005821 seconds.
  path: Assets/Textures/MVillage_WellsProps_Albedo.jpg
  artifactKey: Guid(114413909eb864148859af40ee272506) Importer(815301076,1909f56bfc062723c751e8b465ee728b)
Start importing Assets/Textures/MVillage_WellsProps_Albedo.jpg using Guid(114413909eb864148859af40ee272506) Importer(815301076,1909f56bfc062723c751e8b465ee728b)  -> (artifact id: '55b08e75ddec433d285ef57c44513b85') in 0.010886 seconds 
========================================================================
Received Import Request.
  Time since last request: 0.000026 seconds.
  path: Assets/Textures/TCom_Grass0119_1_seamless_S.jpg
  artifactKey: Guid(9a3bebb85148b1549bb476fae3bbf47b) Importer(815301076,1909f56bfc062723c751e8b465ee728b)
Start importing Assets/Textures/TCom_Grass0119_1_seamless_S.jpg using Guid(9a3bebb85148b1549bb476fae3bbf47b) Importer(815301076,1909f56bfc062723c751e8b465ee728b)  -> (artifact id: 'adacba2c5aec827e687018628bb61003') in 0.008702 seconds 
========================================================================
Received Import Request.
  Time since last request: 0.000027 seconds.
  path: Assets/Textures/SampleScene_Custom..._24.11.2023_18-32-53.jpg
  artifactKey: Guid(82f56737bbf7c4c498e2cc87ea01e76b) Importer(815301076,1909f56bfc062723c751e8b465ee728b)
Start importing Assets/Textures/SampleScene_Custom..._24.11.2023_18-32-53.jpg using Guid(82f56737bbf7c4c498e2cc87ea01e76b) Importer(815301076,1909f56bfc062723c751e8b465ee728b)  -> (artifact id: 'c65e6a5235662b399b245cc8e9570ddb') in 0.016849 seconds 
========================================================================
Received Import Request.
  Time since last request: 0.000031 seconds.
  path: Assets/Prefabs/Chest.prefab
  artifactKey: Guid(6139562a0e590314c9d3dbe8436d65a3) Importer(815301076,1909f56bfc062723c751e8b465ee728b)
Start importing Assets/Prefabs/Chest.prefab using Guid(6139562a0e590314c9d3dbe8436d65a3) Importer(815301076,1909f56bfc062723c751e8b465ee728b)  -> (artifact id: '0510f6ec1970a571dd35a04f1e02e54a') in 0.195459 seconds 
========================================================================
Received Import Request.
  Time since last request: 0.000018 seconds.
  path: Assets/Prefabs/Island_low.prefab
  artifactKey: Guid(28a124ef12295b041b5b6a6c18227311) Importer(815301076,1909f56bfc062723c751e8b465ee728b)
Start importing Assets/Prefabs/Island_low.prefab using Guid(28a124ef12295b041b5b6a6c18227311) Importer(815301076,1909f56bfc062723c751e8b465ee728b)  -> (artifact id: 'b36188bfb39ac2cf17ea157ac7a8c88e') in 0.058168 seconds 
========================================================================
Received Import Request.
  Time since last request: 0.000023 seconds.
  path: Assets/Prefabs/House_low.prefab
  artifactKey: Guid(bc5674da41931724c9f12e57974e55af) Importer(815301076,1909f56bfc062723c751e8b465ee728b)
Start importing Assets/Prefabs/House_low.prefab using Guid(bc5674da41931724c9f12e57974e55af) Importer(815301076,1909f56bfc062723c751e8b465ee728b)  -> (artifact id: '0eb12905eaa42f22f0a150899712871e') in 0.011294 seconds 
========================================================================
Received Import Request.
  Time since last request: 0.000027 seconds.
  path: Assets/Textures/SideIsland_1025.png
  artifactKey: Guid(d472ccd9c77235a43bde3ea6447b695e) Importer(815301076,1909f56bfc062723c751e8b465ee728b)
Start importing Assets/Textures/SideIsland_1025.png using Guid(d472ccd9c77235a43bde3ea6447b695e) Importer(815301076,1909f56bfc062723c751e8b465ee728b)  -> (artifact id: '1afe1566f302ef196685a8901561be7f') in 0.008882 seconds 
========================================================================
Received Import Request.
  Time since last request: 0.000014 seconds.
  path: Assets/Textures/SampleScene_Custom..._24.11.2023_18-32-532.jpg
  artifactKey: Guid(36e9e8ac0527f8642ab9fc5820ebdd34) Importer(815301076,1909f56bfc062723c751e8b465ee728b)
Start importing Assets/Textures/SampleScene_Custom..._24.11.2023_18-32-532.jpg using Guid(36e9e8ac0527f8642ab9fc5820ebdd34) Importer(815301076,1909f56bfc062723c751e8b465ee728b)  -> (artifact id: '06e48019e75572d54260830eb6c160dd') in 0.006292 seconds 
========================================================================
Received Import Request.
  Time since last request: 0.000016 seconds.
  path: Assets/Textures/Rocks_3_4_texture.tif
  artifactKey: Guid(1a59d57b738d4764d92a57a7a0f918a8) Importer(815301076,1909f56bfc062723c751e8b465ee728b)
Start importing Assets/Textures/Rocks_3_4_texture.tif using Guid(1a59d57b738d4764d92a57a7a0f918a8) Importer(815301076,1909f56bfc062723c751e8b465ee728b)  -> (artifact id: '8844db155e08c29103556f57095f71de') in 0.010116 seconds 
========================================================================
Received Import Request.
  Time since last request: 0.000015 seconds.
  path: Assets/Prefabs/Rock_3.prefab
  artifactKey: Guid(a917d7eaf8b747c42b9cd7df19bd46aa) Importer(815301076,1909f56bfc062723c751e8b465ee728b)
Start importing Assets/Prefabs/Rock_3.prefab using Guid(a917d7eaf8b747c42b9cd7df19bd46aa) Importer(815301076,1909f56bfc062723c751e8b465ee728b)  -> (artifact id: 'b8b52b89430e22b13b1d49da7861daee') in 0.008423 seconds 
========================================================================
Received Import Request.
  Time since last request: 0.000021 seconds.
  path: Assets/Textures/Head.tif
  artifactKey: Guid(d528774da97da1d42a4485dc1ff44ba3) Importer(815301076,1909f56bfc062723c751e8b465ee728b)
Start importing Assets/Textures/Head.tif using Guid(d528774da97da1d42a4485dc1ff44ba3) Importer(815301076,1909f56bfc062723c751e8b465ee728b)  -> (artifact id: 'f25ab0e67d2c30de9d2e9c349ca1d1da') in 0.005395 seconds 
Editor requested this worker to shutdown with reason: Scaling down because of idle timeout
AssetImportWorker is now disconnected from the server
Process exiting
Exiting without the bug reporter. Application will terminate with return code 0