Using pre-set license
Built from '2021.3/release' branch; Version is '2021.3.27f1 (ca3ffb99bcc6) revision 13254651'; Using compiler version '192829333'; Build Type 'Release'
OS: 'Windows 11  (10.0.22621) 64bit Professional' Language: 'ru' Physical Memory: 32694 MB
BatchMode: 1, IsHumanControllingUs: 0, StartBugReporterOnCrash: 0, Is64bit: 1, IsPro: 1

COMMAND LINE ARGUMENTS:
C:\Program Files\Unity\Hub\Editor\2021.3.27f1\Editor\Unity.exe
-adb2
-batchMode
-noUpm
-name
AssetImportWorker1
-projectPath
C:/Unity Projects/My project
-logFile
Logs/AssetImportWorker1.log
-srvPort
57747
Successfully changed project path to: C:/Unity Projects/My project
C:/Unity Projects/My project
[UnityMemory] Configuration Parameters - Can be set up in boot.config
    "memorysetup-bucket-allocator-granularity=16"
    "memorysetup-bucket-allocator-bucket-count=8"
    "memorysetup-bucket-allocator-block-size=33554432"
    "memorysetup-bucket-allocator-block-count=8"
    "memorysetup-main-allocator-block-size=16777216"
    "memorysetup-thread-allocator-block-size=16777216"
    "memorysetup-gfx-main-allocator-block-size=16777216"
    "memorysetup-gfx-thread-allocator-block-size=16777216"
    "memorysetup-cache-allocator-block-size=4194304"
    "memorysetup-typetree-allocator-block-size=2097152"
    "memorysetup-profiler-bucket-allocator-granularity=16"
    "memorysetup-profiler-bucket-allocator-bucket-count=8"
    "memorysetup-profiler-bucket-allocator-block-size=33554432"
    "memorysetup-profiler-bucket-allocator-block-count=8"
    "memorysetup-profiler-allocator-block-size=16777216"
    "memorysetup-profiler-editor-allocator-block-size=1048576"
    "memorysetup-temp-allocator-size-main=16777216"
    "memorysetup-job-temp-allocator-block-size=2097152"
    "memorysetup-job-temp-allocator-block-size-background=1048576"
    "memorysetup-job-temp-allocator-reduction-small-platforms=262144"
    "memorysetup-temp-allocator-size-background-worker=32768"
    "memorysetup-temp-allocator-size-job-worker=262144"
    "memorysetup-temp-allocator-size-preload-manager=33554432"
    "memorysetup-temp-allocator-size-nav-mesh-worker=65536"
    "memorysetup-temp-allocator-size-audio-worker=65536"
    "memorysetup-temp-allocator-size-cloud-worker=32768"
    "memorysetup-temp-allocator-size-gi-baking-worker=262144"
    "memorysetup-temp-allocator-size-gfx=262144"
Player connection [44340] Host "[IP] 192.168.10.92 [Port] 0 [Flags] 2 [Guid] 37133940 [EditorId] 37133940 [Version] 1048832 [Id] WindowsEditor(7,DESKTOP-1CJ2JDT) [Debug] 1 [PackageName] WindowsEditor [ProjectName] Editor" joined multi-casting on [225.0.0.222:54997]...

Player connection [44340] Host "[IP] 192.168.10.92 [Port] 0 [Flags] 2 [Guid] 37133940 [EditorId] 37133940 [Version] 1048832 [Id] WindowsEditor(7,DESKTOP-1CJ2JDT) [Debug] 1 [PackageName] WindowsEditor [ProjectName] Editor" joined alternative multi-casting on [225.0.0.222:34997]...

Refreshing native plugins compatible for Editor in 50.82 ms, found 3 plugins.
Preloading 0 native plugins for Editor in 0.00 ms.
Initialize engine version: 2021.3.27f1 (ca3ffb99bcc6)
[Subsystems] Discovering subsystems at path C:/Program Files/Unity/Hub/Editor/2021.3.27f1/Editor/Data/Resources/UnitySubsystems
[Subsystems] Discovering subsystems at path C:/Unity Projects/My project/Assets
GfxDevice: creating device client; threaded=0; jobified=0
Direct3D:
    Version:  Direct3D 11.0 [level 11.1]
    Renderer: NVIDIA GeForce RTX 3060 (ID=0x2504)
    Vendor:   NVIDIA
    VRAM:     12129 MB
    Driver:   31.0.15.3734
Initialize mono
Mono path[0] = 'C:/Program Files/Unity/Hub/Editor/2021.3.27f1/Editor/Data/Managed'
Mono path[1] = 'C:/Program Files/Unity/Hub/Editor/2021.3.27f1/Editor/Data/MonoBleedingEdge/lib/mono/unityjit-win32'
Mono config path = 'C:/Program Files/Unity/Hub/Editor/2021.3.27f1/Editor/Data/MonoBleedingEdge/etc'
Using monoOptions --debugger-agent=transport=dt_socket,embedding=1,server=y,suspend=n,address=127.0.0.1:56808
Begin MonoManager ReloadAssembly
Registering precompiled unity dll's ...
Register platform support module: C:/Program Files/Unity/Hub/Editor/2021.3.27f1/Editor/Data/PlaybackEngines/AndroidPlayer/UnityEditor.Android.Extensions.dll
Register platform support module: C:/Program Files/Unity/Hub/Editor/2021.3.27f1/Editor/Data/PlaybackEngines/iOSSupport/UnityEditor.iOS.Extensions.dll
Register platform support module: C:/Program Files/Unity/Hub/Editor/2021.3.27f1/Editor/Data/PlaybackEngines/WindowsStandaloneSupport/UnityEditor.WindowsStandalone.Extensions.dll
Registered in 0.004267 seconds.
Native extension for WindowsStandalone target not found
[usbmuxd] Start listen thread
[usbmuxd] Listen thread started
Native extension for iOS target not found
Native extension for Android target not found
Android Extension - Scanning For ADB Devices 236 ms
Refreshing native plugins compatible for Editor in 49.51 ms, found 3 plugins.
Preloading 0 native plugins for Editor in 0.00 ms.
Mono: successfully reloaded assembly
- Completed reload, in  0.734 seconds
Domain Reload Profiling:
	ReloadAssembly (734ms)
		BeginReloadAssembly (63ms)
			ExecutionOrderSort (0ms)
			DisableScriptedObjects (0ms)
			BackupInstance (0ms)
			ReleaseScriptingObjects (0ms)
			CreateAndSetChildDomain (1ms)
		EndReloadAssembly (603ms)
			LoadAssemblies (62ms)
			RebuildTransferFunctionScriptingTraits (0ms)
			SetupTypeCache (73ms)
			ReleaseScriptCaches (0ms)
			RebuildScriptCaches (21ms)
			SetupLoadedEditorAssemblies (470ms)
				LogAssemblyErrors (0ms)
				InitializePlatformSupportModulesInManaged (323ms)
				SetLoadedEditorAssemblies (0ms)
				RefreshPlugins (50ms)
				BeforeProcessingInitializeOnLoad (1ms)
				ProcessInitializeOnLoadAttributes (64ms)
				ProcessInitializeOnLoadMethodAttributes (32ms)
				AfterProcessingInitializeOnLoad (0ms)
				EditorAssembliesLoaded (0ms)
			ExecutionOrderSort2 (0ms)
			AwakeInstancesAfterBackupRestoration (0ms)
Platform modules already initialized, skipping
Registering precompiled user dll's ...
Registered in 0.003369 seconds.
Begin MonoManager ReloadAssembly
Symbol file LoadedFromMemory doesn't match image C:\Unity Projects\My project\Library\PackageCache\com.unity.visualscripting@1.8.0\Editor\VisualScripting.Core\Dependencies\YamlDotNet\Unity.VisualScripting.YamlDotNet.dll
Symbol file LoadedFromMemory doesn't match image C:\Unity Projects\My project\Library\PackageCache\com.unity.visualscripting@1.8.0\Editor\VisualScripting.Core\Dependencies\DotNetZip\Unity.VisualScripting.IonicZip.dll
Native extension for WindowsStandalone target not found
Native extension for iOS target not found
Native extension for Android target not found
Refreshing native plugins compatible for Editor in 0.60 ms, found 3 plugins.
Preloading 0 native plugins for Editor in 0.00 ms.
Mono: successfully reloaded assembly
- Completed reload, in  0.768 seconds
Domain Reload Profiling:
	ReloadAssembly (769ms)
		BeginReloadAssembly (105ms)
			ExecutionOrderSort (0ms)
			DisableScriptedObjects (5ms)
			BackupInstance (0ms)
			ReleaseScriptingObjects (0ms)
			CreateAndSetChildDomain (17ms)
		EndReloadAssembly (572ms)
			LoadAssemblies (84ms)
			RebuildTransferFunctionScriptingTraits (0ms)
			SetupTypeCache (180ms)
			ReleaseScriptCaches (1ms)
			RebuildScriptCaches (37ms)
			SetupLoadedEditorAssemblies (252ms)
				LogAssemblyErrors (0ms)
				InitializePlatformSupportModulesInManaged (21ms)
				SetLoadedEditorAssemblies (0ms)
				RefreshPlugins (1ms)
				BeforeProcessingInitializeOnLoad (55ms)
				ProcessInitializeOnLoadAttributes (154ms)
				ProcessInitializeOnLoadMethodAttributes (16ms)
				AfterProcessingInitializeOnLoad (5ms)
				EditorAssembliesLoaded (0ms)
			ExecutionOrderSort2 (0ms)
			AwakeInstancesAfterBackupRestoration (4ms)
Platform modules already initialized, skipping
========================================================================
Worker process is ready to serve import requests
Launched and connected shader compiler UnityShaderCompiler.exe after 0.04 seconds
Refreshing native plugins compatible for Editor in 0.88 ms, found 3 plugins.
Preloading 0 native plugins for Editor in 0.00 ms.
Unloading 3053 Unused Serialized files (Serialized files now loaded: 0)
Unloading 22 unused Assets / (47.2 KB). Loaded Objects now: 3521.
Memory consumption went from 113.6 MB to 113.5 MB.
Total: 2.539200 ms (FindLiveObjects: 0.236400 ms CreateObjectMapping: 0.075300 ms MarkObjects: 2.157300 ms  DeleteObjects: 0.069100 ms)

AssetImportParameters requested are different than current active one (requested -> active):
  custom:video-decoder-ogg-theora: a1e56fd34408186e4bbccfd4996cb3dc -> 
  custom:container-muxer-webm: aa71ff27fc2769a1b78a27578f13a17b -> 
  custom:container-demuxer-webm: 4f35f7cbe854078d1ac9338744f61a02 -> 
  custom:video-encoder-webm-vp8: eb34c28f22e8b96e1ab97ce403110664 -> 
  custom:video-codec-MediaFoundation-h265: 746d11721c4dcdbdad8f713fa42b33f4 -> 
  custom:audio-encoder-webm-vorbis: bf7c407c2cedff20999df2af8eb42d56 -> 
  custom:framework-win-MediaFoundation: 216162199b28c13a410421893ffa2e32 -> 
  custom:container-demuxer-ogg: 62fdf1f143b41e24485cea50d1cbac27 -> 
  custom:video-decoder-webm-vp8: 9c59270c3fd7afecdb556c50c9e8de78 -> 
  custom:audio-decoder-ogg-vorbis: bf7c407c2cedff20999df2af8eb42d56 -> 
========================================================================
Received Import Request.
  Time since last request: 72992.012390 seconds.
  path: Assets/Textures/tkrmbckr_2K_Albedo.tif
  artifactKey: Guid(bfbdd2fe3d1abbc4f997ccee847ffbd5) Importer(815301076,1909f56bfc062723c751e8b465ee728b)
Start importing Assets/Textures/tkrmbckr_2K_Albedo.tif using Guid(bfbdd2fe3d1abbc4f997ccee847ffbd5) Importer(815301076,1909f56bfc062723c751e8b465ee728b)  -> (artifact id: 'ef3d5cadf7f10dc512b44e0f9a4673a8') in 0.064125 seconds 
========================================================================
Received Import Request.
  Time since last request: 3372.940329 seconds.
  path: Assets/Textures/TCom_Grass0119_1_seamless_S.jpg
  artifactKey: Guid(673bdc9e55ccc504391e89f120bdc736) Importer(815301076,1909f56bfc062723c751e8b465ee728b)
Start importing Assets/Textures/TCom_Grass0119_1_seamless_S.jpg using Guid(673bdc9e55ccc504391e89f120bdc736) Importer(815301076,1909f56bfc062723c751e8b465ee728b)  -> (artifact id: '1895df98903d5c0275b2e0b705f78c34') in 0.074597 seconds 
========================================================================
Received Import Request.
  Time since last request: 176.060043 seconds.
  path: Assets/Textures/TCom_Grass0119_1_seamless_S.jpg
  artifactKey: Guid(673bdc9e55ccc504391e89f120bdc736) Importer(815301076,1909f56bfc062723c751e8b465ee728b)
Start importing Assets/Textures/TCom_Grass0119_1_seamless_S.jpg using Guid(673bdc9e55ccc504391e89f120bdc736) Importer(815301076,1909f56bfc062723c751e8b465ee728b)  -> (artifact id: '27d279d1c7e243f8d8c7494a152f0c62') in 0.008407 seconds 
========================================================================
Received Import Request.
  Time since last request: 0.000015 seconds.
  path: Assets/Textures/TCom_Groundplants0049_1_seamless_S.jpg
  artifactKey: Guid(ca5511f7e89f70146b1959addd0a9970) Importer(815301076,1909f56bfc062723c751e8b465ee728b)
Start importing Assets/Textures/TCom_Groundplants0049_1_seamless_S.jpg using Guid(ca5511f7e89f70146b1959addd0a9970) Importer(815301076,1909f56bfc062723c751e8b465ee728b)  -> (artifact id: 'aab99b58912e4aaee5611f7e2a346f99') in 0.007716 seconds 
========================================================================
Received Import Request.
  Time since last request: 4.801990 seconds.
  path: Assets/Textures/TCom_Grass0119_1_seamless_S.jpg
  artifactKey: Guid(673bdc9e55ccc504391e89f120bdc736) Importer(815301076,1909f56bfc062723c751e8b465ee728b)
Start importing Assets/Textures/TCom_Grass0119_1_seamless_S.jpg using Guid(673bdc9e55ccc504391e89f120bdc736) Importer(815301076,1909f56bfc062723c751e8b465ee728b)  -> (artifact id: 'd4e719150d480def7b7be81db63ef1d6') in 0.007665 seconds 
========================================================================
Received Import Request.
  Time since last request: 0.000014 seconds.
  path: Assets/Textures/TCom_Grass0130_1_seamless_S.jpg
  artifactKey: Guid(2bce7b84504ebe540bdb975269081e73) Importer(815301076,1909f56bfc062723c751e8b465ee728b)
Start importing Assets/Textures/TCom_Grass0130_1_seamless_S.jpg using Guid(2bce7b84504ebe540bdb975269081e73) Importer(815301076,1909f56bfc062723c751e8b465ee728b)  -> (artifact id: '5c4f7c9cc2d78103a315da31e2f7bb78') in 0.007725 seconds 
========================================================================
Received Import Request.
  Time since last request: 87257.523467 seconds.
  path: Assets/A_piece_of_nature/Textures/Pine_tree_specular.tif
  artifactKey: Guid(53d342d54f861b44abe2ea87d3a4db09) Importer(815301076,1909f56bfc062723c751e8b465ee728b)
Start importing Assets/A_piece_of_nature/Textures/Pine_tree_specular.tif using Guid(53d342d54f861b44abe2ea87d3a4db09) Importer(815301076,1909f56bfc062723c751e8b465ee728b)  -> (artifact id: '82a1dab172191e0115e2542bd455f7b1') in 0.742768 seconds 
========================================================================
Received Prepare
Registering precompiled user dll's ...
Registered in 0.003389 seconds.
Begin MonoManager ReloadAssembly
Symbol file LoadedFromMemory doesn't match image C:\Unity Projects\My project\Library\PackageCache\com.unity.visualscripting@1.8.0\Editor\VisualScripting.Core\Dependencies\YamlDotNet\Unity.VisualScripting.YamlDotNet.dll
Symbol file LoadedFromMemory doesn't match image C:\Unity Projects\My project\Library\PackageCache\com.unity.visualscripting@1.8.0\Editor\VisualScripting.Core\Dependencies\DotNetZip\Unity.VisualScripting.IonicZip.dll
Native extension for WindowsStandalone target not found
Native extension for iOS target not found
Native extension for Android target not found
Refreshing native plugins compatible for Editor in 49.11 ms, found 3 plugins.
Preloading 0 native plugins for Editor in 0.00 ms.
Mono: successfully reloaded assembly
- Completed reload, in  4.375 seconds
Domain Reload Profiling:
	ReloadAssembly (4376ms)
		BeginReloadAssembly (3545ms)
			ExecutionOrderSort (0ms)
			DisableScriptedObjects (216ms)
			BackupInstance (0ms)
			ReleaseScriptingObjects (0ms)
			CreateAndSetChildDomain (1315ms)
		EndReloadAssembly (766ms)
			LoadAssemblies (531ms)
			RebuildTransferFunctionScriptingTraits (0ms)
			SetupTypeCache (253ms)
			ReleaseScriptCaches (1ms)
			RebuildScriptCaches (29ms)
			SetupLoadedEditorAssemblies (338ms)
				LogAssemblyErrors (0ms)
				InitializePlatformSupportModulesInManaged (52ms)
				SetLoadedEditorAssemblies (0ms)
				RefreshPlugins (49ms)
				BeforeProcessingInitializeOnLoad (43ms)
				ProcessInitializeOnLoadAttributes (175ms)
				ProcessInitializeOnLoadMethodAttributes (14ms)
				AfterProcessingInitializeOnLoad (5ms)
				EditorAssembliesLoaded (0ms)
			ExecutionOrderSort2 (0ms)
			AwakeInstancesAfterBackupRestoration (4ms)
Platform modules already initialized, skipping
Refreshing native plugins compatible for Editor in 2.17 ms, found 3 plugins.
Preloading 0 native plugins for Editor in 0.00 ms.
Unloading 3155 Unused Serialized files (Serialized files now loaded: 0)
Unloading 42 unused Assets / (2.2 MB). Loaded Objects now: 3611.
Memory consumption went from 121.4 MB to 119.2 MB.
Total: 3.759300 ms (FindLiveObjects: 0.234400 ms CreateObjectMapping: 0.063500 ms MarkObjects: 2.746300 ms  DeleteObjects: 0.713900 ms)

AssetImportParameters requested are different than current active one (requested -> active):
  custom:video-decoder-ogg-theora: a1e56fd34408186e4bbccfd4996cb3dc -> 
  custom:container-muxer-webm: aa71ff27fc2769a1b78a27578f13a17b -> 
  custom:container-demuxer-webm: 4f35f7cbe854078d1ac9338744f61a02 -> 
  custom:video-encoder-webm-vp8: eb34c28f22e8b96e1ab97ce403110664 -> 
  custom:video-codec-MediaFoundation-h265: 746d11721c4dcdbdad8f713fa42b33f4 -> 
  custom:audio-encoder-webm-vorbis: bf7c407c2cedff20999df2af8eb42d56 -> 
  custom:framework-win-MediaFoundation: 216162199b28c13a410421893ffa2e32 -> 
  custom:container-demuxer-ogg: 62fdf1f143b41e24485cea50d1cbac27 -> 
  custom:video-decoder-webm-vp8: 9c59270c3fd7afecdb556c50c9e8de78 -> 
  custom:audio-decoder-ogg-vorbis: bf7c407c2cedff20999df2af8eb42d56 -> 
========================================================================
Received Import Request.
  Time since last request: 2011.962004 seconds.
  path: Assets/KriptoFX/WaterSystem/WaterResources/Resources/SavedData
  artifactKey: Guid(d2160a1daead4ba49a6107998c77e7d9) Importer(815301076,1909f56bfc062723c751e8b465ee728b)
Start importing Assets/KriptoFX/WaterSystem/WaterResources/Resources/SavedData using Guid(d2160a1daead4ba49a6107998c77e7d9) Importer(815301076,1909f56bfc062723c751e8b465ee728b)  -> (artifact id: '916b69ecff682593c4c29b8ca4cc18c1') in 0.010274 seconds 
========================================================================
Received Import Request.
  Time since last request: 0.000024 seconds.
  path: Assets/KriptoFX/WaterSystem/WaterResources
  artifactKey: Guid(3c831e3309907434da834f585438e57a) Importer(815301076,1909f56bfc062723c751e8b465ee728b)
Start importing Assets/KriptoFX/WaterSystem/WaterResources using Guid(3c831e3309907434da834f585438e57a) Importer(815301076,1909f56bfc062723c751e8b465ee728b)  -> (artifact id: '9cf101e2ee3d6dba145a002a97897755') in 0.001757 seconds 
========================================================================
Received Import Request.
  Time since last request: 0.000019 seconds.
  path: Assets/KriptoFX/WaterSystem/WaterResources/Resources/Textures
  artifactKey: Guid(2226071091390b04e98f3c4e2d705dfb) Importer(815301076,1909f56bfc062723c751e8b465ee728b)
Start importing Assets/KriptoFX/WaterSystem/WaterResources/Resources/Textures using Guid(2226071091390b04e98f3c4e2d705dfb) Importer(815301076,1909f56bfc062723c751e8b465ee728b)  -> (artifact id: 'd0372494bcea3f89f9726ae0820ebd73') in 0.001534 seconds 
========================================================================
Received Import Request.
  Time since last request: 0.000017 seconds.
  path: Assets/KriptoFX/WaterSystem/WaterResources/Resources
  artifactKey: Guid(01e802e9fbdd30d4cb88afe1a3188a4c) Importer(815301076,1909f56bfc062723c751e8b465ee728b)
Start importing Assets/KriptoFX/WaterSystem/WaterResources/Resources using Guid(01e802e9fbdd30d4cb88afe1a3188a4c) Importer(815301076,1909f56bfc062723c751e8b465ee728b)  -> (artifact id: '9825f29a5681448e8fe35474a813ae9e') in 0.001503 seconds 
========================================================================
Received Import Request.
  Time since last request: 0.000020 seconds.
  path: Assets/KriptoFX/WaterSystem/WaterResources/Resources/ComputeBuffers/ComputeFoamDataOffset0.kwsComputeBuffer
  artifactKey: Guid(67f7d70a80bab19478934c54ec1f553a) Importer(815301076,1909f56bfc062723c751e8b465ee728b)
Start importing Assets/KriptoFX/WaterSystem/WaterResources/Resources/ComputeBuffers/ComputeFoamDataOffset0.kwsComputeBuffer using Guid(67f7d70a80bab19478934c54ec1f553a) Importer(815301076,1909f56bfc062723c751e8b465ee728b)  -> (artifact id: '3652c1cde8da743bb43e3c0e7b8eea90') in 0.109464 seconds 
========================================================================
Received Import Request.
  Time since last request: 9.051872 seconds.
  path: Assets/KriptoFX/WaterSystem/WaterResources/Shaders/Resources/PlatformSpecific/KWS_PlatformSpecificHelpers.cginc
  artifactKey: Guid(081a781796cf7df488b3a75d86f19552) Importer(815301076,1909f56bfc062723c751e8b465ee728b)
Start importing Assets/KriptoFX/WaterSystem/WaterResources/Shaders/Resources/PlatformSpecific/KWS_PlatformSpecificHelpers.cginc using Guid(081a781796cf7df488b3a75d86f19552) Importer(815301076,1909f56bfc062723c751e8b465ee728b)  -> (artifact id: 'addbf051825a728e61bab7ad01bf6a91') in 0.003194 seconds 
========================================================================
Received Import Request.
  Time since last request: 0.000014 seconds.
  path: Assets/KriptoFX/WaterSystem/WaterResources/Shaders/Resources/PlatformSpecific/KWS_ShorelineFoamParticlesCompute.compute
  artifactKey: Guid(bff2a6fe570907c47ab521b09e9b8f85) Importer(815301076,1909f56bfc062723c751e8b465ee728b)
Start importing Assets/KriptoFX/WaterSystem/WaterResources/Shaders/Resources/PlatformSpecific/KWS_ShorelineFoamParticlesCompute.compute using Guid(bff2a6fe570907c47ab521b09e9b8f85) Importer(815301076,1909f56bfc062723c751e8b465ee728b)  -> (artifact id: '920ca0c51fc474f243e704aec3456bf7') in 0.004648 seconds 
========================================================================
Received Import Request.
  Time since last request: 7.748697 seconds.
  path: Assets/KriptoFX/WaterSystem/WaterResources/Shaders/Resources/Common/KWS_Tessellation.cginc
  artifactKey: Guid(18049e55aff734c429a81a14e1d19cd7) Importer(815301076,1909f56bfc062723c751e8b465ee728b)
Start importing Assets/KriptoFX/WaterSystem/WaterResources/Shaders/Resources/Common/KWS_Tessellation.cginc using Guid(18049e55aff734c429a81a14e1d19cd7) Importer(815301076,1909f56bfc062723c751e8b465ee728b)  -> (artifact id: '97d0441465a001a6ceadb7bf72dc72ef') in 0.001610 seconds 
========================================================================
Received Import Request.
  Time since last request: 0.000012 seconds.
  path: Assets/KriptoFX/WaterSystem/WaterResources/Shaders/Resources/Common/KWS_WaterHelpers.cginc
  artifactKey: Guid(63a8f57fcfc214d4b9c3c7cd8358b749) Importer(815301076,1909f56bfc062723c751e8b465ee728b)
Start importing Assets/KriptoFX/WaterSystem/WaterResources/Shaders/Resources/Common/KWS_WaterHelpers.cginc using Guid(63a8f57fcfc214d4b9c3c7cd8358b749) Importer(815301076,1909f56bfc062723c751e8b465ee728b)  -> (artifact id: 'abba013dce71eeaa4f0e48e388932ba1') in 0.001740 seconds 
Editor requested this worker to shutdown with reason: Scaling down because of idle timeout
AssetImportWorker is now disconnected from the server
Process exiting
Exiting without the bug reporter. Application will terminate with return code 0